
G:\perforce\pcgeos\Tools\build\product\Ark\Scripts>perl g:\perforce\pcgeos\tools\build\product\Ark\scripts\buildArk.pl  

g:\perforce\pcgeos\Tools\build\product\Ark>perl g:\perforce\pcgeos\Tools\build\build\build.pl hwark.build "sourceDirs=g:/perforce/pcgeos/Ark/Installed g:/perforce/pcgeos/Installed g:/perforce/pcgeos" "promptOnDeleteDestTree=false" "ec=false" "language=n" "shipFiles=true" "vm=false" "desttree=z:/arkhw"  

Reading variables from
        g:/perforce/pcgeos/Tools/build/product/Common/default.build.

Reading variables from
        hwark.build.

Setting variables from the command line.

Building destination path.

____________________ Assigned variables ____________________

bios = <false>
biosimageoffset = 0x0
color16 = <false>
color256 = <false>
dbcs = <false>
debugflags = vars,images
defaultdesttreetop = <false>
defaulttestdesttreetop = <false>
deletedesttree = <true>
desttree = z:/arkhw
dosdestpath = z:\arkhw
ec = <false>
excludefiles = <false>
extraimage = <false>
extraimagename = <false>
extraimageoffset = <false>
filetree = ark.filetree
finalimagename = final.img
floppy = <false>
gfs = <false>
gfsalignsize = <false>
gfscompress = <false>
gfscompressedalignments = <false>
gfscompressedblocksize = <false>
gfsdescription = <false>
gfsimageoffset = <false>
gfsmaximagesize = <false>
gfsromaddress = <false>
gfsusedatachecksum = <false>
gfsvolumename = <false>
gray4 = <false>
hardware = PC
heapaddress = 0xA0000
includefiles = <false>
jmp = <false>
jmpimageoffset = <false>
langgfs = <false>
langgfsdescription = <false>
langgfsimageoffset = <false>
language = n
launchresedit = no
localpc = <true>
makefloppyimages = <false>
makeimages = <true>
mediahierarchy = LOCALPC
mergeimages = <true>
mono = <false>
nt = <false>
patchmergedimage = <false>
productlongname = Global PC
productshortname = Ark
promptondeletedesttree = <false>
prototype = <true>
ramdisk = <false>
reportabbreviatedpaths = <true>
reseditpath = <false>
retries = <false>
romdisk = <false>
romdiskfillbyte = <false>
romdiskimageoffset = <false>
romdiskrecurseintosubdirs = <true>
romdisksectorsize = <false>
romdiskvolumename = <false>
romdos = <false>
romdosimageoffset = 0x0
sdk = <false>
sendtemplateonly = <false>
server = <true>
shipfiles = <true>
sourcedirs = g:/perforce/pcgeos/Ark/Installed g:/perforce/pcgeos/Installed g:/perforce/pcgeos
test = <false>
timestampgeodedate = <false>
timestampgeodeinorder = <false>
vm = <false>
xip = <false>
xipcompressed = <false>
xipdebugflags = <false>
xipemswingranularity = <false>
xipgrouping = <false>
xiphandles = <false>
xipimageoffset = <false>
xipmakeextrafixedresourceswritable = <false>
xipmappingwinaddress = <false>
xipmappingwinsize = <false>
xipmaximagesize = <false>
xipnonfixed2imageoffset = <false>
xipnonfixed2romaddress = <false>
xipnonfixed2size = <false>
xipnonfixedimageoffset = <false>
xipnonfixedromaddress = <false>
xipnonfixedsize = <false>
xipoutputhandleinfo = <true>
xipprofile = <false>
xipresourcegrouping = normal
xipromaddress = <false>
xipromwindowaddress = <false>
xipromwindowsize = <false>
xipvademformat = <false>
xipvademromsize = <false>
__________________ End assigned variables __________________

Removing z:/arkhw.

Sending file tree ark.filetree.
Sending to z:/arkhw

 Making directory z:/arkhw/localpc

Parsing g:/perforce/pcgeos/Tools/build/product/Ark/Template/config.sys
        to z:/arkhw/localpc/config.sys

Parsing g:/perforce/pcgeos/Tools/build/product/Ark/Template/autoexec.bat
        to z:/arkhw/localpc/autoexec.bat

 Making directory z:/arkhw/localpc/globalpc

Parsing g:/perforce/pcgeos/Tools/build/product/Ark/Template/geos.ini
        to z:/arkhw/localpc/globalpc/geos.ini

Parsing g:/perforce/pcgeos/Tools/build/product/Ark/Template/s.bat
        to z:/arkhw/localpc/globalpc/s.bat

Parsing g:/perforce/pcgeos/Tools/build/product/Ark/Template/ss.bat
        to z:/arkhw/localpc/globalpc/ss.bat

Parsing g:/perforce/pcgeos/Tools/build/product/Ark/Template/go.bat
        to z:/arkhw/localpc/globalpc/go.bat

Copying g:/perforce/pcgeos/<i>/Loader/Text/loader.exe
     to z:/arkhw/localpc/globalpc/

Copying g:/perforce/pcgeos/bin/stub32m.exe
     to z:/arkhw/localpc/globalpc/

Copying g:/perforce/pcgeos/Loader/geos.str
     to z:/arkhw/localpc/globalpc/

Parsing g:/perforce/pcgeos/Tools/build/product/Ark/Template/globalpc.bat
        to z:/arkhw/localpc/globalpc/globalpc.bat

Copying g:/perforce/pcgeos/Tools/bsscreen/bsplash/bspl_noInsyde.com
     to z:/arkhw/localpc/globalpc/

Copying g:/perforce/pcgeos/DOSAppl/splash/splash.exe
     to z:/arkhw/localpc/globalpc/

Copying g:/perforce/pcgeos/Tools/build/product/Ark/Images/mainPowerSwitch.pcx
     to z:/arkhw/localpc/globalpc/

Copying g:/perforce/pcgeos/DOSAppl/HaltGPC/haltgpc.com
     to z:/arkhw/localpc/globalpc/

 Making directory z:/arkhw/localpc/globalpc/document

Copying g:/perforce/pcgeos/Tools/build/product/Ark/Document/My_sched.000
     to z:/arkhw/localpc/globalpc/document/

Copying g:/perforce/pcgeos/Tools/build/product/Ark/Document/Wine_lis.000
     to z:/arkhw/localpc/globalpc/document/

Copying g:/perforce/pcgeos/Tools/build/product/Ark/Document/Movie_co.000
     to z:/arkhw/localpc/globalpc/document/

Copying g:/perforce/pcgeos/Tools/build/product/Ark/Document/my_cds.000
     to z:/arkhw/localpc/globalpc/document/

Copying g:/perforce/pcgeos/Tools/build/product/Ark/Document/banker_s.000
     to z:/arkhw/localpc/globalpc/document/

Copying g:/perforce/pcgeos/Tools/build/product/Ark/Document/My_addre.000
     to z:/arkhw/localpc/globalpc/document/

Copying g:/perforce/pcgeos/Tools/build/product/Ark/Document/Informat.000
     to z:/arkhw/localpc/globalpc/document/

Copying g:/perforce/pcgeos/Tools/build/product/Ark/Document/home_inv.000
     to z:/arkhw/localpc/globalpc/document/

 Making directory z:/arkhw/localpc/globalpc/document/archive

 Making z:/arkhw/localpc/globalpc/document/archive/@dirname.000
     as Archive

 Making directory z:/arkhw/localpc/globalpc/document/clip_art

 Making z:/arkhw/localpc/globalpc/document/clip_art/@dirname.000
     as Clip Art

Copying g:/perforce/pcgeos/Tools/build/product/Ark/Document/Clipart/CASample.000
     to z:/arkhw/localpc/globalpc/document/clip_art/

Copying g:/perforce/pcgeos/Tools/build/product/Ark/Document/Clipart/Palisade.000
     to z:/arkhw/localpc/globalpc/document/clip_art/

 Making directory z:/arkhw/localpc/globalpc/privdata

Copying g:/perforce/pcgeos/Tools/build/product/Ark/privdata/pctrl_vm.000
     to z:/arkhw/localpc/globalpc/privdata/

Copying g:/perforce/pcgeos/Tools/build/product/Ark/privdata/webfavor.000
     to z:/arkhw/localpc/globalpc/privdata/

 Making directory z:/arkhw/localpc/globalpc/privdata/mail

 Making z:/arkhw/localpc/globalpc/privdata/mail/@dirname.000
     as Mail

Copying g:/perforce/pcgeos/Tools/build/product/Ark/Privdata/SDMAIL.TMP
     to z:/arkhw/localpc/globalpc/privdata/mail/

 Making directory z:/arkhw/localpc/globalpc/privdata/mail/mail

 Making z:/arkhw/localpc/globalpc/privdata/mail/mail/@dirname.000
     as Mail

 Making directory z:/arkhw/localpc/globalpc/privdata/mail/mail/drafts

 Making z:/arkhw/localpc/globalpc/privdata/mail/mail/drafts/@dirname.000
     as Drafts

 Making directory z:/arkhw/localpc/globalpc/privdata/mail/mail/inbox

 Making z:/arkhw/localpc/globalpc/privdata/mail/mail/inbox/@dirname.000
     as Inbox

 Making directory z:/arkhw/localpc/globalpc/privdata/mail/mail/inbox/attach

 Making z:/arkhw/localpc/globalpc/privdata/mail/mail/inbox/attach/@dirname.000
     as Attach

 Making directory z:/arkhw/localpc/globalpc/privdata/mail/mail/outbox

 Making z:/arkhw/localpc/globalpc/privdata/mail/mail/outbox/@dirname.000
     as Outbox

 Making directory z:/arkhw/localpc/globalpc/privdata/mail/mail/outbox/attach

 Making z:/arkhw/localpc/globalpc/privdata/mail/mail/outbox/attach/@dirname.000
     as Attach

 Making directory z:/arkhw/localpc/globalpc/privdata/mail/mail/sent

 Making z:/arkhw/localpc/globalpc/privdata/mail/mail/sent/@dirname.000
     as Sent

 Making directory z:/arkhw/localpc/globalpc/privdata/mail/mail/trash

 Making z:/arkhw/localpc/globalpc/privdata/mail/mail/trash/@dirname.000
     as Trash

 Making directory z:/arkhw/localpc/globalpc/privdata/cache

 Making directory z:/arkhw/localpc/globalpc/privdata/cache/0

 Making directory z:/arkhw/localpc/globalpc/privdata/cache/1

 Making directory z:/arkhw/localpc/globalpc/privdata/cache/2

 Making directory z:/arkhw/localpc/globalpc/privdata/cache/3

 Making directory z:/arkhw/localpc/globalpc/privdata/cache/4

 Making directory z:/arkhw/localpc/globalpc/privdata/cache/alt0

 Making directory z:/arkhw/localpc/globalpc/privdata/cache/alt1

 Making directory z:/arkhw/localpc/globalpc/privdata/cache/alt2

 Making directory z:/arkhw/localpc/globalpc/privdata/cache/alt3

 Making directory z:/arkhw/localpc/globalpc/privdata/cache/alt4

 Making directory z:/arkhw/localpc/globalpc/privdata/spool

 Making directory z:/arkhw/localpc/globalpc/privdata/state

 Making directory z:/arkhw/localpc/globalpc/privdata/waste

 Making directory z:/arkhw/localpc/globalpc/system

 Making directory z:/arkhw/localpc/globalpc/system/sysappl

 Making directory z:/arkhw/localpc/globalpc/userdata

 Making directory z:/arkhw/localpc/globalpc/userdata/word_mat.000

 Making z:/arkhw/localpc/globalpc/userdata/word_mat.000/@dirname.000
     as Word Matcher

Copying g:/perforce/pcgeos/<i>/Appl/BreadBox/Wordmat/Data/WM_WORDS.000
     to z:/arkhw/localpc/globalpc/userdata/word_mat.000/

 Making directory z:/arkhw/localpc/globalpc/userdata/backgrnd

 Making directory z:/arkhw/localpc/globalpc/userdata/backgrnd/gpc

Copying g:/perforce/pcgeos/Tools/build/product/Ark/Userdata/backgrnd/640x480_.000
     to z:/arkhw/localpc/globalpc/userdata/backgrnd/gpc/

Copying g:/perforce/pcgeos/Tools/build/product/Ark/Userdata/backgrnd/640x440_.000
     to z:/arkhw/localpc/globalpc/userdata/backgrnd/gpc/

Copying g:/perforce/pcgeos/Tools/build/product/Ark/Userdata/backgrnd/800x600_.000
     to z:/arkhw/localpc/globalpc/userdata/backgrnd/gpc/

Copying g:/perforce/pcgeos/Tools/build/product/Ark/Userdata/backgrnd/bricks.000
     to z:/arkhw/localpc/globalpc/userdata/backgrnd/

Copying g:/perforce/pcgeos/Tools/build/product/Ark/Userdata/backgrnd/chocolat.000
     to z:/arkhw/localpc/globalpc/userdata/backgrnd/

Copying g:/perforce/pcgeos/Tools/build/product/Ark/Userdata/backgrnd/cubes.000
     to z:/arkhw/localpc/globalpc/userdata/backgrnd/

Copying g:/perforce/pcgeos/Tools/build/product/Ark/Userdata/backgrnd/full_moo.000
     to z:/arkhw/localpc/globalpc/userdata/backgrnd/

Copying g:/perforce/pcgeos/Tools/build/product/Ark/Userdata/backgrnd/pebbles.000
     to z:/arkhw/localpc/globalpc/userdata/backgrnd/

Copying g:/perforce/pcgeos/Tools/build/product/Ark/Userdata/backgrnd/pipes.000
     to z:/arkhw/localpc/globalpc/userdata/backgrnd/

Copying g:/perforce/pcgeos/Tools/build/product/Ark/Userdata/backgrnd/roof_til.000
     to z:/arkhw/localpc/globalpc/userdata/backgrnd/

Copying g:/perforce/pcgeos/Tools/build/product/Ark/Userdata/backgrnd/small_cu.000
     to z:/arkhw/localpc/globalpc/userdata/backgrnd/

Copying g:/perforce/pcgeos/Tools/build/product/Ark/Userdata/backgrnd/vines.000
     to z:/arkhw/localpc/globalpc/userdata/backgrnd/

Copying g:/perforce/pcgeos/Tools/build/product/Ark/Userdata/backgrnd/weave.000
     to z:/arkhw/localpc/globalpc/userdata/backgrnd/

 Making directory z:/arkhw/localpc/globalpc/userdata/crosswor.000

 Making z:/arkhw/localpc/globalpc/userdata/crosswor.000/@dirname.000
     as Crossword Puzzles

Copying g:/perforce/pcgeos/Tools/build/product/Ark/Document/Crossword/science_.000
     to z:/arkhw/localpc/globalpc/userdata/crosswor.000/

Copying g:/perforce/pcgeos/Tools/build/product/Ark/Document/Crossword/geograph.000
     to z:/arkhw/localpc/globalpc/userdata/crosswor.000/

Copying g:/perforce/pcgeos/Tools/build/product/Ark/Document/Crossword/history_.000
     to z:/arkhw/localpc/globalpc/userdata/crosswor.000/

Copying g:/perforce/pcgeos/Tools/build/product/Ark/Document/Crossword/people__.000
     to z:/arkhw/localpc/globalpc/userdata/crosswor.000/

Copying g:/perforce/pcgeos/Tools/build/product/Ark/Document/Crossword/events__.000
     to z:/arkhw/localpc/globalpc/userdata/crosswor.000/

 Making directory z:/arkhw/localpc/globalpc/userdata/dicts

 Making directory z:/arkhw/localpc/globalpc/userdata/font

 Making directory z:/arkhw/localpc/globalpc/userdata/help

 Making directory z:/arkhw/localpc/globalpc/desktop

 Making z:/arkhw/localpc/globalpc/desktop/@dirname.000
     as DESKTOP

Copying g:/perforce/pcgeos/Tools/build/product/Ark/Desktop/ND_DIRE.000
     to z:/arkhw/localpc/globalpc/desktop/

 Making directory z:/arkhw/localpc/globalpc/world

 Making directory z:/arkhw/localpc/geos2000

Parsing g:/perforce/pcgeos/Tools/build/product/Ark/Template/net.ini
        to z:/arkhw/localpc/geos2000/net.ini

 Making directory z:/arkhw/localpc/geos2000/privdata

Copying g:/perforce/pcgeos/<i>/Appl/Launcher/launcher.geo
     to z:/arkhw/localpc/geos2000/privdata/

Copying g:/perforce/pcgeos/Tools/build/product/Ark/Privdata/tonepuls.wav
     to z:/arkhw/localpc/geos2000/privdata/

Copying g:/perforce/pcgeos/Tools/build/product/Ark/Privdata/terms.txt
     to z:/arkhw/localpc/geos2000/privdata/

 Making directory z:/arkhw/localpc/geos2000/privdata/shared

Copying g:/perforce/pcgeos/Tools/build/product/Ark/Images/token_da.000
     to z:/arkhw/localpc/geos2000/privdata/shared/

 Making directory z:/arkhw/localpc/geos2000/privdata/sounds

Copying g:/perforce/pcgeos/Appl/Tutorial/Sounds/move.wav
     to z:/arkhw/localpc/geos2000/privdata/sounds/

Copying g:/perforce/pcgeos/Tools/build/product/Ark/Privdata/Sounds/sy001.wav
     to z:/arkhw/localpc/geos2000/privdata/sounds/

Copying g:/perforce/pcgeos/Tools/build/product/Ark/Privdata/Sounds/sy002.wav
     to z:/arkhw/localpc/geos2000/privdata/sounds/

Copying g:/perforce/pcgeos/Tools/build/product/Ark/Privdata/Sounds/sy010.wav
     to z:/arkhw/localpc/geos2000/privdata/sounds/

Copying g:/perforce/pcgeos/Tools/build/product/Ark/Privdata/Sounds/ta001.wav
     to z:/arkhw/localpc/geos2000/privdata/sounds/

Copying g:/perforce/pcgeos/Tools/build/product/Ark/Privdata/Sounds/sy011.wav
     to z:/arkhw/localpc/geos2000/privdata/sounds/

Copying g:/perforce/pcgeos/Tools/build/product/Ark/Privdata/Sounds/cw001.wav
     to z:/arkhw/localpc/geos2000/privdata/sounds/

Copying g:/perforce/pcgeos/Tools/build/product/Ark/Privdata/Sounds/ga001.wav
     to z:/arkhw/localpc/geos2000/privdata/sounds/

Copying g:/perforce/pcgeos/Tools/build/product/Ark/Privdata/Sounds/ga002.wav
     to z:/arkhw/localpc/geos2000/privdata/sounds/

Copying g:/perforce/pcgeos/Tools/build/product/Ark/Privdata/Sounds/ga003.wav
     to z:/arkhw/localpc/geos2000/privdata/sounds/

Copying g:/perforce/pcgeos/Tools/build/product/Ark/Privdata/Sounds/st001.wav
     to z:/arkhw/localpc/geos2000/privdata/sounds/

Copying g:/perforce/pcgeos/Tools/build/product/Ark/Privdata/Sounds/st002.wav
     to z:/arkhw/localpc/geos2000/privdata/sounds/

Copying g:/perforce/pcgeos/Tools/build/product/Ark/Privdata/Sounds/tt001.wav
     to z:/arkhw/localpc/geos2000/privdata/sounds/

Copying g:/perforce/pcgeos/Tools/build/product/Ark/Privdata/Sounds/tt002.wav
     to z:/arkhw/localpc/geos2000/privdata/sounds/

 Making directory z:/arkhw/localpc/geos2000/privdata/htmlerr

Copying g:/perforce/pcgeos/Tools/build/product/Ark/Privdata/htmlerr/error1.htm
     to z:/arkhw/localpc/geos2000/privdata/htmlerr/

Copying g:/perforce/pcgeos/Tools/build/product/Ark/Privdata/htmlerr/error2.htm
     to z:/arkhw/localpc/geos2000/privdata/htmlerr/

Copying g:/perforce/pcgeos/Tools/build/product/Ark/Privdata/htmlerr/error4.htm
     to z:/arkhw/localpc/geos2000/privdata/htmlerr/

Copying g:/perforce/pcgeos/Tools/build/product/Ark/Privdata/htmlerr/error5.htm
     to z:/arkhw/localpc/geos2000/privdata/htmlerr/

Copying g:/perforce/pcgeos/Tools/build/product/Ark/Privdata/htmlerr/error6.htm
     to z:/arkhw/localpc/geos2000/privdata/htmlerr/

Copying g:/perforce/pcgeos/Tools/build/product/Ark/Privdata/htmlerr/error7.htm
     to z:/arkhw/localpc/geos2000/privdata/htmlerr/

Copying g:/perforce/pcgeos/Tools/build/product/Ark/Privdata/htmlerr/error8.htm
     to z:/arkhw/localpc/geos2000/privdata/htmlerr/

Copying g:/perforce/pcgeos/Tools/build/product/Ark/Privdata/htmlerr/error9.htm
     to z:/arkhw/localpc/geos2000/privdata/htmlerr/

Copying g:/perforce/pcgeos/Tools/build/product/Ark/Privdata/htmlerr/error10.htm
     to z:/arkhw/localpc/geos2000/privdata/htmlerr/

Copying g:/perforce/pcgeos/Tools/build/product/Ark/Privdata/htmlerr/error11.htm
     to z:/arkhw/localpc/geos2000/privdata/htmlerr/

Copying g:/perforce/pcgeos/Tools/build/product/Ark/Privdata/htmlerr/error12.htm
     to z:/arkhw/localpc/geos2000/privdata/htmlerr/

Copying g:/perforce/pcgeos/Tools/build/product/Ark/Privdata/htmlerr/error13.htm
     to z:/arkhw/localpc/geos2000/privdata/htmlerr/

Copying g:/perforce/pcgeos/Tools/build/product/Ark/Privdata/htmlerr/error14.htm
     to z:/arkhw/localpc/geos2000/privdata/htmlerr/

Copying g:/perforce/pcgeos/Tools/build/product/Ark/Privdata/htmlerr/error15.htm
     to z:/arkhw/localpc/geos2000/privdata/htmlerr/

Copying g:/perforce/pcgeos/Tools/build/product/Ark/Privdata/htmlerr/error16.htm
     to z:/arkhw/localpc/geos2000/privdata/htmlerr/

Copying g:/perforce/pcgeos/Tools/build/product/Ark/Privdata/htmlerr/error18.htm
     to z:/arkhw/localpc/geos2000/privdata/htmlerr/

Copying g:/perforce/pcgeos/Tools/build/product/Ark/Privdata/htmlerr/error3.htm
     to z:/arkhw/localpc/geos2000/privdata/htmlerr/

Copying g:/perforce/pcgeos/Tools/build/product/Ark/Privdata/htmlerr/error19.htm
     to z:/arkhw/localpc/geos2000/privdata/htmlerr/

Copying g:/perforce/pcgeos/Tools/build/product/Ark/Privdata/htmlerr/error20.htm
     to z:/arkhw/localpc/geos2000/privdata/htmlerr/

 Making directory z:/arkhw/localpc/geos2000/system

Copying g:/perforce/pcgeos/<i>/Library/Kernel/geos.geo
     to z:/arkhw/localpc/geos2000/system/

Copying g:/perforce/pcgeos/<i>/Library/User/ui.geo
     to z:/arkhw/localpc/geos2000/system/

Copying g:/perforce/pcgeos/<i>/Library/SpecUI/NewUI/newui.geo
     to z:/arkhw/localpc/geos2000/system/

Copying g:/perforce/pcgeos/<i>/Library/Breadbox/ExtUI/extui.geo
     to z:/arkhw/localpc/geos2000/system/

Copying g:/perforce/pcgeos/<i>/Library/Breadbox/INetMsg/inetmsg.geo
     to z:/arkhw/localpc/geos2000/system/

Copying g:/perforce/pcgeos/<i>/Library/Config/config.geo
     to z:/arkhw/localpc/geos2000/system/

Copying g:/perforce/pcgeos/<i>/Library/Spool/spool.geo
     to z:/arkhw/localpc/geos2000/system/

Copying g:/perforce/pcgeos/<i>/Library/Styles/styles.geo
     to z:/arkhw/localpc/geos2000/system/

Copying g:/perforce/pcgeos/<i>/Library/AnsiC/ansic.geo
     to z:/arkhw/localpc/geos2000/system/

Copying g:/perforce/pcgeos/<i>/Library/Color/color.geo
     to z:/arkhw/localpc/geos2000/system/

Copying g:/perforce/pcgeos/<i>/Library/Ruler/ruler.geo
     to z:/arkhw/localpc/geos2000/system/

Copying g:/perforce/pcgeos/<i>/Library/Text/text.geo
     to z:/arkhw/localpc/geos2000/system/

Copying g:/perforce/pcgeos/<i>/Library/AccPnt/accpnt.geo
     to z:/arkhw/localpc/geos2000/system/

Copying g:/perforce/pcgeos/<i>/Library/NetUtils/netutils.geo
     to z:/arkhw/localpc/geos2000/system/

Copying g:/perforce/pcgeos/<i>/Library/Sound/sound.geo
     to z:/arkhw/localpc/geos2000/system/

Copying g:/perforce/pcgeos/<i>/Library/Instlr/instlr.geo
     to z:/arkhw/localpc/geos2000/system/

Copying g:/perforce/pcgeos/<i>/Library/Bitmap/bitmap.geo
     to z:/arkhw/localpc/geos2000/system/

Copying g:/perforce/pcgeos/<i>/Library/Cell/cell.geo
     to z:/arkhw/localpc/geos2000/system/

Copying g:/perforce/pcgeos/<i>/Library/Chart/chart.geo
     to z:/arkhw/localpc/geos2000/system/

Copying g:/perforce/pcgeos/<i>/Library/Compress/compress.geo
     to z:/arkhw/localpc/geos2000/system/

Copying g:/perforce/pcgeos/<i>/Library/GrObj/grobj.geo
     to z:/arkhw/localpc/geos2000/system/

Copying g:/perforce/pcgeos/<i>/Library/Impex/impex.geo
     to z:/arkhw/localpc/geos2000/system/

Copying g:/perforce/pcgeos/<i>/Library/Math/Compiler/BorlandC/borlandc.geo
     to z:/arkhw/localpc/geos2000/system/

Copying g:/perforce/pcgeos/<i>/Library/Math/math.geo
     to z:/arkhw/localpc/geos2000/system/

Copying g:/perforce/pcgeos/<i>/Library/Parse/parse.geo
     to z:/arkhw/localpc/geos2000/system/

Copying g:/perforce/pcgeos/<i>/Library/Saver/saver.geo
     to z:/arkhw/localpc/geos2000/system/

Copying g:/perforce/pcgeos/<i>/Library/Shell/shell.geo
     to z:/arkhw/localpc/geos2000/system/

Copying g:/perforce/pcgeos/<i>/Library/Spell/spell.geo
     to z:/arkhw/localpc/geos2000/system/

Copying g:/perforce/pcgeos/<i>/Library/Spline/spline.geo
     to z:/arkhw/localpc/geos2000/system/

Copying g:/perforce/pcgeos/<i>/Library/Spreadsheet/ssheet.geo
     to z:/arkhw/localpc/geos2000/system/

Copying g:/perforce/pcgeos/<i>/Library/SSMeta/ssmeta.geo
     to z:/arkhw/localpc/geos2000/system/

Copying g:/perforce/pcgeos/<i>/Library/Swap/swap.geo
     to z:/arkhw/localpc/geos2000/system/

Copying g:/perforce/pcgeos/<i>/Library/Game/game.geo
     to z:/arkhw/localpc/geos2000/system/

Copying g:/perforce/pcgeos/<i>/Library/Cards/cards.geo
     to z:/arkhw/localpc/geos2000/system/

Copying g:/perforce/pcgeos/<i>/Library/ParentC/parentc.geo
     to z:/arkhw/localpc/geos2000/system/

Copying g:/perforce/pcgeos/<i>/Library/Wav/wav.geo
     to z:/arkhw/localpc/geos2000/system/

Copying g:/perforce/pcgeos/<i>/Library/MapHeap/MapHeap.geo
     to z:/arkhw/localpc/geos2000/system/

Copying g:/perforce/pcgeos/<i>/Library/IDialC/idialc.geo
     to z:/arkhw/localpc/geos2000/system/

Copying g:/perforce/pcgeos/<i>/Driver/Stream/Serial/serial.geo
     to z:/arkhw/localpc/geos2000/system/

Copying g:/perforce/pcgeos/<i>/Driver/Stream/Parallel/parallel.geo
     to z:/arkhw/localpc/geos2000/system/

Copying g:/perforce/pcgeos/<i>/Driver/Stream/stream.geo
     to z:/arkhw/localpc/geos2000/system/

Copying g:/perforce/pcgeos/<i>/Library/StreamC/streamc.geo
     to z:/arkhw/localpc/geos2000/system/

Copying g:/perforce/pcgeos/<i>/Driver/Stream/Filestr/filestr.geo
     to z:/arkhw/localpc/geos2000/system/

Copying g:/perforce/pcgeos/<i>/Library/Socket/socket.geo
     to z:/arkhw/localpc/geos2000/system/

Copying g:/perforce/pcgeos/<i>/Library/Resolver/resolver.geo
     to z:/arkhw/localpc/geos2000/system/

Copying g:/perforce/pcgeos/<i>/Library/Net/net.geo
     to z:/arkhw/localpc/geos2000/system/

Copying g:/perforce/pcgeos/<i>/Driver/Modem/modem.geo
     to z:/arkhw/localpc/geos2000/system/

Copying g:/perforce/pcgeos/<i>/Library/Breadbox/N2Txt/n2txt.geo
     to z:/arkhw/localpc/geos2000/system/

Copying g:/perforce/pcgeos/<i>/Library/Breadbox/WMLib/wmlib.geo
     to z:/arkhw/localpc/geos2000/system/

Copying g:/perforce/pcgeos/<i>/Library/Breadbox/BnkrDraw/bnkrdraw.geo
     to z:/arkhw/localpc/geos2000/system/

Copying g:/perforce/pcgeos/<i>/Library/Breadbox/Zlib/zlib.geo
     to z:/arkhw/localpc/geos2000/system/

Copying g:/perforce/pcgeos/<i>/Library/Breadbox/Dirlist/dirlist.geo
     to z:/arkhw/localpc/geos2000/system/

Copying g:/perforce/pcgeos/<i>/Library/Breadbox/Minizip/minizip.geo
     to z:/arkhw/localpc/geos2000/system/

Copying g:/perforce/pcgeos/<i>/Library/Breadbox/html4par/JS/html4par.geo
     to z:/arkhw/localpc/geos2000/system/

Copying g:/perforce/pcgeos/<i>/Library/Breadbox/ibms/ibms.geo
     to z:/arkhw/localpc/geos2000/system/

Copying g:/perforce/pcgeos/<i>/Library/Breadbox/ijgjpeg/ijgjpeg.geo
     to z:/arkhw/localpc/geos2000/system/

Copying g:/perforce/pcgeos/<i>/Library/Breadbox/ExtGraph/extgraph.geo
     to z:/arkhw/localpc/geos2000/system/

Copying g:/perforce/pcgeos/<i>/Library/Breadbox/giflib/giflib.geo
     to z:/arkhw/localpc/geos2000/system/

Copying g:/perforce/pcgeos/<i>/Library/Cookies/cookies.geo
     to z:/arkhw/localpc/geos2000/system/

Copying g:/perforce/pcgeos/<i>/Library/JS/js.geo
     to z:/arkhw/localpc/geos2000/system/

Copying g:/perforce/pcgeos/<i>/Library/Breadbox/FJPEG/FJPEG.geo
     to z:/arkhw/localpc/geos2000/system/

Copying g:/perforce/pcgeos/<i>/Library/SSL/ssl.geo
     to z:/arkhw/localpc/geos2000/system/

Copying g:/perforce/pcgeos/<i>/Library/Mail/MailHub/mailhub.geo
     to z:/arkhw/localpc/geos2000/system/

Copying g:/perforce/pcgeos/<i>/Library/Mail/MailPOP3/mailpop3.geo
     to z:/arkhw/localpc/geos2000/system/

Copying g:/perforce/pcgeos/<i>/Library/Mail/MailSMTP/mailsmtp.geo
     to z:/arkhw/localpc/geos2000/system/

Copying g:/perforce/pcgeos/<i>/Library/ClsFDec/clsfdec.geo
     to z:/arkhw/localpc/geos2000/system/

Copying g:/perforce/pcgeos/<i>/Library/BckRst/bckrst.geo
     to z:/arkhw/localpc/geos2000/system/

Copying g:/perforce/pcgeos/<i>/Library/RGB2CMYK/rgb2cmyk.geo
     to z:/arkhw/localpc/geos2000/system/

Copying g:/perforce/pcgeos/<i>/Library/Tlib/tlib.geo
     to z:/arkhw/localpc/geos2000/system/

Copying g:/perforce/pcgeos/<i>/Library/Breadbox/SStor/sstor.geo
     to z:/arkhw/localpc/geos2000/system/

Copying g:/perforce/pcgeos/<i>/Library/Breadbox/Impex/WFWLib/wfwlib.geo
     to z:/arkhw/localpc/geos2000/system/

 Making directory z:/arkhw/localpc/geos2000/system/tlib

Copying g:/perforce/pcgeos/<i>/Library/Tlib/TScrn1/tscrn1.geo
     to z:/arkhw/localpc/geos2000/system/tlib/

Copying g:/perforce/pcgeos/<i>/Library/Tlib/TScrn2/tscrn2.geo
     to z:/arkhw/localpc/geos2000/system/tlib/

Copying g:/perforce/pcgeos/<i>/Library/Tlib/TScrn3/tscrn3.geo
     to z:/arkhw/localpc/geos2000/system/tlib/

Copying g:/perforce/pcgeos/<i>/Library/Tlib/TBack1/tback1.geo
     to z:/arkhw/localpc/geos2000/system/tlib/

Copying g:/perforce/pcgeos/<i>/Library/Tlib/TBack2/tback2.geo
     to z:/arkhw/localpc/geos2000/system/tlib/

Copying g:/perforce/pcgeos/<i>/Library/Tlib/TBack3/tback3.geo
     to z:/arkhw/localpc/geos2000/system/tlib/

Copying g:/perforce/pcgeos/<i>/Library/Tlib/TBack4/tback4.geo
     to z:/arkhw/localpc/geos2000/system/tlib/

Copying g:/perforce/pcgeos/<i>/Library/Tlib/TScrn4/tscrn4.geo
     to z:/arkhw/localpc/geos2000/system/tlib/

Copying g:/perforce/pcgeos/<i>/Library/Tlib/TScrn5/tscrn5.geo
     to z:/arkhw/localpc/geos2000/system/tlib/

Copying g:/perforce/pcgeos/<i>/Library/Tlib/TScrn6/tscrn6.geo
     to z:/arkhw/localpc/geos2000/system/tlib/

Copying g:/perforce/pcgeos/<i>/Library/Tlib/TScrn7/tscrn7.geo
     to z:/arkhw/localpc/geos2000/system/tlib/

Copying g:/perforce/pcgeos/<i>/Library/Tlib/TScrn8/tscrn8.geo
     to z:/arkhw/localpc/geos2000/system/tlib/

Copying g:/perforce/pcgeos/<i>/Library/Tlib/TScrn9/tscrn9.geo
     to z:/arkhw/localpc/geos2000/system/tlib/

Copying g:/perforce/pcgeos/<i>/Library/Tlib/TScrn10/tscrn10.geo
     to z:/arkhw/localpc/geos2000/system/tlib/

Copying g:/perforce/pcgeos/<i>/Library/Tlib/TScrn11/tscrn11.geo
     to z:/arkhw/localpc/geos2000/system/tlib/

Copying g:/perforce/pcgeos/<i>/Library/Tlib/TScrn12/tscrn12.geo
     to z:/arkhw/localpc/geos2000/system/tlib/

Copying g:/perforce/pcgeos/<i>/Library/Tlib/TScrn13/tscrn13.geo
     to z:/arkhw/localpc/geos2000/system/tlib/

Copying g:/perforce/pcgeos/<i>/Library/Tlib/TScrn14/tscrn14.geo
     to z:/arkhw/localpc/geos2000/system/tlib/

Copying g:/perforce/pcgeos/<i>/Library/Tlib/TScrn15/tscrn15.geo
     to z:/arkhw/localpc/geos2000/system/tlib/

Copying g:/perforce/pcgeos/<i>/Library/Tlib/TScrn16/tscrn16.geo
     to z:/arkhw/localpc/geos2000/system/tlib/

Copying g:/perforce/pcgeos/<i>/Library/Tlib/TScrn17/tscrn17.geo
     to z:/arkhw/localpc/geos2000/system/tlib/

Copying g:/perforce/pcgeos/<i>/Library/Tlib/TScrn18/tscrn18.geo
     to z:/arkhw/localpc/geos2000/system/tlib/

Copying g:/perforce/pcgeos/<i>/Library/Tlib/TScrn19/tscrn19.geo
     to z:/arkhw/localpc/geos2000/system/tlib/

Copying g:/perforce/pcgeos/<i>/Library/Tlib/TScrn20/tscrn20.geo
     to z:/arkhw/localpc/geos2000/system/tlib/

Copying g:/perforce/pcgeos/<i>/Library/Tlib/TScrn21/tscrn21.geo
     to z:/arkhw/localpc/geos2000/system/tlib/

Copying g:/perforce/pcgeos/<i>/Library/Tlib/TScrn22/tscrn22.geo
     to z:/arkhw/localpc/geos2000/system/tlib/

Copying g:/perforce/pcgeos/<i>/Library/Tlib/TScrn23/tscrn23.geo
     to z:/arkhw/localpc/geos2000/system/tlib/

Copying g:/perforce/pcgeos/<i>/Library/Tlib/TScrn24/tscrn24.geo
     to z:/arkhw/localpc/geos2000/system/tlib/

Copying g:/perforce/pcgeos/<i>/Library/Tlib/TScrn25/tscrn25.geo
     to z:/arkhw/localpc/geos2000/system/tlib/

Copying g:/perforce/pcgeos/<i>/Library/Tlib/TScrn26/tscrn26.geo
     to z:/arkhw/localpc/geos2000/system/tlib/

Copying g:/perforce/pcgeos/<i>/Library/Tlib/TScrn27/tscrn27.geo
     to z:/arkhw/localpc/geos2000/system/tlib/

Copying g:/perforce/pcgeos/<i>/Library/Tlib/TScrn28/tscrn28.geo
     to z:/arkhw/localpc/geos2000/system/tlib/

Copying g:/perforce/pcgeos/<i>/Library/Tlib/TScrn29/tscrn29.geo
     to z:/arkhw/localpc/geos2000/system/tlib/

Copying g:/perforce/pcgeos/<i>/Library/Tlib/TScrn30/tscrn30.geo
     to z:/arkhw/localpc/geos2000/system/tlib/

Copying g:/perforce/pcgeos/<i>/Library/Tlib/TScrn31/tscrn31.geo
     to z:/arkhw/localpc/geos2000/system/tlib/

Copying g:/perforce/pcgeos/<i>/Library/Tlib/TScrn32/tscrn32.geo
     to z:/arkhw/localpc/geos2000/system/tlib/

Copying g:/perforce/pcgeos/<i>/Library/Tlib/TScrn33/tscrn33.geo
     to z:/arkhw/localpc/geos2000/system/tlib/

Copying g:/perforce/pcgeos/<i>/Library/Tlib/TScrn34/tscrn34.geo
     to z:/arkhw/localpc/geos2000/system/tlib/

Copying g:/perforce/pcgeos/<i>/Library/Tlib/TScrn35/tscrn35.geo
     to z:/arkhw/localpc/geos2000/system/tlib/

Copying g:/perforce/pcgeos/<i>/Library/Tlib/TScrn36/tscrn36.geo
     to z:/arkhw/localpc/geos2000/system/tlib/

Copying g:/perforce/pcgeos/<i>/Library/Tlib/TScrn37/tscrn37.geo
     to z:/arkhw/localpc/geos2000/system/tlib/

Copying g:/perforce/pcgeos/<i>/Library/Tlib/TScrn38/tscrn38.geo
     to z:/arkhw/localpc/geos2000/system/tlib/

Copying g:/perforce/pcgeos/<i>/Library/Tlib/TScrn39/tscrn39.geo
     to z:/arkhw/localpc/geos2000/system/tlib/

Copying g:/perforce/pcgeos/<i>/Library/Tlib/TScrn40/tscrn40.geo
     to z:/arkhw/localpc/geos2000/system/tlib/

Copying g:/perforce/pcgeos/<i>/Library/Tlib/TScrn41/tscrn41.geo
     to z:/arkhw/localpc/geos2000/system/tlib/

 Making directory z:/arkhw/localpc/geos2000/system/font

Copying g:/perforce/pcgeos/<i>/Driver/Font/Nimbus/nimbus.geo
     to z:/arkhw/localpc/geos2000/system/font/

 Making directory z:/arkhw/localpc/geos2000/system/fs

Copying g:/perforce/pcgeos/<i>/Driver/IFS/DOS/MSLF/mslf.geo
     to z:/arkhw/localpc/geos2000/system/fs/

 Making directory z:/arkhw/localpc/geos2000/system/impex

Copying g:/perforce/pcgeos/<i>/Library/Breadbox/Impex/GIF/gif.geo
     to z:/arkhw/localpc/geos2000/system/impex/

Copying g:/perforce/pcgeos/<i>/Library/Breadbox/Impex/JPEG/jpeg.geo
     to z:/arkhw/localpc/geos2000/system/impex/

Copying g:/perforce/pcgeos/<i>/Library/Breadbox/Impex/RTF/rtf.geo
     to z:/arkhw/localpc/geos2000/system/impex/

Copying g:/perforce/pcgeos/<i>/Library/Breadbox/Impex/WinWord8/winword8.geo
     to z:/arkhw/localpc/geos2000/system/impex/

Copying g:/perforce/pcgeos/<i>/Library/Trans/Database/CSV/csv.geo
     to z:/arkhw/localpc/geos2000/system/impex/

Copying g:/perforce/pcgeos/<i>/Library/Trans/SSheet/Lotus123/lot123ss.geo
     to z:/arkhw/localpc/geos2000/system/impex/

Copying g:/perforce/pcgeos/<i>/Library/Trans/Text/Ascii/ascii.geo
     to z:/arkhw/localpc/geos2000/system/impex/

Copying g:/perforce/pcgeos/<i>/Library/Breadbox/impgraph/FJPEG/impgraph.geo
     to z:/arkhw/localpc/geos2000/system/impex/

Copying g:/perforce/pcgeos/<i>/Library/Breadbox/impdoc/impdoc.geo
     to z:/arkhw/localpc/geos2000/system/impex/

 Making directory z:/arkhw/localpc/geos2000/system/kbd

Copying g:/perforce/pcgeos/<i>/Driver/Keyboard/kbd.geo
     to z:/arkhw/localpc/geos2000/system/kbd/

 Making directory z:/arkhw/localpc/geos2000/system/mouse

Copying g:/perforce/pcgeos/<i>/Driver/Mouse/PS2/ps2.geo
     to z:/arkhw/localpc/geos2000/system/mouse/

 Making directory z:/arkhw/localpc/geos2000/system/pref

Copying g:/perforce/pcgeos/<i>/Library/Pref/Prefbg/prefbg.geo
     to z:/arkhw/localpc/geos2000/system/pref/

Copying g:/perforce/pcgeos/<i>/Library/Pref/Prefkbd/prefkbd.geo
     to z:/arkhw/localpc/geos2000/system/pref/

Copying g:/perforce/pcgeos/<i>/Library/Pref/Preflf/preflf.geo
     to z:/arkhw/localpc/geos2000/system/pref/

Copying g:/perforce/pcgeos/<i>/Library/Pref/Preflo/preflo.geo
     to z:/arkhw/localpc/geos2000/system/pref/

Copying g:/perforce/pcgeos/<i>/Library/Pref/Prefmous/prefmous.geo
     to z:/arkhw/localpc/geos2000/system/pref/

Copying g:/perforce/pcgeos/<i>/Library/Pref/Prefsnd/prefsnd.geo
     to z:/arkhw/localpc/geos2000/system/pref/

Copying g:/perforce/pcgeos/<i>/Library/Pref/Preftd/preftd.geo
     to z:/arkhw/localpc/geos2000/system/pref/

Copying g:/perforce/pcgeos/<i>/Library/Pref/Prefvid/prefvid.geo
     to z:/arkhw/localpc/geos2000/system/pref/

Copying g:/perforce/pcgeos/<i>/Library/Pref/Prefpntc/prefpntc.geo
     to z:/arkhw/localpc/geos2000/system/pref/

 Making directory z:/arkhw/localpc/geos2000/system/net

Copying g:/perforce/pcgeos/<i>/Driver/Net/Comm/comm.geo
     to z:/arkhw/localpc/geos2000/system/net/

 Making directory z:/arkhw/localpc/geos2000/system/power

Copying g:/perforce/pcgeos/<i>/Driver/Power/GPC1APM/gpc1apm.geo
     to z:/arkhw/localpc/geos2000/system/power/

 Making directory z:/arkhw/localpc/geos2000/system/printer

Copying g:/perforce/pcgeos/<i>/Driver/Printer/DotMatrix/CanonRGB/canonrgb.geo
     to z:/arkhw/localpc/geos2000/system/printer/

 Making directory z:/arkhw/localpc/geos2000/system/savers

Copying g:/perforce/pcgeos/<i>/Appl/Saver/Flame/flame.geo
     to z:/arkhw/localpc/geos2000/system/savers/

Copying g:/perforce/pcgeos/<i>/Appl/Saver/Flame/FlamePref/flamepref.geo
     to z:/arkhw/localpc/geos2000/system/savers/

Copying g:/perforce/pcgeos/<i>/Appl/Saver/Melt/melt.geo
     to z:/arkhw/localpc/geos2000/system/savers/

Copying g:/perforce/pcgeos/<i>/Appl/Saver/Melt/MeltPref/meltpref.geo
     to z:/arkhw/localpc/geos2000/system/savers/

Copying g:/perforce/pcgeos/<i>/Appl/Saver/Circles/circles.geo
     to z:/arkhw/localpc/geos2000/system/savers/

Copying g:/perforce/pcgeos/<i>/Appl/Saver/Circles/CirclesPref/circlespref.geo
     to z:/arkhw/localpc/geos2000/system/savers/

Copying g:/perforce/pcgeos/<i>/Appl/Saver/Dribble/dribble.geo
     to z:/arkhw/localpc/geos2000/system/savers/

Copying g:/perforce/pcgeos/<i>/Appl/Saver/Dribble/DribblePref/dribblepref.geo
     to z:/arkhw/localpc/geos2000/system/savers/

Copying g:/perforce/pcgeos/<i>/Appl/Saver/Dust/dust.geo
     to z:/arkhw/localpc/geos2000/system/savers/

Copying g:/perforce/pcgeos/<i>/Appl/Saver/Dust/DustPref/dustpref.geo
     to z:/arkhw/localpc/geos2000/system/savers/

Copying g:/perforce/pcgeos/<i>/Appl/Saver/Fades/fades.geo
     to z:/arkhw/localpc/geos2000/system/savers/

Copying g:/perforce/pcgeos/<i>/Appl/Saver/Fades/FadesPref/fadespref.geo
     to z:/arkhw/localpc/geos2000/system/savers/

Copying g:/perforce/pcgeos/<i>/Appl/Saver/Pieces/pieces.geo
     to z:/arkhw/localpc/geos2000/system/savers/

Copying g:/perforce/pcgeos/<i>/Appl/Saver/Pieces/PiecesPref/piecespref.geo
     to z:/arkhw/localpc/geos2000/system/savers/

Copying g:/perforce/pcgeos/<i>/Appl/Saver/Qix/qix.geo
     to z:/arkhw/localpc/geos2000/system/savers/

Copying g:/perforce/pcgeos/<i>/Appl/Saver/Qix/QixPref/qixpref.geo
     to z:/arkhw/localpc/geos2000/system/savers/

Copying g:/perforce/pcgeos/<i>/Appl/Saver/Sand/sand.geo
     to z:/arkhw/localpc/geos2000/system/savers/

Copying g:/perforce/pcgeos/<i>/Appl/Saver/Sand/SandPref/sandpref.geo
     to z:/arkhw/localpc/geos2000/system/savers/

Copying g:/perforce/pcgeos/<i>/Appl/Saver/Stars/stars.geo
     to z:/arkhw/localpc/geos2000/system/savers/

Copying g:/perforce/pcgeos/<i>/Appl/Saver/Stars/StarsPref/starspref.geo
     to z:/arkhw/localpc/geos2000/system/savers/

Copying g:/perforce/pcgeos/<i>/Appl/Saver/String/string.geo
     to z:/arkhw/localpc/geos2000/system/savers/

Copying g:/perforce/pcgeos/<i>/Appl/Saver/String/StringPref/stringpref.geo
     to z:/arkhw/localpc/geos2000/system/savers/

Copying g:/perforce/pcgeos/<i>/Appl/Saver/Swarm/swarm.geo
     to z:/arkhw/localpc/geos2000/system/savers/

Copying g:/perforce/pcgeos/<i>/Appl/Saver/Swarm/SwarmPref/swarmpref.geo
     to z:/arkhw/localpc/geos2000/system/savers/

Copying g:/perforce/pcgeos/<i>/Appl/Saver/Tickertape/tickertape.geo
     to z:/arkhw/localpc/geos2000/system/savers/

Copying g:/perforce/pcgeos/<i>/Appl/Saver/Tickertape/TickertapePref/ttpref.geo
     to z:/arkhw/localpc/geos2000/system/savers/

Copying g:/perforce/pcgeos/<i>/Appl/Saver/Tiles/tiles.geo
     to z:/arkhw/localpc/geos2000/system/savers/

Copying g:/perforce/pcgeos/<i>/Appl/Saver/Tiles/TilesPref/tilespref.geo
     to z:/arkhw/localpc/geos2000/system/savers/

Copying g:/perforce/pcgeos/<i>/Appl/Saver/Worms/worms.geo
     to z:/arkhw/localpc/geos2000/system/savers/

Copying g:/perforce/pcgeos/<i>/Appl/Saver/Worms/WormsPref/wormspref.geo
     to z:/arkhw/localpc/geos2000/system/savers/

 Making directory z:/arkhw/localpc/geos2000/system/sound

Copying g:/perforce/pcgeos/<i>/Driver/Sound/GPCSS/gpcss.geo
     to z:/arkhw/localpc/geos2000/system/sound/

 Making directory z:/arkhw/localpc/geos2000/system/dma

Copying g:/perforce/pcgeos/<i>/Driver/DMA/DOSReal/dosreal.geo
     to z:/arkhw/localpc/geos2000/system/dma/

 Making directory z:/arkhw/localpc/geos2000/system/swap

Copying g:/perforce/pcgeos/<i>/Driver/Swap/Disk/disk.geo
     to z:/arkhw/localpc/geos2000/system/swap/

Copying g:/perforce/pcgeos/<i>/Driver/Swap/EMS/EMM/emm.geo
     to z:/arkhw/localpc/geos2000/system/swap/

Copying g:/perforce/pcgeos/<i>/Driver/Swap/ExtMem/extmem.geo
     to z:/arkhw/localpc/geos2000/system/swap/

Copying g:/perforce/pcgeos/<i>/Driver/Swap/XMS/xms.geo
     to z:/arkhw/localpc/geos2000/system/swap/

 Making directory z:/arkhw/localpc/geos2000/system/sysappl

Copying g:/perforce/pcgeos/<i>/Appl/LOL/lol.geo
     to z:/arkhw/localpc/geos2000/system/sysappl/

Copying g:/perforce/pcgeos/<i>/Appl/FileMgrs/NewDesk/newdesk.geo
     to z:/arkhw/localpc/geos2000/system/sysappl/

Copying g:/perforce/pcgeos/<i>/Appl/FileMgrs/DocMgr/docmgr.geo
     to z:/arkhw/localpc/geos2000/system/sysappl/

Copying g:/perforce/pcgeos/<i>/Appl/FFinder/ffinder.geo
     to z:/arkhw/localpc/geos2000/system/sysappl/

Copying g:/perforce/pcgeos/<i>/Appl/CUIApp/DsgnAsst/dsgnasst.geo
     to z:/arkhw/localpc/geos2000/system/sysappl/

Copying g:/perforce/pcgeos/<i>/Appl/Preferences/Setup/setup.geo
     to z:/arkhw/localpc/geos2000/system/sysappl/

Copying g:/perforce/pcgeos/<i>/Appl/Wordmat/wordmat.geo
     to z:/arkhw/localpc/geos2000/system/sysappl/

Copying g:/perforce/pcgeos/<i>/Appl/Startup/Welcome/welcome.geo
     to z:/arkhw/localpc/geos2000/system/sysappl/

Copying g:/perforce/pcgeos/<i>/Appl/CUIApp/cuiapp.geo
     to z:/arkhw/localpc/geos2000/system/sysappl/

Copying g:/perforce/pcgeos/<i>/Appl/GPCStart/gpcstart.geo
     to z:/arkhw/localpc/geos2000/system/sysappl/

Copying g:/perforce/pcgeos/<i>/Appl/Preferences/Setup/setup.geo
     to z:/arkhw/localpc/geos2000/system/sysappl/

Copying g:/perforce/pcgeos/<i>/Appl/VCard/vcard.geo
     to z:/arkhw/localpc/geos2000/system/sysappl/

 Making directory z:/arkhw/localpc/geos2000/system/filemgr

Copying g:/perforce/pcgeos/<i>/Library/FMTools/Linktool/linktool.geo
     to z:/arkhw/localpc/geos2000/system/filemgr/

 Making directory z:/arkhw/localpc/geos2000/system/task

Copying g:/perforce/pcgeos/<i>/Driver/Task/NonTS/nonts.geo
     to z:/arkhw/localpc/geos2000/system/task/

 Making directory z:/arkhw/localpc/geos2000/system/video

Copying g:/perforce/pcgeos/<i>/Driver/Video/Dumb/VidMem/vidmem.geo
     to z:/arkhw/localpc/geos2000/system/video/

Copying g:/perforce/pcgeos/<i>/Driver/Video/VGAlike/cyber16/cyber16.geo
     to z:/arkhw/localpc/geos2000/system/video/

 Making directory z:/arkhw/localpc/geos2000/system/socket

Copying g:/perforce/pcgeos/<i>/Driver/Socket/TCPIP/tcpip.geo
     to z:/arkhw/localpc/geos2000/system/socket/

Copying g:/perforce/pcgeos/<i>/Driver/Socket/PPP/ppp.geo
     to z:/arkhw/localpc/geos2000/system/socket/

 Making directory z:/arkhw/localpc/geos2000/system/www

Copying g:/perforce/pcgeos/<i>/Library/Breadbox/urldrv/wmg3http/wmg3http.geo
     to z:/arkhw/localpc/geos2000/system/www/

Copying g:/perforce/pcgeos/<i>/Library/Breadbox/urldrv/wmg3ftp/wmg3ftp.geo
     to z:/arkhw/localpc/geos2000/system/www/

Copying g:/perforce/pcgeos/<i>/Library/Breadbox/urldrv/wmg3ext/wmg3ext.geo
     to z:/arkhw/localpc/geos2000/system/www/

 Making directory z:/arkhw/localpc/geos2000/userdata

 Making directory z:/arkhw/localpc/geos2000/userdata/dicts

Copying g:/perforce/pcgeos/Tools/build/product/Ark/Userdata/dicts/english.gdi
     to z:/arkhw/localpc/geos2000/userdata/dicts/

Copying g:/perforce/pcgeos/Tools/build/product/Ark/Userdata/dicts/hecdp301.dat
     to z:/arkhw/localpc/geos2000/userdata/dicts/

Copying g:/perforce/pcgeos/Tools/build/product/Ark/Userdata/dicts/ienc9123.dat
     to z:/arkhw/localpc/geos2000/userdata/dicts/

 Making directory z:/arkhw/localpc/geos2000/userdata/template

 Making directory z:/arkhw/localpc/geos2000/userdata/template/cui

 Making z:/arkhw/localpc/geos2000/userdata/template/cui/@dirname.000
     as CUI

 Making directory z:/arkhw/localpc/geos2000/userdata/template/cui/signs

 Making z:/arkhw/localpc/geos2000/userdata/template/cui/signs/@dirname.000
     as Signs

Copying g:/perforce/pcgeos/Tools/build/product/ark/userdata/template/cui/SIGN/Garage_s.000
     to z:/arkhw/localpc/geos2000/userdata/template/cui/signs/

Copying g:/perforce/pcgeos/Tools/build/product/ark/userdata/template/cui/SIGN/Gar1_01.gif
     to z:/arkhw/localpc/geos2000/userdata/template/cui/signs/

Copying g:/perforce/pcgeos/Tools/build/product/ark/userdata/template/cui/SIGN/Gar1_02.gif
     to z:/arkhw/localpc/geos2000/userdata/template/cui/signs/

Copying g:/perforce/pcgeos/Tools/build/product/ark/userdata/template/cui/SIGN/Gar1_03.gif
     to z:/arkhw/localpc/geos2000/userdata/template/cui/signs/

Copying g:/perforce/pcgeos/Tools/build/product/ark/userdata/template/cui/SIGN/Gar1_04.gif
     to z:/arkhw/localpc/geos2000/userdata/template/cui/signs/

Copying g:/perforce/pcgeos/Tools/build/product/ark/userdata/template/cui/SIGN/Yard_sal.000
     to z:/arkhw/localpc/geos2000/userdata/template/cui/signs/

Copying g:/perforce/pcgeos/Tools/build/product/ark/userdata/template/cui/SIGN/Yard1_01.gif
     to z:/arkhw/localpc/geos2000/userdata/template/cui/signs/

Copying g:/perforce/pcgeos/Tools/build/product/ark/userdata/template/cui/SIGN/Yard1_02.gif
     to z:/arkhw/localpc/geos2000/userdata/template/cui/signs/

Copying g:/perforce/pcgeos/Tools/build/product/ark/userdata/template/cui/SIGN/Yard1_03.gif
     to z:/arkhw/localpc/geos2000/userdata/template/cui/signs/

Copying g:/perforce/pcgeos/Tools/build/product/ark/userdata/template/cui/SIGN/Yard1_04.gif
     to z:/arkhw/localpc/geos2000/userdata/template/cui/signs/

Copying g:/perforce/pcgeos/Tools/build/product/ark/userdata/template/cui/SIGN/Moving_s.000
     to z:/arkhw/localpc/geos2000/userdata/template/cui/signs/

Copying g:/perforce/pcgeos/Tools/build/product/ark/userdata/template/cui/SIGN/Mov1_01.gif
     to z:/arkhw/localpc/geos2000/userdata/template/cui/signs/

Copying g:/perforce/pcgeos/Tools/build/product/ark/userdata/template/cui/SIGN/Mov1_02.gif
     to z:/arkhw/localpc/geos2000/userdata/template/cui/signs/

Copying g:/perforce/pcgeos/Tools/build/product/ark/userdata/template/cui/SIGN/Mov1_03.gif
     to z:/arkhw/localpc/geos2000/userdata/template/cui/signs/

Copying g:/perforce/pcgeos/Tools/build/product/ark/userdata/template/cui/SIGN/Mov1_04.gif
     to z:/arkhw/localpc/geos2000/userdata/template/cui/signs/

 Making directory z:/arkhw/localpc/geos2000/userdata/template/cui/awards

 Making z:/arkhw/localpc/geos2000/userdata/template/cui/awards/@dirname.000
     as Awards

Copying g:/perforce/pcgeos/Tools/build/product/ark/userdata/template/cui/AWARD/Award_1.000
     to z:/arkhw/localpc/geos2000/userdata/template/cui/awards/

Copying g:/perforce/pcgeos/Tools/build/product/ark/userdata/template/cui/AWARD/Awd1_01.gif
     to z:/arkhw/localpc/geos2000/userdata/template/cui/awards/

Copying g:/perforce/pcgeos/Tools/build/product/ark/userdata/template/cui/AWARD/Awd1_02.gif
     to z:/arkhw/localpc/geos2000/userdata/template/cui/awards/

Copying g:/perforce/pcgeos/Tools/build/product/ark/userdata/template/cui/AWARD/Awd1_03.gif
     to z:/arkhw/localpc/geos2000/userdata/template/cui/awards/

Copying g:/perforce/pcgeos/Tools/build/product/ark/userdata/template/cui/AWARD/Awd1_04.gif
     to z:/arkhw/localpc/geos2000/userdata/template/cui/awards/

Copying g:/perforce/pcgeos/Tools/build/product/ark/userdata/template/cui/AWARD/Award_2.000
     to z:/arkhw/localpc/geos2000/userdata/template/cui/awards/

Copying g:/perforce/pcgeos/Tools/build/product/ark/userdata/template/cui/AWARD/Awd2_01.gif
     to z:/arkhw/localpc/geos2000/userdata/template/cui/awards/

Copying g:/perforce/pcgeos/Tools/build/product/ark/userdata/template/cui/AWARD/Awd2_02.gif
     to z:/arkhw/localpc/geos2000/userdata/template/cui/awards/

Copying g:/perforce/pcgeos/Tools/build/product/ark/userdata/template/cui/AWARD/Awd2_03.gif
     to z:/arkhw/localpc/geos2000/userdata/template/cui/awards/

Copying g:/perforce/pcgeos/Tools/build/product/ark/userdata/template/cui/AWARD/Awd2_04.gif
     to z:/arkhw/localpc/geos2000/userdata/template/cui/awards/

 Making directory z:/arkhw/localpc/geos2000/userdata/template/cui/spreadsh.000

 Making z:/arkhw/localpc/geos2000/userdata/template/cui/spreadsh.000/@dirname.000
     as Spreadsheets

Copying g:/perforce/pcgeos/Tools/build/product/ark/userdata/template/cui/spreadsheets/invoice.000
     to z:/arkhw/localpc/geos2000/userdata/template/cui/spreadsh.000/

Copying g:/perforce/pcgeos/Tools/build/product/ark/userdata/template/cui/spreadsheets/Monthly_.000
     to z:/arkhw/localpc/geos2000/userdata/template/cui/spreadsh.000/

Copying g:/perforce/pcgeos/Tools/build/product/ark/userdata/template/cui/spreadsheets/company_.000
     to z:/arkhw/localpc/geos2000/userdata/template/cui/spreadsh.000/

Copying g:/perforce/pcgeos/Tools/build/product/ark/userdata/template/cui/spreadsheets/company_.001
     to z:/arkhw/localpc/geos2000/userdata/template/cui/spreadsh.000/

Copying g:/perforce/pcgeos/Tools/build/product/ark/userdata/template/cui/spreadsheets/company_.002
     to z:/arkhw/localpc/geos2000/userdata/template/cui/spreadsh.000/

Copying g:/perforce/pcgeos/Tools/build/product/ark/userdata/template/cui/spreadsheets/time_she.000
     to z:/arkhw/localpc/geos2000/userdata/template/cui/spreadsh.000/

Copying g:/perforce/pcgeos/Tools/build/product/ark/userdata/template/cui/spreadsheets/travel_a.000
     to z:/arkhw/localpc/geos2000/userdata/template/cui/spreadsh.000/

Copying g:/perforce/pcgeos/Tools/build/product/ark/userdata/template/cui/spreadsheets/ShopList.000
     to z:/arkhw/localpc/geos2000/userdata/template/cui/spreadsh.000/

 Making directory z:/arkhw/localpc/geos2000/userdata/template/cui/invitati.000

 Making z:/arkhw/localpc/geos2000/userdata/template/cui/invitati.000/@dirname.000
     as Invitations

Copying g:/perforce/pcgeos/Tools/build/product/ark/userdata/template/cui/invite/bpi_1.gif
     to z:/arkhw/localpc/geos2000/userdata/template/cui/invitati.000/

Copying g:/perforce/pcgeos/Tools/build/product/ark/userdata/template/cui/invite/bpi_2.gif
     to z:/arkhw/localpc/geos2000/userdata/template/cui/invitati.000/

Copying g:/perforce/pcgeos/Tools/build/product/ark/userdata/template/cui/invite/birthday.000
     to z:/arkhw/localpc/geos2000/userdata/template/cui/invitati.000/

Copying g:/perforce/pcgeos/Tools/build/product/ark/userdata/template/cui/invite/gc_fold1.gif
     to z:/arkhw/localpc/geos2000/userdata/template/cui/invitati.000/

Copying g:/perforce/pcgeos/Tools/build/product/ark/userdata/template/cui/invite/gc_fold2.gif
     to z:/arkhw/localpc/geos2000/userdata/template/cui/invitati.000/

Copying g:/perforce/pcgeos/Tools/build/product/ark/userdata/template/cui/invite/Invitati.000
     to z:/arkhw/localpc/geos2000/userdata/template/cui/invitati.000/

Copying g:/perforce/pcgeos/Tools/build/product/ark/userdata/template/cui/invite/inv1_1.gif
     to z:/arkhw/localpc/geos2000/userdata/template/cui/invitati.000/

Copying g:/perforce/pcgeos/Tools/build/product/ark/userdata/template/cui/invite/inv1_2.gif
     to z:/arkhw/localpc/geos2000/userdata/template/cui/invitati.000/

Copying g:/perforce/pcgeos/Tools/build/product/ark/userdata/template/cui/invite/inv1_3.gif
     to z:/arkhw/localpc/geos2000/userdata/template/cui/invitati.000/

Copying g:/perforce/pcgeos/Tools/build/product/ark/userdata/template/cui/invite/inv1_4.gif
     to z:/arkhw/localpc/geos2000/userdata/template/cui/invitati.000/

 Making directory z:/arkhw/localpc/geos2000/userdata/template/cui/greeting.000

 Making z:/arkhw/localpc/geos2000/userdata/template/cui/greeting.000/@dirname.000
     as Greeting Cards

Copying g:/perforce/pcgeos/Tools/build/product/ark/userdata/template/cui/GREETING.000/B'DAY_CA.000
     to z:/arkhw/localpc/geos2000/userdata/template/cui/greeting.000/

Copying g:/perforce/pcgeos/Tools/build/product/ark/userdata/template/cui/GREETING.000/bc1_1.gif
     to z:/arkhw/localpc/geos2000/userdata/template/cui/greeting.000/

Copying g:/perforce/pcgeos/Tools/build/product/ark/userdata/template/cui/GREETING.000/bc1_2.gif
     to z:/arkhw/localpc/geos2000/userdata/template/cui/greeting.000/

Copying g:/perforce/pcgeos/Tools/build/product/ark/userdata/template/cui/GREETING.000/bc1_3.gif
     to z:/arkhw/localpc/geos2000/userdata/template/cui/greeting.000/

Copying g:/perforce/pcgeos/Tools/build/product/ark/userdata/template/cui/GREETING.000/bc1_4.gif
     to z:/arkhw/localpc/geos2000/userdata/template/cui/greeting.000/

Copying g:/perforce/pcgeos/Tools/build/product/ark/userdata/template/cui/GREETING.000/bc1_5.gif
     to z:/arkhw/localpc/geos2000/userdata/template/cui/greeting.000/

Copying g:/perforce/pcgeos/Tools/build/product/ark/userdata/template/cui/GREETING.000/gc_fold1.gif
     to z:/arkhw/localpc/geos2000/userdata/template/cui/greeting.000/

Copying g:/perforce/pcgeos/Tools/build/product/ark/userdata/template/cui/GREETING.000/gc_fold2.gif
     to z:/arkhw/localpc/geos2000/userdata/template/cui/greeting.000/

Copying g:/perforce/pcgeos/Tools/build/product/ark/userdata/template/cui/GREETING.000/BELATED_.000
     to z:/arkhw/localpc/geos2000/userdata/template/cui/greeting.000/

Copying g:/perforce/pcgeos/Tools/build/product/ark/userdata/template/cui/GREETING.000/bbc1_1.gif
     to z:/arkhw/localpc/geos2000/userdata/template/cui/greeting.000/

Copying g:/perforce/pcgeos/Tools/build/product/ark/userdata/template/cui/GREETING.000/bbc1_2.gif
     to z:/arkhw/localpc/geos2000/userdata/template/cui/greeting.000/

Copying g:/perforce/pcgeos/Tools/build/product/ark/userdata/template/cui/GREETING.000/bbc1_3.gif
     to z:/arkhw/localpc/geos2000/userdata/template/cui/greeting.000/

Copying g:/perforce/pcgeos/Tools/build/product/ark/userdata/template/cui/GREETING.000/FATHER'S.000
     to z:/arkhw/localpc/geos2000/userdata/template/cui/greeting.000/

Copying g:/perforce/pcgeos/Tools/build/product/ark/userdata/template/cui/GREETING.000/dad1_1.gif
     to z:/arkhw/localpc/geos2000/userdata/template/cui/greeting.000/

Copying g:/perforce/pcgeos/Tools/build/product/ark/userdata/template/cui/GREETING.000/dad1_2.gif
     to z:/arkhw/localpc/geos2000/userdata/template/cui/greeting.000/

Copying g:/perforce/pcgeos/Tools/build/product/ark/userdata/template/cui/GREETING.000/dad1_3.gif
     to z:/arkhw/localpc/geos2000/userdata/template/cui/greeting.000/

Copying g:/perforce/pcgeos/Tools/build/product/ark/userdata/template/cui/GREETING.000/FORGOT_T.000
     to z:/arkhw/localpc/geos2000/userdata/template/cui/greeting.000/

Copying g:/perforce/pcgeos/Tools/build/product/ark/userdata/template/cui/GREETING.000/fgot1_1.gif
     to z:/arkhw/localpc/geos2000/userdata/template/cui/greeting.000/

Copying g:/perforce/pcgeos/Tools/build/product/ark/userdata/template/cui/GREETING.000/fgot1_2.gif
     to z:/arkhw/localpc/geos2000/userdata/template/cui/greeting.000/

Copying g:/perforce/pcgeos/Tools/build/product/ark/userdata/template/cui/GREETING.000/fgot1_3.gif
     to z:/arkhw/localpc/geos2000/userdata/template/cui/greeting.000/

Copying g:/perforce/pcgeos/Tools/build/product/ark/userdata/template/cui/GREETING.000/VALENTIN.000
     to z:/arkhw/localpc/geos2000/userdata/template/cui/greeting.000/

Copying g:/perforce/pcgeos/Tools/build/product/ark/userdata/template/cui/GREETING.000/val1_1.gif
     to z:/arkhw/localpc/geos2000/userdata/template/cui/greeting.000/

Copying g:/perforce/pcgeos/Tools/build/product/ark/userdata/template/cui/GREETING.000/val1_2.gif
     to z:/arkhw/localpc/geos2000/userdata/template/cui/greeting.000/

Copying g:/perforce/pcgeos/Tools/build/product/ark/userdata/template/cui/GREETING.000/val1_3.gif
     to z:/arkhw/localpc/geos2000/userdata/template/cui/greeting.000/

Copying g:/perforce/pcgeos/Tools/build/product/ark/userdata/template/cui/GREETING.000/Birthday.000
     to z:/arkhw/localpc/geos2000/userdata/template/cui/greeting.000/

Copying g:/perforce/pcgeos/Tools/build/product/ark/userdata/template/cui/GREETING.000/bday1_1.gif
     to z:/arkhw/localpc/geos2000/userdata/template/cui/greeting.000/

Copying g:/perforce/pcgeos/Tools/build/product/ark/userdata/template/cui/GREETING.000/bday1_2.gif
     to z:/arkhw/localpc/geos2000/userdata/template/cui/greeting.000/

Copying g:/perforce/pcgeos/Tools/build/product/ark/userdata/template/cui/GREETING.000/bday1_3.gif
     to z:/arkhw/localpc/geos2000/userdata/template/cui/greeting.000/

Copying g:/perforce/pcgeos/Tools/build/product/ark/userdata/template/cui/GREETING.000/Birthday.001
     to z:/arkhw/localpc/geos2000/userdata/template/cui/greeting.000/

Copying g:/perforce/pcgeos/Tools/build/product/ark/userdata/template/cui/GREETING.000/bday3_1.gif
     to z:/arkhw/localpc/geos2000/userdata/template/cui/greeting.000/

Copying g:/perforce/pcgeos/Tools/build/product/ark/userdata/template/cui/GREETING.000/bday3_2.gif
     to z:/arkhw/localpc/geos2000/userdata/template/cui/greeting.000/

Copying g:/perforce/pcgeos/Tools/build/product/ark/userdata/template/cui/GREETING.000/bday3_3.gif
     to z:/arkhw/localpc/geos2000/userdata/template/cui/greeting.000/

Copying g:/perforce/pcgeos/Tools/build/product/ark/userdata/template/cui/GREETING.000/Christma.000
     to z:/arkhw/localpc/geos2000/userdata/template/cui/greeting.000/

Copying g:/perforce/pcgeos/Tools/build/product/ark/userdata/template/cui/GREETING.000/chs1_1.gif
     to z:/arkhw/localpc/geos2000/userdata/template/cui/greeting.000/

Copying g:/perforce/pcgeos/Tools/build/product/ark/userdata/template/cui/GREETING.000/chs1_2.gif
     to z:/arkhw/localpc/geos2000/userdata/template/cui/greeting.000/

Copying g:/perforce/pcgeos/Tools/build/product/ark/userdata/template/cui/GREETING.000/chs1_3.gif
     to z:/arkhw/localpc/geos2000/userdata/template/cui/greeting.000/

Copying g:/perforce/pcgeos/Tools/build/product/ark/userdata/template/cui/GREETING.000/Hannukah.000
     to z:/arkhw/localpc/geos2000/userdata/template/cui/greeting.000/

Copying g:/perforce/pcgeos/Tools/build/product/ark/userdata/template/cui/GREETING.000/Han1_1.gif
     to z:/arkhw/localpc/geos2000/userdata/template/cui/greeting.000/

Copying g:/perforce/pcgeos/Tools/build/product/ark/userdata/template/cui/GREETING.000/han1_2.gif
     to z:/arkhw/localpc/geos2000/userdata/template/cui/greeting.000/

Copying g:/perforce/pcgeos/Tools/build/product/ark/userdata/template/cui/GREETING.000/han1_3.gif
     to z:/arkhw/localpc/geos2000/userdata/template/cui/greeting.000/

Copying g:/perforce/pcgeos/Tools/build/product/ark/userdata/template/cui/GREETING.000/Holidays.000
     to z:/arkhw/localpc/geos2000/userdata/template/cui/greeting.000/

Copying g:/perforce/pcgeos/Tools/build/product/ark/userdata/template/cui/GREETING.000/hday1_1.gif
     to z:/arkhw/localpc/geos2000/userdata/template/cui/greeting.000/

Copying g:/perforce/pcgeos/Tools/build/product/ark/userdata/template/cui/GREETING.000/hday1_2.gif
     to z:/arkhw/localpc/geos2000/userdata/template/cui/greeting.000/

Copying g:/perforce/pcgeos/Tools/build/product/ark/userdata/template/cui/GREETING.000/hday1_3.gif
     to z:/arkhw/localpc/geos2000/userdata/template/cui/greeting.000/

 Making directory z:/arkhw/localpc/geos2000/userdata/template/cui/letters

 Making z:/arkhw/localpc/geos2000/userdata/template/cui/letters/@dirname.000
     as Letters

Copying g:/perforce/pcgeos/Tools/build/product/Ark/Userdata/Template/cui/design_assistants/FROM_THE.000
     to z:/arkhw/localpc/geos2000/userdata/template/cui/letters/

Copying g:/perforce/pcgeos/Tools/build/product/Ark/Userdata/Template/cui/design_assistants/MEMO1.GIF
     to z:/arkhw/localpc/geos2000/userdata/template/cui/letters/

Copying g:/perforce/pcgeos/Tools/build/product/Ark/Userdata/Template/cui/design_assistants/MEMO2.GIF
     to z:/arkhw/localpc/geos2000/userdata/template/cui/letters/

Copying g:/perforce/pcgeos/Tools/build/product/Ark/Userdata/Template/cui/design_assistants/MEMO3.GIF
     to z:/arkhw/localpc/geos2000/userdata/template/cui/letters/

Copying g:/perforce/pcgeos/Tools/build/product/Ark/Userdata/Template/cui/design_assistants/MEMO4.GIF
     to z:/arkhw/localpc/geos2000/userdata/template/cui/letters/

Copying g:/perforce/pcgeos/Tools/build/product/ark/userdata/template/cui/LETTER/Business.001
     to z:/arkhw/localpc/geos2000/userdata/template/cui/letters/

Copying g:/perforce/pcgeos/Tools/build/product/ark/userdata/template/cui/LETTER/Bus2_01.gif
     to z:/arkhw/localpc/geos2000/userdata/template/cui/letters/

Copying g:/perforce/pcgeos/Tools/build/product/ark/userdata/template/cui/LETTER/Bus2_02.gif
     to z:/arkhw/localpc/geos2000/userdata/template/cui/letters/

Copying g:/perforce/pcgeos/Tools/build/product/ark/userdata/template/cui/LETTER/Bus2_03.gif
     to z:/arkhw/localpc/geos2000/userdata/template/cui/letters/

Copying g:/perforce/pcgeos/Tools/build/product/ark/userdata/template/cui/LETTER/Bus2_04.gif
     to z:/arkhw/localpc/geos2000/userdata/template/cui/letters/

Copying g:/perforce/pcgeos/Tools/build/product/ark/userdata/template/cui/LETTER/Bus2_05.gif
     to z:/arkhw/localpc/geos2000/userdata/template/cui/letters/

Copying g:/perforce/pcgeos/Tools/build/product/ark/userdata/template/cui/LETTER/Bus2_06.gif
     to z:/arkhw/localpc/geos2000/userdata/template/cui/letters/

Copying g:/perforce/pcgeos/Tools/build/product/ark/userdata/template/cui/LETTER/Bus2_07.gif
     to z:/arkhw/localpc/geos2000/userdata/template/cui/letters/

Copying g:/perforce/pcgeos/Tools/build/product/ark/userdata/template/cui/LETTER/Bus2_08.gif
     to z:/arkhw/localpc/geos2000/userdata/template/cui/letters/

Copying g:/perforce/pcgeos/Tools/build/product/ark/userdata/template/cui/LETTER/Bus2_09.gif
     to z:/arkhw/localpc/geos2000/userdata/template/cui/letters/

Copying g:/perforce/pcgeos/Tools/build/product/ark/userdata/template/cui/LETTER/Bus2_10.gif
     to z:/arkhw/localpc/geos2000/userdata/template/cui/letters/

Copying g:/perforce/pcgeos/Tools/build/product/ark/userdata/template/cui/LETTER/Bus2_don.gif
     to z:/arkhw/localpc/geos2000/userdata/template/cui/letters/

Copying g:/perforce/pcgeos/Tools/build/product/Ark/Userdata/Template/Writer/my_lette.000
     to z:/arkhw/localpc/geos2000/userdata/template/cui/letters/

Copying g:/perforce/pcgeos/Tools/build/product/Ark/Userdata/Template/Writer/address.gif
     to z:/arkhw/localpc/geos2000/userdata/template/cui/letters/

Copying g:/perforce/pcgeos/Tools/build/product/Ark/Userdata/Template/Writer/body.gif
     to z:/arkhw/localpc/geos2000/userdata/template/cui/letters/

Copying g:/perforce/pcgeos/Tools/build/product/Ark/Userdata/Template/Writer/intro.gif
     to z:/arkhw/localpc/geos2000/userdata/template/cui/letters/

Copying g:/perforce/pcgeos/Tools/build/product/Ark/Userdata/Template/Writer/close.gif
     to z:/arkhw/localpc/geos2000/userdata/template/cui/letters/

Copying g:/perforce/pcgeos/Tools/build/product/Ark/Userdata/Template/Writer/date.gif
     to z:/arkhw/localpc/geos2000/userdata/template/cui/letters/

Copying g:/perforce/pcgeos/Tools/build/product/Ark/Userdata/Template/Writer/done.gif
     to z:/arkhw/localpc/geos2000/userdata/template/cui/letters/

Copying g:/perforce/pcgeos/Tools/build/product/Ark/Userdata/Template/Writer/name.gif
     to z:/arkhw/localpc/geos2000/userdata/template/cui/letters/

Copying g:/perforce/pcgeos/Tools/build/product/Ark/Userdata/Template/Writer/salut.gif
     to z:/arkhw/localpc/geos2000/userdata/template/cui/letters/

Copying g:/perforce/pcgeos/Tools/build/product/Ark/Userdata/Template/Writer/sign.gif
     to z:/arkhw/localpc/geos2000/userdata/template/cui/letters/

Copying g:/perforce/pcgeos/Tools/build/product/Ark/Userdata/Template/Writer/youraddr.gif
     to z:/arkhw/localpc/geos2000/userdata/template/cui/letters/

Copying g:/perforce/pcgeos/Tools/build/product/Ark/Userdata/Template/Writer/yourname.gif
     to z:/arkhw/localpc/geos2000/userdata/template/cui/letters/

Copying g:/perforce/pcgeos/Tools/build/product/ark/userdata/template/cui/LETTER/Business.002
     to z:/arkhw/localpc/geos2000/userdata/template/cui/letters/

Copying g:/perforce/pcgeos/Tools/build/product/ark/userdata/template/cui/LETTER/LETTERHE.000
     to z:/arkhw/localpc/geos2000/userdata/template/cui/letters/

Copying g:/perforce/pcgeos/Tools/build/product/ark/userdata/template/cui/LETTER/LETTERHE.001
     to z:/arkhw/localpc/geos2000/userdata/template/cui/letters/

Copying g:/perforce/pcgeos/Tools/build/product/ark/userdata/template/cui/LETTER/ltr2_1.gif
     to z:/arkhw/localpc/geos2000/userdata/template/cui/letters/

Copying g:/perforce/pcgeos/Tools/build/product/ark/userdata/template/cui/LETTER/ltr2_2.gif
     to z:/arkhw/localpc/geos2000/userdata/template/cui/letters/

Copying g:/perforce/pcgeos/Tools/build/product/ark/userdata/template/cui/LETTER/ltr2_3.gif
     to z:/arkhw/localpc/geos2000/userdata/template/cui/letters/

Copying g:/perforce/pcgeos/Tools/build/product/ark/userdata/template/cui/LETTER/ltr2_4.gif
     to z:/arkhw/localpc/geos2000/userdata/template/cui/letters/

Copying g:/perforce/pcgeos/Tools/build/product/ark/userdata/template/cui/LETTER/ltr2_5.gif
     to z:/arkhw/localpc/geos2000/userdata/template/cui/letters/

Copying g:/perforce/pcgeos/Tools/build/product/ark/userdata/template/cui/LETTER/ltr2_6.gif
     to z:/arkhw/localpc/geos2000/userdata/template/cui/letters/

Copying g:/perforce/pcgeos/Tools/build/product/ark/userdata/template/cui/LETTER/ltr2_7.gif
     to z:/arkhw/localpc/geos2000/userdata/template/cui/letters/

Copying g:/perforce/pcgeos/Tools/build/product/ark/userdata/template/cui/LETTER/ltr2_8.gif
     to z:/arkhw/localpc/geos2000/userdata/template/cui/letters/

Copying g:/perforce/pcgeos/Tools/build/product/ark/userdata/template/cui/LETTER/ltr2_9.gif
     to z:/arkhw/localpc/geos2000/userdata/template/cui/letters/

Copying g:/perforce/pcgeos/Tools/build/product/ark/userdata/template/cui/LETTER/ltr2_10.gif
     to z:/arkhw/localpc/geos2000/userdata/template/cui/letters/

Copying g:/perforce/pcgeos/Tools/build/product/ark/userdata/template/cui/LETTER/ltr2_11.gif
     to z:/arkhw/localpc/geos2000/userdata/template/cui/letters/

Copying g:/perforce/pcgeos/Tools/build/product/ark/userdata/template/cui/LETTER/ltr2_12.gif
     to z:/arkhw/localpc/geos2000/userdata/template/cui/letters/

Copying g:/perforce/pcgeos/Tools/build/product/ark/userdata/template/cui/LETTER/LETTERHE.002
     to z:/arkhw/localpc/geos2000/userdata/template/cui/letters/

Copying g:/perforce/pcgeos/Tools/build/product/ark/userdata/template/cui/LETTER/LETTERHE.003
     to z:/arkhw/localpc/geos2000/userdata/template/cui/letters/

Copying g:/perforce/pcgeos/Tools/build/product/ark/userdata/template/cui/LETTER/ltr4_1.gif
     to z:/arkhw/localpc/geos2000/userdata/template/cui/letters/

Copying g:/perforce/pcgeos/Tools/build/product/ark/userdata/template/cui/LETTER/ltr4_2.gif
     to z:/arkhw/localpc/geos2000/userdata/template/cui/letters/

Copying g:/perforce/pcgeos/Tools/build/product/ark/userdata/template/cui/LETTER/ltr4_3.gif
     to z:/arkhw/localpc/geos2000/userdata/template/cui/letters/

Copying g:/perforce/pcgeos/Tools/build/product/ark/userdata/template/cui/LETTER/ltr4_4.gif
     to z:/arkhw/localpc/geos2000/userdata/template/cui/letters/

Copying g:/perforce/pcgeos/Tools/build/product/ark/userdata/template/cui/LETTER/ltr4_5.gif
     to z:/arkhw/localpc/geos2000/userdata/template/cui/letters/

Copying g:/perforce/pcgeos/Tools/build/product/ark/userdata/template/cui/LETTER/ltr4_6.gif
     to z:/arkhw/localpc/geos2000/userdata/template/cui/letters/

Copying g:/perforce/pcgeos/Tools/build/product/ark/userdata/template/cui/LETTER/ltr4_7.gif
     to z:/arkhw/localpc/geos2000/userdata/template/cui/letters/

Copying g:/perforce/pcgeos/Tools/build/product/ark/userdata/template/cui/LETTER/ltr4_8.gif
     to z:/arkhw/localpc/geos2000/userdata/template/cui/letters/

Copying g:/perforce/pcgeos/Tools/build/product/ark/userdata/template/cui/LETTER/ltr4_9.gif
     to z:/arkhw/localpc/geos2000/userdata/template/cui/letters/

Copying g:/perforce/pcgeos/Tools/build/product/ark/userdata/template/cui/LETTER/LETTERHE.004
     to z:/arkhw/localpc/geos2000/userdata/template/cui/letters/

Copying g:/perforce/pcgeos/Tools/build/product/ark/userdata/template/cui/LETTER/ltr5_1.gif
     to z:/arkhw/localpc/geos2000/userdata/template/cui/letters/

Copying g:/perforce/pcgeos/Tools/build/product/ark/userdata/template/cui/LETTER/ltr5_2.gif
     to z:/arkhw/localpc/geos2000/userdata/template/cui/letters/

Copying g:/perforce/pcgeos/Tools/build/product/ark/userdata/template/cui/LETTER/ltr5_3.gif
     to z:/arkhw/localpc/geos2000/userdata/template/cui/letters/

Copying g:/perforce/pcgeos/Tools/build/product/ark/userdata/template/cui/LETTER/ltr5_4.gif
     to z:/arkhw/localpc/geos2000/userdata/template/cui/letters/

Copying g:/perforce/pcgeos/Tools/build/product/ark/userdata/template/cui/LETTER/ltr5_5.gif
     to z:/arkhw/localpc/geos2000/userdata/template/cui/letters/

Copying g:/perforce/pcgeos/Tools/build/product/ark/userdata/template/cui/LETTER/ltr5_6.gif
     to z:/arkhw/localpc/geos2000/userdata/template/cui/letters/

Copying g:/perforce/pcgeos/Tools/build/product/ark/userdata/template/cui/LETTER/ltr5_7.gif
     to z:/arkhw/localpc/geos2000/userdata/template/cui/letters/

Copying g:/perforce/pcgeos/Tools/build/product/ark/userdata/template/cui/LETTER/ltr5_8.gif
     to z:/arkhw/localpc/geos2000/userdata/template/cui/letters/

Copying g:/perforce/pcgeos/Tools/build/product/ark/userdata/template/cui/LETTER/ltr5_9.gif
     to z:/arkhw/localpc/geos2000/userdata/template/cui/letters/

Copying g:/perforce/pcgeos/Tools/build/product/ark/userdata/template/cui/LETTER/LETTERHE.005
     to z:/arkhw/localpc/geos2000/userdata/template/cui/letters/

Copying g:/perforce/pcgeos/Tools/build/product/ark/userdata/template/cui/LETTER/ltr6_1.gif
     to z:/arkhw/localpc/geos2000/userdata/template/cui/letters/

Copying g:/perforce/pcgeos/Tools/build/product/ark/userdata/template/cui/LETTER/ltr6_2.gif
     to z:/arkhw/localpc/geos2000/userdata/template/cui/letters/

Copying g:/perforce/pcgeos/Tools/build/product/ark/userdata/template/cui/LETTER/ltr6_3.gif
     to z:/arkhw/localpc/geos2000/userdata/template/cui/letters/

Copying g:/perforce/pcgeos/Tools/build/product/ark/userdata/template/cui/LETTER/ltr6_4.gif
     to z:/arkhw/localpc/geos2000/userdata/template/cui/letters/

Copying g:/perforce/pcgeos/Tools/build/product/ark/userdata/template/cui/LETTER/ltr6_5.gif
     to z:/arkhw/localpc/geos2000/userdata/template/cui/letters/

Copying g:/perforce/pcgeos/Tools/build/product/ark/userdata/template/cui/LETTER/ltr6_6.gif
     to z:/arkhw/localpc/geos2000/userdata/template/cui/letters/

Copying g:/perforce/pcgeos/Tools/build/product/ark/userdata/template/cui/LETTER/ltr6_7.gif
     to z:/arkhw/localpc/geos2000/userdata/template/cui/letters/

Copying g:/perforce/pcgeos/Tools/build/product/ark/userdata/template/cui/LETTER/ltr6_8.gif
     to z:/arkhw/localpc/geos2000/userdata/template/cui/letters/

Copying g:/perforce/pcgeos/Tools/build/product/ark/userdata/template/cui/LETTER/ltr6_9.gif
     to z:/arkhw/localpc/geos2000/userdata/template/cui/letters/

Copying g:/perforce/pcgeos/Tools/build/product/ark/userdata/template/cui/LETTER/Business.000
     to z:/arkhw/localpc/geos2000/userdata/template/cui/letters/

Copying g:/perforce/pcgeos/Tools/build/product/ark/userdata/template/cui/LETTER/Bus1_01.gif
     to z:/arkhw/localpc/geos2000/userdata/template/cui/letters/

Copying g:/perforce/pcgeos/Tools/build/product/ark/userdata/template/cui/LETTER/Bus1_02.gif
     to z:/arkhw/localpc/geos2000/userdata/template/cui/letters/

Copying g:/perforce/pcgeos/Tools/build/product/ark/userdata/template/cui/LETTER/Bus1_03.gif
     to z:/arkhw/localpc/geos2000/userdata/template/cui/letters/

Copying g:/perforce/pcgeos/Tools/build/product/ark/userdata/template/cui/LETTER/Bus1_04.gif
     to z:/arkhw/localpc/geos2000/userdata/template/cui/letters/

Copying g:/perforce/pcgeos/Tools/build/product/ark/userdata/template/cui/LETTER/Bus1_05.gif
     to z:/arkhw/localpc/geos2000/userdata/template/cui/letters/

Copying g:/perforce/pcgeos/Tools/build/product/ark/userdata/template/cui/LETTER/Bus1_06.gif
     to z:/arkhw/localpc/geos2000/userdata/template/cui/letters/

Copying g:/perforce/pcgeos/Tools/build/product/ark/userdata/template/cui/LETTER/Bus1_07.gif
     to z:/arkhw/localpc/geos2000/userdata/template/cui/letters/

Copying g:/perforce/pcgeos/Tools/build/product/ark/userdata/template/cui/LETTER/Bus1_08.gif
     to z:/arkhw/localpc/geos2000/userdata/template/cui/letters/

Copying g:/perforce/pcgeos/Tools/build/product/ark/userdata/template/cui/LETTER/Bus1_09.gif
     to z:/arkhw/localpc/geos2000/userdata/template/cui/letters/

Copying g:/perforce/pcgeos/Tools/build/product/ark/userdata/template/cui/LETTER/Bus1_10.gif
     to z:/arkhw/localpc/geos2000/userdata/template/cui/letters/

Copying g:/perforce/pcgeos/Tools/build/product/ark/userdata/template/cui/LETTER/Bus1_11.gif
     to z:/arkhw/localpc/geos2000/userdata/template/cui/letters/

Copying g:/perforce/pcgeos/Tools/build/product/ark/userdata/template/cui/LETTER/Bus1_12.gif
     to z:/arkhw/localpc/geos2000/userdata/template/cui/letters/

 Making directory z:/arkhw/localpc/geos2000/userdata/template/cui/newslett.000

 Making z:/arkhw/localpc/geos2000/userdata/template/cui/newslett.000/@dirname.000
     as Newsletters

Copying g:/perforce/pcgeos/Tools/build/product/ark/userdata/template/cui/NEWSLETT.000/Newslett.001
     to z:/arkhw/localpc/geos2000/userdata/template/cui/newslett.000/

Copying g:/perforce/pcgeos/Tools/build/product/ark/userdata/template/cui/NEWSLETT.000/Newslett.002
     to z:/arkhw/localpc/geos2000/userdata/template/cui/newslett.000/

Copying g:/perforce/pcgeos/Tools/build/product/ark/userdata/template/cui/ANNOUNCE.000/NEWSFLAS.000
     to z:/arkhw/localpc/geos2000/userdata/template/cui/newslett.000/

 Making directory z:/arkhw/localpc/geos2000/userdata/template/cui/school

 Making z:/arkhw/localpc/geos2000/userdata/template/cui/school/@dirname.000
     as School

Copying g:/perforce/pcgeos/Tools/build/product/ark/userdata/template/cui/PAPER/TERM_PAP.000
     to z:/arkhw/localpc/geos2000/userdata/template/cui/school/

Copying g:/perforce/pcgeos/Tools/build/product/ark/userdata/template/cui/PAPER/BOOK_REP.000
     to z:/arkhw/localpc/geos2000/userdata/template/cui/school/

 Making directory z:/arkhw/localpc/geos2000/userdata/template/cui/home_off.000

 Making z:/arkhw/localpc/geos2000/userdata/template/cui/home_off.000/@dirname.000
     as Home Office

Copying g:/perforce/pcgeos/Tools/build/product/ark/userdata/template/cui/ENVELOPE/ENVELOPE.001
     to z:/arkhw/localpc/geos2000/userdata/template/cui/home_off.000/

Copying g:/perforce/pcgeos/Tools/build/product/ark/userdata/template/cui/ENVELOPE/ENV1_1.gif
     to z:/arkhw/localpc/geos2000/userdata/template/cui/home_off.000/

Copying g:/perforce/pcgeos/Tools/build/product/ark/userdata/template/cui/ENVELOPE/ENV1_2.gif
     to z:/arkhw/localpc/geos2000/userdata/template/cui/home_off.000/

Copying g:/perforce/pcgeos/Tools/build/product/ark/userdata/template/cui/ENVELOPE/ENV1_3.gif
     to z:/arkhw/localpc/geos2000/userdata/template/cui/home_off.000/

Copying g:/perforce/pcgeos/Tools/build/product/ark/userdata/template/cui/RESUME/COVER_LE.000
     to z:/arkhw/localpc/geos2000/userdata/template/cui/home_off.000/

Copying g:/perforce/pcgeos/Tools/build/product/ark/userdata/template/cui/RESUME/CL1_1.gif
     to z:/arkhw/localpc/geos2000/userdata/template/cui/home_off.000/

Copying g:/perforce/pcgeos/Tools/build/product/ark/userdata/template/cui/RESUME/CL1_2.gif
     to z:/arkhw/localpc/geos2000/userdata/template/cui/home_off.000/

Copying g:/perforce/pcgeos/Tools/build/product/ark/userdata/template/cui/RESUME/CL1_3.gif
     to z:/arkhw/localpc/geos2000/userdata/template/cui/home_off.000/

Copying g:/perforce/pcgeos/Tools/build/product/ark/userdata/template/cui/RESUME/CL1_4.gif
     to z:/arkhw/localpc/geos2000/userdata/template/cui/home_off.000/

Copying g:/perforce/pcgeos/Tools/build/product/ark/userdata/template/cui/RESUME/CL1_5.gif
     to z:/arkhw/localpc/geos2000/userdata/template/cui/home_off.000/

Copying g:/perforce/pcgeos/Tools/build/product/ark/userdata/template/cui/RESUME/CL1_6.gif
     to z:/arkhw/localpc/geos2000/userdata/template/cui/home_off.000/

Copying g:/perforce/pcgeos/Tools/build/product/ark/userdata/template/cui/RESUME/CL1_7.gif
     to z:/arkhw/localpc/geos2000/userdata/template/cui/home_off.000/

Copying g:/perforce/pcgeos/Tools/build/product/ark/userdata/template/cui/RESUME/CL1_8.gif
     to z:/arkhw/localpc/geos2000/userdata/template/cui/home_off.000/

Copying g:/perforce/pcgeos/Tools/build/product/ark/userdata/template/cui/RESUME/CL1_9.gif
     to z:/arkhw/localpc/geos2000/userdata/template/cui/home_off.000/

Copying g:/perforce/pcgeos/Tools/build/product/ark/userdata/template/cui/RESUME/CL1_10.gif
     to z:/arkhw/localpc/geos2000/userdata/template/cui/home_off.000/

Copying g:/perforce/pcgeos/Tools/build/product/ark/userdata/template/cui/RESUME/CL1_11.gif
     to z:/arkhw/localpc/geos2000/userdata/template/cui/home_off.000/

Copying g:/perforce/pcgeos/Tools/build/product/ark/userdata/template/cui/RESUME/CL1_12.gif
     to z:/arkhw/localpc/geos2000/userdata/template/cui/home_off.000/

Copying g:/perforce/pcgeos/Tools/build/product/ark/userdata/template/cui/RESUME/CL1_13.gif
     to z:/arkhw/localpc/geos2000/userdata/template/cui/home_off.000/

Copying g:/perforce/pcgeos/Tools/build/product/ark/userdata/template/cui/RESUME/CL1_14.gif
     to z:/arkhw/localpc/geos2000/userdata/template/cui/home_off.000/

Copying g:/perforce/pcgeos/Tools/build/product/ark/userdata/template/cui/RESUME/CL1_15.gif
     to z:/arkhw/localpc/geos2000/userdata/template/cui/home_off.000/

Copying g:/perforce/pcgeos/Tools/build/product/ark/userdata/template/cui/RESUME/COVER_LE.001
     to z:/arkhw/localpc/geos2000/userdata/template/cui/home_off.000/

Copying g:/perforce/pcgeos/Tools/build/product/ark/userdata/template/cui/RESUME/CL2_1.gif
     to z:/arkhw/localpc/geos2000/userdata/template/cui/home_off.000/

Copying g:/perforce/pcgeos/Tools/build/product/ark/userdata/template/cui/RESUME/CL2_2.gif
     to z:/arkhw/localpc/geos2000/userdata/template/cui/home_off.000/

Copying g:/perforce/pcgeos/Tools/build/product/ark/userdata/template/cui/RESUME/CL2_3.gif
     to z:/arkhw/localpc/geos2000/userdata/template/cui/home_off.000/

Copying g:/perforce/pcgeos/Tools/build/product/ark/userdata/template/cui/RESUME/CL2_4.gif
     to z:/arkhw/localpc/geos2000/userdata/template/cui/home_off.000/

Copying g:/perforce/pcgeos/Tools/build/product/ark/userdata/template/cui/RESUME/CL2_5.gif
     to z:/arkhw/localpc/geos2000/userdata/template/cui/home_off.000/

Copying g:/perforce/pcgeos/Tools/build/product/ark/userdata/template/cui/RESUME/CL2_6.gif
     to z:/arkhw/localpc/geos2000/userdata/template/cui/home_off.000/

Copying g:/perforce/pcgeos/Tools/build/product/ark/userdata/template/cui/RESUME/CL2_7.gif
     to z:/arkhw/localpc/geos2000/userdata/template/cui/home_off.000/

Copying g:/perforce/pcgeos/Tools/build/product/ark/userdata/template/cui/RESUME/CL2_8.gif
     to z:/arkhw/localpc/geos2000/userdata/template/cui/home_off.000/

Copying g:/perforce/pcgeos/Tools/build/product/ark/userdata/template/cui/RESUME/CL2_9.gif
     to z:/arkhw/localpc/geos2000/userdata/template/cui/home_off.000/

Copying g:/perforce/pcgeos/Tools/build/product/ark/userdata/template/cui/RESUME/CL2_10.gif
     to z:/arkhw/localpc/geos2000/userdata/template/cui/home_off.000/

Copying g:/perforce/pcgeos/Tools/build/product/ark/userdata/template/cui/RESUME/CL2_11.gif
     to z:/arkhw/localpc/geos2000/userdata/template/cui/home_off.000/

Copying g:/perforce/pcgeos/Tools/build/product/ark/userdata/template/cui/RESUME/CL2_12.gif
     to z:/arkhw/localpc/geos2000/userdata/template/cui/home_off.000/

Copying g:/perforce/pcgeos/Tools/build/product/ark/userdata/template/cui/RESUME/REFERENC.001
     to z:/arkhw/localpc/geos2000/userdata/template/cui/home_off.000/

Copying g:/perforce/pcgeos/Tools/build/product/ark/userdata/template/cui/RESUME/RESUME1.000
     to z:/arkhw/localpc/geos2000/userdata/template/cui/home_off.000/

Copying g:/perforce/pcgeos/Tools/build/product/ark/userdata/template/cui/RESUME/RESUME2.000
     to z:/arkhw/localpc/geos2000/userdata/template/cui/home_off.000/

ERROR: Could not find file Tools/build/product/ark/userdata/template/cui/FAX/FAX_1.000 in any of the source trees.

Copying g:/perforce/pcgeos/Tools/build/product/ark/userdata/template/cui/FAX/fax1_1.gif
     to z:/arkhw/localpc/geos2000/userdata/template/cui/home_off.000/

Copying g:/perforce/pcgeos/Tools/build/product/ark/userdata/template/cui/FAX/fax1_2.gif
     to z:/arkhw/localpc/geos2000/userdata/template/cui/home_off.000/

Copying g:/perforce/pcgeos/Tools/build/product/ark/userdata/template/cui/FAX/fax1_3.gif
     to z:/arkhw/localpc/geos2000/userdata/template/cui/home_off.000/

Copying g:/perforce/pcgeos/Tools/build/product/ark/userdata/template/cui/FAX/fax1_4.gif
     to z:/arkhw/localpc/geos2000/userdata/template/cui/home_off.000/

Copying g:/perforce/pcgeos/Tools/build/product/ark/userdata/template/cui/FAX/fax1_5.gif
     to z:/arkhw/localpc/geos2000/userdata/template/cui/home_off.000/

Copying g:/perforce/pcgeos/Tools/build/product/ark/userdata/template/cui/FAX/fax1_6.gif
     to z:/arkhw/localpc/geos2000/userdata/template/cui/home_off.000/

Copying g:/perforce/pcgeos/Tools/build/product/ark/userdata/template/cui/FAX/fax1_7.gif
     to z:/arkhw/localpc/geos2000/userdata/template/cui/home_off.000/

Copying g:/perforce/pcgeos/Tools/build/product/ark/userdata/template/cui/FAX/fax1_8.gif
     to z:/arkhw/localpc/geos2000/userdata/template/cui/home_off.000/

Copying g:/perforce/pcgeos/Tools/build/product/ark/userdata/template/cui/FAX/fax1_9.gif
     to z:/arkhw/localpc/geos2000/userdata/template/cui/home_off.000/

Copying g:/perforce/pcgeos/Tools/build/product/ark/userdata/template/cui/FAX/fax1_10.gif
     to z:/arkhw/localpc/geos2000/userdata/template/cui/home_off.000/

Copying g:/perforce/pcgeos/Tools/build/product/ark/userdata/template/cui/FAX/fax1_11.gif
     to z:/arkhw/localpc/geos2000/userdata/template/cui/home_off.000/

Copying g:/perforce/pcgeos/Tools/build/product/ark/userdata/template/cui/FAX/fax1_12.gif
     to z:/arkhw/localpc/geos2000/userdata/template/cui/home_off.000/

ERROR: Could not find file Tools/build/product/ark/userdata/template/cui/FAX/FAX_2.000 in any of the source trees.

Copying g:/perforce/pcgeos/Tools/build/product/ark/userdata/template/cui/FAX/fax2_1.gif
     to z:/arkhw/localpc/geos2000/userdata/template/cui/home_off.000/

Copying g:/perforce/pcgeos/Tools/build/product/ark/userdata/template/cui/FAX/fax2_2.gif
     to z:/arkhw/localpc/geos2000/userdata/template/cui/home_off.000/

Copying g:/perforce/pcgeos/Tools/build/product/ark/userdata/template/cui/FAX/fax2_3.gif
     to z:/arkhw/localpc/geos2000/userdata/template/cui/home_off.000/

Copying g:/perforce/pcgeos/Tools/build/product/ark/userdata/template/cui/FAX/fax2_4.gif
     to z:/arkhw/localpc/geos2000/userdata/template/cui/home_off.000/

Copying g:/perforce/pcgeos/Tools/build/product/ark/userdata/template/cui/FAX/fax2_5.gif
     to z:/arkhw/localpc/geos2000/userdata/template/cui/home_off.000/

Copying g:/perforce/pcgeos/Tools/build/product/ark/userdata/template/cui/FAX/fax2_6.gif
     to z:/arkhw/localpc/geos2000/userdata/template/cui/home_off.000/

Copying g:/perforce/pcgeos/Tools/build/product/ark/userdata/template/cui/FAX/fax2_7.gif
     to z:/arkhw/localpc/geos2000/userdata/template/cui/home_off.000/

ERROR: Could not find file Tools/build/product/ark/userdata/template/cui/FAX/FAX_3.000 in any of the source trees.

Copying g:/perforce/pcgeos/Tools/build/product/ark/userdata/template/cui/FAX/fax3_1.gif
     to z:/arkhw/localpc/geos2000/userdata/template/cui/home_off.000/

Copying g:/perforce/pcgeos/Tools/build/product/ark/userdata/template/cui/FAX/fax3_2.gif
     to z:/arkhw/localpc/geos2000/userdata/template/cui/home_off.000/

Copying g:/perforce/pcgeos/Tools/build/product/ark/userdata/template/cui/FAX/fax3_3.gif
     to z:/arkhw/localpc/geos2000/userdata/template/cui/home_off.000/

Copying g:/perforce/pcgeos/Tools/build/product/ark/userdata/template/cui/FAX/fax3_4.gif
     to z:/arkhw/localpc/geos2000/userdata/template/cui/home_off.000/

Copying g:/perforce/pcgeos/Tools/build/product/ark/userdata/template/cui/FAX/fax3_5.gif
     to z:/arkhw/localpc/geos2000/userdata/template/cui/home_off.000/

Copying g:/perforce/pcgeos/Tools/build/product/ark/userdata/template/cui/FAX/fax3_6.gif
     to z:/arkhw/localpc/geos2000/userdata/template/cui/home_off.000/

Copying g:/perforce/pcgeos/Tools/build/product/ark/userdata/template/cui/FAX/fax3_7.gif
     to z:/arkhw/localpc/geos2000/userdata/template/cui/home_off.000/

Copying g:/perforce/pcgeos/Tools/build/product/ark/userdata/template/cui/FAX/fax3_8.gif
     to z:/arkhw/localpc/geos2000/userdata/template/cui/home_off.000/

Copying g:/perforce/pcgeos/Tools/build/product/ark/userdata/template/cui/FAX/fax3_9.gif
     to z:/arkhw/localpc/geos2000/userdata/template/cui/home_off.000/

Copying g:/perforce/pcgeos/Tools/build/product/ark/userdata/template/cui/FAX/fax3_10.gif
     to z:/arkhw/localpc/geos2000/userdata/template/cui/home_off.000/

Copying g:/perforce/pcgeos/Tools/build/product/ark/userdata/template/cui/FAX/fax3_11.gif
     to z:/arkhw/localpc/geos2000/userdata/template/cui/home_off.000/

ERROR: Could not find file Tools/build/product/ark/userdata/template/cui/FAX/FAX_5.000 in any of the source trees.

Copying g:/perforce/pcgeos/Tools/build/product/ark/userdata/template/cui/FAX/fax5_1.gif
     to z:/arkhw/localpc/geos2000/userdata/template/cui/home_off.000/

Copying g:/perforce/pcgeos/Tools/build/product/ark/userdata/template/cui/FAX/fax5_2.gif
     to z:/arkhw/localpc/geos2000/userdata/template/cui/home_off.000/

Copying g:/perforce/pcgeos/Tools/build/product/ark/userdata/template/cui/FAX/fax5_3.gif
     to z:/arkhw/localpc/geos2000/userdata/template/cui/home_off.000/

Copying g:/perforce/pcgeos/Tools/build/product/ark/userdata/template/cui/FAX/fax5_4.gif
     to z:/arkhw/localpc/geos2000/userdata/template/cui/home_off.000/

Copying g:/perforce/pcgeos/Tools/build/product/ark/userdata/template/cui/FAX/fax5_5.gif
     to z:/arkhw/localpc/geos2000/userdata/template/cui/home_off.000/

Copying g:/perforce/pcgeos/Tools/build/product/ark/userdata/template/cui/FAX/fax5_6.gif
     to z:/arkhw/localpc/geos2000/userdata/template/cui/home_off.000/

Copying g:/perforce/pcgeos/Tools/build/product/ark/userdata/template/cui/FAX/fax5_7.gif
     to z:/arkhw/localpc/geos2000/userdata/template/cui/home_off.000/

ERROR: Could not find file Tools/build/product/ark/userdata/template/cui/FAX/FAX_4.000 in any of the source trees.

Copying g:/perforce/pcgeos/Tools/build/product/ark/userdata/template/cui/FAX/FAX4_01.gif
     to z:/arkhw/localpc/geos2000/userdata/template/cui/home_off.000/

Copying g:/perforce/pcgeos/Tools/build/product/ark/userdata/template/cui/FAX/FAX4_02.gif
     to z:/arkhw/localpc/geos2000/userdata/template/cui/home_off.000/

Copying g:/perforce/pcgeos/Tools/build/product/ark/userdata/template/cui/FAX/FAX4_03.gif
     to z:/arkhw/localpc/geos2000/userdata/template/cui/home_off.000/

Copying g:/perforce/pcgeos/Tools/build/product/ark/userdata/template/cui/FAX/FAX4_04.gif
     to z:/arkhw/localpc/geos2000/userdata/template/cui/home_off.000/

Copying g:/perforce/pcgeos/Tools/build/product/ark/userdata/template/cui/FAX/FAX4_05.gif
     to z:/arkhw/localpc/geos2000/userdata/template/cui/home_off.000/

Copying g:/perforce/pcgeos/Tools/build/product/ark/userdata/template/cui/FAX/FAX4_06.gif
     to z:/arkhw/localpc/geos2000/userdata/template/cui/home_off.000/

Copying g:/perforce/pcgeos/Tools/build/product/ark/userdata/template/cui/FAX/FAX4_07.gif
     to z:/arkhw/localpc/geos2000/userdata/template/cui/home_off.000/

 Making directory z:/arkhw/localpc/geos2000/userdata/deck

Copying g:/perforce/pcgeos/<i>/Appl/Art/Decks/GeoDeck/geodeck.vm
     to z:/arkhw/localpc/geos2000/userdata/deck/

 Making directory z:/arkhw/localpc/geos2000/userdata/font

Copying g:/perforce/pcgeos/FontData/Berkeley.fnt
     to z:/arkhw/localpc/geos2000/userdata/font/

Copying g:/perforce/pcgeos/FontData/Bison.fnt
     to z:/arkhw/localpc/geos2000/userdata/font/

Copying g:/perforce/pcgeos/FontData/Broadway.fnt
     to z:/arkhw/localpc/geos2000/userdata/font/

Copying g:/perforce/pcgeos/FontData/LED.fnt
     to z:/arkhw/localpc/geos2000/userdata/font/

Copying g:/perforce/pcgeos/FontData/Roman.fnt
     to z:/arkhw/localpc/geos2000/userdata/font/

Copying g:/perforce/pcgeos/FontData/Sans.fnt
     to z:/arkhw/localpc/geos2000/userdata/font/

Copying g:/perforce/pcgeos/FontData/Universi.fnt
     to z:/arkhw/localpc/geos2000/userdata/font/

Copying g:/perforce/pcgeos/FontData/Century_.fnt
     to z:/arkhw/localpc/geos2000/userdata/font/

Copying g:/perforce/pcgeos/FontData/Cooper.fnt
     to z:/arkhw/localpc/geos2000/userdata/font/

Copying g:/perforce/pcgeos/FontData/FGothic.fnt
     to z:/arkhw/localpc/geos2000/userdata/font/

Copying g:/perforce/pcgeos/FontData/SymbolPS.fnt
     to z:/arkhw/localpc/geos2000/userdata/font/

Copying g:/perforce/pcgeos/FontData/Park_Ave.fnt
     to z:/arkhw/localpc/geos2000/userdata/font/

Copying g:/perforce/pcgeos/FontData/Mono.fnt
     to z:/arkhw/localpc/geos2000/userdata/font/

 Making directory z:/arkhw/localpc/geos2000/userdata/help

ERROR: Could not find file Auihelp.000 in any of the source trees.

 Making directory z:/arkhw/localpc/geos2000/world

Copying g:/perforce/pcgeos/<i>/Appl/GPCMail/email.geo
     to z:/arkhw/localpc/geos2000/world/

Copying g:/perforce/pcgeos/<i>/Appl/Breadbox/gpcbrow/JS/gpcbrow.geo
     to z:/arkhw/localpc/geos2000/world/

Copying g:/perforce/pcgeos/<i>/Appl/BreadBox/GPCChat/gpcchat.geo
     to z:/arkhw/localpc/geos2000/world/

Copying g:/perforce/pcgeos/<i>/Appl/BreadBox/NewsRead/newsread.geo
     to z:/arkhw/localpc/geos2000/world/

Copying g:/perforce/pcgeos/<i>/Appl/eFax/eFax.geo
     to z:/arkhw/localpc/geos2000/world/

 Making directory z:/arkhw/localpc/geos2000/world/accessor.000

 Making z:/arkhw/localpc/geos2000/world/accessor.000/@dirname.000
     as Accessories

Copying g:/perforce/pcgeos/<i>/Appl/BigCalc/bigcalc.geo
     to z:/arkhw/localpc/geos2000/world/accessor.000/

Copying g:/perforce/pcgeos/<i>/Appl/ScrapBk/scrapbk.geo
     to z:/arkhw/localpc/geos2000/world/accessor.000/

Copying g:/perforce/pcgeos/<i>/Appl/WavPlay/wavplay.geo
     to z:/arkhw/localpc/geos2000/world/accessor.000/

Copying g:/perforce/pcgeos/<i>/Appl/Charm/charm.geo
     to z:/arkhw/localpc/geos2000/world/accessor.000/

Copying g:/perforce/pcgeos/<i>/Appl/Banner/banner.geo
     to z:/arkhw/localpc/geos2000/world/accessor.000/

Copying g:/perforce/pcgeos/<i>/Appl/PDFViewer/pdfvu.geo
     to z:/arkhw/localpc/geos2000/world/accessor.000/

Copying g:/perforce/pcgeos/<i>/Appl/PicAlbum/picalbum.geo
     to z:/arkhw/localpc/geos2000/world/accessor.000/

 Making directory z:/arkhw/localpc/geos2000/world/computer.000

 Making z:/arkhw/localpc/geos2000/world/computer.000/@dirname.000
     as Computer Utilities

Copying g:/perforce/pcgeos/<i>/Appl/IDialup/idialup.geo
     to z:/arkhw/localpc/geos2000/world/computer.000/

Copying g:/perforce/pcgeos/<i>/Appl/Preferences/PrefMgr/prefmgr.geo
     to z:/arkhw/localpc/geos2000/world/computer.000/

Copying g:/perforce/pcgeos/<i>/Appl/SWMgr/SWMgr.geo
     to z:/arkhw/localpc/geos2000/world/computer.000/

Copying g:/perforce/pcgeos/<i>/Appl/Update/update.geo
     to z:/arkhw/localpc/geos2000/world/computer.000/

Copying g:/perforce/pcgeos/<i>/Appl/BkRt/bkrt.geo
     to z:/arkhw/localpc/geos2000/world/computer.000/

Copying g:/perforce/pcgeos/<i>/Appl/BreadBox/Geozip/geozip.geo
     to z:/arkhw/localpc/geos2000/world/computer.000/

Copying g:/perforce/pcgeos/<i>/Appl/Util/Unplug/unplug.geo
     to z:/arkhw/localpc/geos2000/world/computer.000/

 Making directory z:/arkhw/localpc/geos2000/world/play_and.000

 Making z:/arkhw/localpc/geos2000/world/play_and.000/@dirname.000
     as Play and Learn

Copying g:/perforce/pcgeos/<i>/Appl/Games/Tetris/tetris.geo
     to z:/arkhw/localpc/geos2000/world/play_and.000/

Copying g:/perforce/pcgeos/<i>/Appl/Games/CWord/cword.geo
     to z:/arkhw/localpc/geos2000/world/play_and.000/

Copying g:/perforce/pcgeos/<i>/Appl/Games/Solitaire/soli.geo
     to z:/arkhw/localpc/geos2000/world/play_and.000/

Copying g:/perforce/pcgeos/<i>/Appl/Tutorial/tutorial.geo
     to z:/arkhw/localpc/geos2000/world/play_and.000/

 Making directory z:/arkhw/localpc/geos2000/world/home_off.000

 Making z:/arkhw/localpc/geos2000/world/home_off.000/@dirname.000
     as Home Office

Copying g:/perforce/pcgeos/<i>/Appl/GeoCalc/geocalc.geo
     to z:/arkhw/localpc/geos2000/world/home_off.000/

Copying g:/perforce/pcgeos/<i>/Appl/GeoWrite/write.geo
     to z:/arkhw/localpc/geos2000/world/home_off.000/

Copying g:/perforce/pcgeos/<i>/Appl/GeoDraw/draw.geo
     to z:/arkhw/localpc/geos2000/world/home_off.000/

 Making directory z:/arkhw/localpc/geos2000/world/organize

 Making z:/arkhw/localpc/geos2000/world/organize/@dirname.000
     as Organize

Copying g:/perforce/pcgeos/<i>/Appl/Calendar/geoplan.geo
     to z:/arkhw/localpc/geos2000/world/organize/

Copying g:/perforce/pcgeos/<i>/Appl/GeoDex/geodex.geo
     to z:/arkhw/localpc/geos2000/world/organize/

Copying g:/perforce/pcgeos/<i>/Appl/BreadBox/GPCBase/gpcbase.geo
     to z:/arkhw/localpc/geos2000/world/organize/

Copying g:/perforce/pcgeos/<i>/Appl/BreadBox/GPCBnkr/gpcbnkr.geo
     to z:/arkhw/localpc/geos2000/world/organize/

 Making directory z:/arkhw/localpc/geosapps

 Making directory z:/arkhw/localpc/dosapps

 Making directory z:/arkhw/localpc/bin

Copying g:/perforce/pcgeos/Tools/build/product/Ark/Template/mouse.com
     to z:/arkhw/localpc/bin/

 Making directory z:/arkhw/image

_____________________ Errors _____________________

There were 6 errors:
Could not find file Tools/build/product/ark/userdata/template/cui/FAX/FAX_1.000 in any of the source trees.
Could not find file Tools/build/product/ark/userdata/template/cui/FAX/FAX_2.000 in any of the source trees.
Could not find file Tools/build/product/ark/userdata/template/cui/FAX/FAX_3.000 in any of the source trees.
Could not find file Tools/build/product/ark/userdata/template/cui/FAX/FAX_5.000 in any of the source trees.
Could not find file Tools/build/product/ark/userdata/template/cui/FAX/FAX_4.000 in any of the source trees.
Could not find file Auihelp.000 in any of the source trees.

No warnings.

*** Welcome to buildArk! ***

Which platform? (pc/pcxip/hw/hwxip/small/nt/win/hwtools/nttools), 
   default = nt: Make an EC image? (y/n), default = n: Select desired language (english, uss, brp, etc.), default = english: Copy geodes from Installed to target? (y/n), default = y: Copy resource (.vm) files from Installed to target? (y/n), default = n: Directory to put target files in (default = z:/arkhw): + chdir g:/perforce/pcgeos/Tools/build/product/Ark
+ gbuild hwark.build "sourceDirs=g:/perforce/pcgeos/Ark/Installed g:/perforce/pcgeos/Installed g:/perforce/pcgeos" "promptOnDeleteDestTree=false" "ec=false" "language=n" "shipFiles=true" "vm=false" "desttree=z:/arkhw" 

buildArk completed!
