
G:\perforce\pcgeos\Tools\build\product\Ark\Scripts>perl g:\perforce\pcgeos\tools\build\product\Ark\scripts\buildArk.pl  

g:\perforce\pcgeos\Tools\build\product\Ark>perl g:\perforce\pcgeos\Tools\build\build\build.pl ntark.build "sourceDirs=g:/perforce/pcgeos/Ark/Installed g:/perforce/pcgeos/Installed g:/perforce/pcgeos" "promptOnDeleteDestTree=false" "ec=true" "language=n" "shipFiles=true" "vm=false" "desttree=c:/arkec"  

Reading variables from
        g:/perforce/pcgeos/Tools/build/product/Common/default.build.

Reading variables from
        ntark.build.

Setting variables from the command line.

Building destination path.

Removing c:/arkec.

Sending file tree ark.filetree.
Sending to c:/arkec

 Making directory c:/arkec/localpc

 Making directory c:/arkec/localpc/globalpc

Parsing g:/perforce/pcgeos/Tools/build/product/Ark/Template/geos.ini
        to c:/arkec/localpc/globalpc/geosec.ini

Parsing g:/perforce/pcgeos/Tools/build/product/Ark/Template/s.bat
        to c:/arkec/localpc/globalpc/s.bat

Parsing g:/perforce/pcgeos/Tools/build/product/Ark/Template/ss.bat
        to c:/arkec/localpc/globalpc/ss.bat

Parsing g:/perforce/pcgeos/Tools/build/product/Ark/Template/go.bat
        to c:/arkec/localpc/globalpc/go.bat

Copying g:/perforce/pcgeos/<i>/Loader/Text/loaderec.exe
     to c:/arkec/localpc/globalpc/

Copying g:/perforce/pcgeos/bin/stub32nm.exe
     to c:/arkec/localpc/globalpc/

Copying g:/perforce/pcgeos/Loader/geos.str
     to c:/arkec/localpc/globalpc/

Parsing g:/perforce/pcgeos/Tools/build/product/Ark/Template/globalpc.bat
        to c:/arkec/localpc/globalpc/globalpc.bat

 Making directory c:/arkec/localpc/globalpc/document

Copying g:/perforce/pcgeos/Tools/build/product/Ark/Document/My_sched.000
     to c:/arkec/localpc/globalpc/document/

Copying g:/perforce/pcgeos/Tools/build/product/Ark/Document/Wine_lis.000
     to c:/arkec/localpc/globalpc/document/

Copying g:/perforce/pcgeos/Tools/build/product/Ark/Document/Movie_co.000
     to c:/arkec/localpc/globalpc/document/

Copying g:/perforce/pcgeos/Tools/build/product/Ark/Document/my_cds.000
     to c:/arkec/localpc/globalpc/document/

Copying g:/perforce/pcgeos/Tools/build/product/Ark/Document/banker_s.000
     to c:/arkec/localpc/globalpc/document/

Copying g:/perforce/pcgeos/Tools/build/product/Ark/Document/My_addre.000
     to c:/arkec/localpc/globalpc/document/

Copying g:/perforce/pcgeos/Tools/build/product/Ark/Document/Informat.000
     to c:/arkec/localpc/globalpc/document/

Copying g:/perforce/pcgeos/Tools/build/product/Ark/Document/home_inv.000
     to c:/arkec/localpc/globalpc/document/

 Making directory c:/arkec/localpc/globalpc/document/archive

 Making c:/arkec/localpc/globalpc/document/archive/@dirname.000
     as Archive

 Making directory c:/arkec/localpc/globalpc/document/clip_art

 Making c:/arkec/localpc/globalpc/document/clip_art/@dirname.000
     as Clip Art

Copying g:/perforce/pcgeos/Tools/build/product/Ark/Document/Clipart/CASample.000
     to c:/arkec/localpc/globalpc/document/clip_art/

Copying g:/perforce/pcgeos/Tools/build/product/Ark/Document/Clipart/Palisade.000
     to c:/arkec/localpc/globalpc/document/clip_art/

 Making directory c:/arkec/localpc/globalpc/privdata

Copying g:/perforce/pcgeos/Tools/build/product/Ark/privdata/pctrl_vm.000
     to c:/arkec/localpc/globalpc/privdata/

Copying g:/perforce/pcgeos/Tools/build/product/Ark/privdata/webfavor.000
     to c:/arkec/localpc/globalpc/privdata/

 Making directory c:/arkec/localpc/globalpc/privdata/mail

 Making c:/arkec/localpc/globalpc/privdata/mail/@dirname.000
     as Mail

Copying g:/perforce/pcgeos/Tools/build/product/Ark/Privdata/SDMAIL.TMP
     to c:/arkec/localpc/globalpc/privdata/mail/

 Making directory c:/arkec/localpc/globalpc/privdata/mail/mail

 Making c:/arkec/localpc/globalpc/privdata/mail/mail/@dirname.000
     as Mail

 Making directory c:/arkec/localpc/globalpc/privdata/mail/mail/drafts

 Making c:/arkec/localpc/globalpc/privdata/mail/mail/drafts/@dirname.000
     as Drafts

 Making directory c:/arkec/localpc/globalpc/privdata/mail/mail/inbox

 Making c:/arkec/localpc/globalpc/privdata/mail/mail/inbox/@dirname.000
     as Inbox

 Making directory c:/arkec/localpc/globalpc/privdata/mail/mail/inbox/attach

 Making c:/arkec/localpc/globalpc/privdata/mail/mail/inbox/attach/@dirname.000
     as Attach

 Making directory c:/arkec/localpc/globalpc/privdata/mail/mail/outbox

 Making c:/arkec/localpc/globalpc/privdata/mail/mail/outbox/@dirname.000
     as Outbox

 Making directory c:/arkec/localpc/globalpc/privdata/mail/mail/outbox/attach

 Making c:/arkec/localpc/globalpc/privdata/mail/mail/outbox/attach/@dirname.000
     as Attach

 Making directory c:/arkec/localpc/globalpc/privdata/mail/mail/sent

 Making c:/arkec/localpc/globalpc/privdata/mail/mail/sent/@dirname.000
     as Sent

 Making directory c:/arkec/localpc/globalpc/privdata/mail/mail/trash

 Making c:/arkec/localpc/globalpc/privdata/mail/mail/trash/@dirname.000
     as Trash

 Making directory c:/arkec/localpc/globalpc/privdata/cache

 Making directory c:/arkec/localpc/globalpc/privdata/cache/0

 Making directory c:/arkec/localpc/globalpc/privdata/cache/1

 Making directory c:/arkec/localpc/globalpc/privdata/cache/2

 Making directory c:/arkec/localpc/globalpc/privdata/cache/3

 Making directory c:/arkec/localpc/globalpc/privdata/cache/4

 Making directory c:/arkec/localpc/globalpc/privdata/cache/alt0

 Making directory c:/arkec/localpc/globalpc/privdata/cache/alt1

 Making directory c:/arkec/localpc/globalpc/privdata/cache/alt2

 Making directory c:/arkec/localpc/globalpc/privdata/cache/alt3

 Making directory c:/arkec/localpc/globalpc/privdata/cache/alt4

 Making directory c:/arkec/localpc/globalpc/privdata/spool

 Making directory c:/arkec/localpc/globalpc/privdata/state

 Making directory c:/arkec/localpc/globalpc/privdata/waste

 Making directory c:/arkec/localpc/globalpc/system

 Making directory c:/arkec/localpc/globalpc/system/sysappl

 Making directory c:/arkec/localpc/globalpc/userdata

 Making directory c:/arkec/localpc/globalpc/userdata/word_mat.000

 Making c:/arkec/localpc/globalpc/userdata/word_mat.000/@dirname.000
     as Word Matcher

Copying g:/perforce/pcgeos/<i>/Appl/BreadBox/Wordmat/Data/WM_WORDS.000
     to c:/arkec/localpc/globalpc/userdata/word_mat.000/

 Making directory c:/arkec/localpc/globalpc/userdata/backgrnd

 Making directory c:/arkec/localpc/globalpc/userdata/backgrnd/gpc

Copying g:/perforce/pcgeos/Tools/build/product/Ark/Userdata/backgrnd/640x480_.000
     to c:/arkec/localpc/globalpc/userdata/backgrnd/gpc/

Copying g:/perforce/pcgeos/Tools/build/product/Ark/Userdata/backgrnd/640x440_.000
     to c:/arkec/localpc/globalpc/userdata/backgrnd/gpc/

Copying g:/perforce/pcgeos/Tools/build/product/Ark/Userdata/backgrnd/800x600_.000
     to c:/arkec/localpc/globalpc/userdata/backgrnd/gpc/

Copying g:/perforce/pcgeos/Tools/build/product/Ark/Userdata/backgrnd/bricks.000
     to c:/arkec/localpc/globalpc/userdata/backgrnd/

Copying g:/perforce/pcgeos/Tools/build/product/Ark/Userdata/backgrnd/chocolat.000
     to c:/arkec/localpc/globalpc/userdata/backgrnd/

Copying g:/perforce/pcgeos/Tools/build/product/Ark/Userdata/backgrnd/cubes.000
     to c:/arkec/localpc/globalpc/userdata/backgrnd/

Copying g:/perforce/pcgeos/Tools/build/product/Ark/Userdata/backgrnd/full_moo.000
     to c:/arkec/localpc/globalpc/userdata/backgrnd/

Copying g:/perforce/pcgeos/Tools/build/product/Ark/Userdata/backgrnd/pebbles.000
     to c:/arkec/localpc/globalpc/userdata/backgrnd/

Copying g:/perforce/pcgeos/Tools/build/product/Ark/Userdata/backgrnd/pipes.000
     to c:/arkec/localpc/globalpc/userdata/backgrnd/

Copying g:/perforce/pcgeos/Tools/build/product/Ark/Userdata/backgrnd/roof_til.000
     to c:/arkec/localpc/globalpc/userdata/backgrnd/

Copying g:/perforce/pcgeos/Tools/build/product/Ark/Userdata/backgrnd/small_cu.000
     to c:/arkec/localpc/globalpc/userdata/backgrnd/

Copying g:/perforce/pcgeos/Tools/build/product/Ark/Userdata/backgrnd/vines.000
     to c:/arkec/localpc/globalpc/userdata/backgrnd/

Copying g:/perforce/pcgeos/Tools/build/product/Ark/Userdata/backgrnd/weave.000
     to c:/arkec/localpc/globalpc/userdata/backgrnd/

 Making directory c:/arkec/localpc/globalpc/userdata/crosswor.000

 Making c:/arkec/localpc/globalpc/userdata/crosswor.000/@dirname.000
     as Crossword Puzzles

Copying g:/perforce/pcgeos/Tools/build/product/Ark/Document/Crossword/science_.000
     to c:/arkec/localpc/globalpc/userdata/crosswor.000/

Copying g:/perforce/pcgeos/Tools/build/product/Ark/Document/Crossword/geograph.000
     to c:/arkec/localpc/globalpc/userdata/crosswor.000/

Copying g:/perforce/pcgeos/Tools/build/product/Ark/Document/Crossword/history_.000
     to c:/arkec/localpc/globalpc/userdata/crosswor.000/

Copying g:/perforce/pcgeos/Tools/build/product/Ark/Document/Crossword/people__.000
     to c:/arkec/localpc/globalpc/userdata/crosswor.000/

Copying g:/perforce/pcgeos/Tools/build/product/Ark/Document/Crossword/events__.000
     to c:/arkec/localpc/globalpc/userdata/crosswor.000/

 Making directory c:/arkec/localpc/globalpc/userdata/dicts

 Making directory c:/arkec/localpc/globalpc/userdata/font

 Making directory c:/arkec/localpc/globalpc/userdata/help

 Making directory c:/arkec/localpc/globalpc/desktop

 Making c:/arkec/localpc/globalpc/desktop/@dirname.000
     as DESKTOP

Copying g:/perforce/pcgeos/Tools/build/product/Ark/Desktop/ND_DIRE.000
     to c:/arkec/localpc/globalpc/desktop/

 Making directory c:/arkec/localpc/globalpc/world

 Making directory c:/arkec/localpc/geos2000

Parsing g:/perforce/pcgeos/Tools/build/product/Ark/Template/net.ini
        to c:/arkec/localpc/geos2000/netec.ini

 Making directory c:/arkec/localpc/geos2000/privdata

Copying g:/perforce/pcgeos/<i>/Appl/Launcher/launcherec.geo
     to c:/arkec/localpc/geos2000/privdata/

Copying g:/perforce/pcgeos/Tools/build/product/Ark/Privdata/tonepuls.wav
     to c:/arkec/localpc/geos2000/privdata/

Copying g:/perforce/pcgeos/Tools/build/product/Ark/Privdata/terms.txt
     to c:/arkec/localpc/geos2000/privdata/

 Making directory c:/arkec/localpc/geos2000/privdata/shared

Copying g:/perforce/pcgeos/Tools/build/product/Ark/Images/token_da.000
     to c:/arkec/localpc/geos2000/privdata/shared/

 Making directory c:/arkec/localpc/geos2000/privdata/sounds

Copying g:/perforce/pcgeos/Appl/Tutorial/Sounds/move.wav
     to c:/arkec/localpc/geos2000/privdata/sounds/

Copying g:/perforce/pcgeos/Tools/build/product/Ark/Privdata/Sounds/sy001.wav
     to c:/arkec/localpc/geos2000/privdata/sounds/

Copying g:/perforce/pcgeos/Tools/build/product/Ark/Privdata/Sounds/sy002.wav
     to c:/arkec/localpc/geos2000/privdata/sounds/

Copying g:/perforce/pcgeos/Tools/build/product/Ark/Privdata/Sounds/sy010.wav
     to c:/arkec/localpc/geos2000/privdata/sounds/

Copying g:/perforce/pcgeos/Tools/build/product/Ark/Privdata/Sounds/ta001.wav
     to c:/arkec/localpc/geos2000/privdata/sounds/

Copying g:/perforce/pcgeos/Tools/build/product/Ark/Privdata/Sounds/sy011.wav
     to c:/arkec/localpc/geos2000/privdata/sounds/

Copying g:/perforce/pcgeos/Tools/build/product/Ark/Privdata/Sounds/cw001.wav
     to c:/arkec/localpc/geos2000/privdata/sounds/

Copying g:/perforce/pcgeos/Tools/build/product/Ark/Privdata/Sounds/ga001.wav
     to c:/arkec/localpc/geos2000/privdata/sounds/

Copying g:/perforce/pcgeos/Tools/build/product/Ark/Privdata/Sounds/ga002.wav
     to c:/arkec/localpc/geos2000/privdata/sounds/

Copying g:/perforce/pcgeos/Tools/build/product/Ark/Privdata/Sounds/ga003.wav
     to c:/arkec/localpc/geos2000/privdata/sounds/

Copying g:/perforce/pcgeos/Tools/build/product/Ark/Privdata/Sounds/st001.wav
     to c:/arkec/localpc/geos2000/privdata/sounds/

Copying g:/perforce/pcgeos/Tools/build/product/Ark/Privdata/Sounds/st002.wav
     to c:/arkec/localpc/geos2000/privdata/sounds/

Copying g:/perforce/pcgeos/Tools/build/product/Ark/Privdata/Sounds/tt001.wav
     to c:/arkec/localpc/geos2000/privdata/sounds/

Copying g:/perforce/pcgeos/Tools/build/product/Ark/Privdata/Sounds/tt002.wav
     to c:/arkec/localpc/geos2000/privdata/sounds/

 Making directory c:/arkec/localpc/geos2000/privdata/htmlerr

Copying g:/perforce/pcgeos/Tools/build/product/Ark/Privdata/htmlerr/error1.htm
     to c:/arkec/localpc/geos2000/privdata/htmlerr/

Copying g:/perforce/pcgeos/Tools/build/product/Ark/Privdata/htmlerr/error2.htm
     to c:/arkec/localpc/geos2000/privdata/htmlerr/

Copying g:/perforce/pcgeos/Tools/build/product/Ark/Privdata/htmlerr/error4.htm
     to c:/arkec/localpc/geos2000/privdata/htmlerr/

Copying g:/perforce/pcgeos/Tools/build/product/Ark/Privdata/htmlerr/error5.htm
     to c:/arkec/localpc/geos2000/privdata/htmlerr/

Copying g:/perforce/pcgeos/Tools/build/product/Ark/Privdata/htmlerr/error6.htm
     to c:/arkec/localpc/geos2000/privdata/htmlerr/

Copying g:/perforce/pcgeos/Tools/build/product/Ark/Privdata/htmlerr/error7.htm
     to c:/arkec/localpc/geos2000/privdata/htmlerr/

Copying g:/perforce/pcgeos/Tools/build/product/Ark/Privdata/htmlerr/error8.htm
     to c:/arkec/localpc/geos2000/privdata/htmlerr/

Copying g:/perforce/pcgeos/Tools/build/product/Ark/Privdata/htmlerr/error9.htm
     to c:/arkec/localpc/geos2000/privdata/htmlerr/

Copying g:/perforce/pcgeos/Tools/build/product/Ark/Privdata/htmlerr/error10.htm
     to c:/arkec/localpc/geos2000/privdata/htmlerr/

Copying g:/perforce/pcgeos/Tools/build/product/Ark/Privdata/htmlerr/error11.htm
     to c:/arkec/localpc/geos2000/privdata/htmlerr/

Copying g:/perforce/pcgeos/Tools/build/product/Ark/Privdata/htmlerr/error12.htm
     to c:/arkec/localpc/geos2000/privdata/htmlerr/

Copying g:/perforce/pcgeos/Tools/build/product/Ark/Privdata/htmlerr/error13.htm
     to c:/arkec/localpc/geos2000/privdata/htmlerr/

Copying g:/perforce/pcgeos/Tools/build/product/Ark/Privdata/htmlerr/error14.htm
     to c:/arkec/localpc/geos2000/privdata/htmlerr/

Copying g:/perforce/pcgeos/Tools/build/product/Ark/Privdata/htmlerr/error15.htm
     to c:/arkec/localpc/geos2000/privdata/htmlerr/

Copying g:/perforce/pcgeos/Tools/build/product/Ark/Privdata/htmlerr/error16.htm
     to c:/arkec/localpc/geos2000/privdata/htmlerr/

Copying g:/perforce/pcgeos/Tools/build/product/Ark/Privdata/htmlerr/error18.htm
     to c:/arkec/localpc/geos2000/privdata/htmlerr/

Copying g:/perforce/pcgeos/Tools/build/product/Ark/Privdata/htmlerr/error3.htm
     to c:/arkec/localpc/geos2000/privdata/htmlerr/

Copying g:/perforce/pcgeos/Tools/build/product/Ark/Privdata/htmlerr/error19.htm
     to c:/arkec/localpc/geos2000/privdata/htmlerr/

Copying g:/perforce/pcgeos/Tools/build/product/Ark/Privdata/htmlerr/error20.htm
     to c:/arkec/localpc/geos2000/privdata/htmlerr/

 Making directory c:/arkec/localpc/geos2000/system

Copying g:/perforce/pcgeos/<i>/Library/GDI/GenPC/WIN32/gdiec.geo
     to c:/arkec/localpc/geos2000/system/

Copying g:/perforce/pcgeos/<i>/Library/Kernel/geosec.geo
     to c:/arkec/localpc/geos2000/system/

Copying g:/perforce/pcgeos/<i>/Library/User/uiec.geo
     to c:/arkec/localpc/geos2000/system/

Copying g:/perforce/pcgeos/<i>/Library/SpecUI/NewUI/newuiec.geo
     to c:/arkec/localpc/geos2000/system/

Copying g:/perforce/pcgeos/<i>/Library/Breadbox/ExtUI/extuiec.geo
     to c:/arkec/localpc/geos2000/system/

Copying g:/perforce/pcgeos/<i>/Library/Breadbox/INetMsg/inetmsgec.geo
     to c:/arkec/localpc/geos2000/system/

Copying g:/perforce/pcgeos/<i>/Library/Config/configec.geo
     to c:/arkec/localpc/geos2000/system/

Copying g:/perforce/pcgeos/<i>/Library/Spool/spoolec.geo
     to c:/arkec/localpc/geos2000/system/

Copying g:/perforce/pcgeos/<i>/Library/Styles/stylesec.geo
     to c:/arkec/localpc/geos2000/system/

Copying g:/perforce/pcgeos/<i>/Library/AnsiC/ansicec.geo
     to c:/arkec/localpc/geos2000/system/

Copying g:/perforce/pcgeos/<i>/Library/Color/colorec.geo
     to c:/arkec/localpc/geos2000/system/

Copying g:/perforce/pcgeos/<i>/Library/Ruler/rulerec.geo
     to c:/arkec/localpc/geos2000/system/

Copying g:/perforce/pcgeos/<i>/Library/Text/textec.geo
     to c:/arkec/localpc/geos2000/system/

Copying g:/perforce/pcgeos/<i>/Library/AccPnt/accpntec.geo
     to c:/arkec/localpc/geos2000/system/

Copying g:/perforce/pcgeos/<i>/Library/NetUtils/netutilsec.geo
     to c:/arkec/localpc/geos2000/system/

Copying g:/perforce/pcgeos/<i>/Library/Sound/soundec.geo
     to c:/arkec/localpc/geos2000/system/

Copying g:/perforce/pcgeos/<i>/Library/Instlr/instlrec.geo
     to c:/arkec/localpc/geos2000/system/

Copying g:/perforce/pcgeos/<i>/Library/Bitmap/bitmapec.geo
     to c:/arkec/localpc/geos2000/system/

Copying g:/perforce/pcgeos/<i>/Library/Cell/cellec.geo
     to c:/arkec/localpc/geos2000/system/

Copying g:/perforce/pcgeos/<i>/Library/Chart/chartec.geo
     to c:/arkec/localpc/geos2000/system/

Copying g:/perforce/pcgeos/<i>/Library/Compress/compressec.geo
     to c:/arkec/localpc/geos2000/system/

Copying g:/perforce/pcgeos/<i>/Library/GrObj/grobjec.geo
     to c:/arkec/localpc/geos2000/system/

Copying g:/perforce/pcgeos/<i>/Library/Impex/impexec.geo
     to c:/arkec/localpc/geos2000/system/

Copying g:/perforce/pcgeos/<i>/Library/Math/Compiler/BorlandC/borlandcec.geo
     to c:/arkec/localpc/geos2000/system/

Copying g:/perforce/pcgeos/<i>/Library/Math/mathec.geo
     to c:/arkec/localpc/geos2000/system/

Copying g:/perforce/pcgeos/<i>/Library/Parse/parseec.geo
     to c:/arkec/localpc/geos2000/system/

Copying g:/perforce/pcgeos/<i>/Library/Saver/saverec.geo
     to c:/arkec/localpc/geos2000/system/

Copying g:/perforce/pcgeos/<i>/Library/Shell/shellec.geo
     to c:/arkec/localpc/geos2000/system/

Copying g:/perforce/pcgeos/<i>/Library/Spell/spellec.geo
     to c:/arkec/localpc/geos2000/system/

Copying g:/perforce/pcgeos/<i>/Library/Spline/splineec.geo
     to c:/arkec/localpc/geos2000/system/

Copying g:/perforce/pcgeos/<i>/Library/Spreadsheet/ssheetec.geo
     to c:/arkec/localpc/geos2000/system/

Copying g:/perforce/pcgeos/<i>/Library/SSMeta/ssmetaec.geo
     to c:/arkec/localpc/geos2000/system/

Copying g:/perforce/pcgeos/<i>/Library/Swap/swapec.geo
     to c:/arkec/localpc/geos2000/system/

Copying g:/perforce/pcgeos/<i>/Library/Game/gameec.geo
     to c:/arkec/localpc/geos2000/system/

Copying g:/perforce/pcgeos/<i>/Library/Cards/cardsec.geo
     to c:/arkec/localpc/geos2000/system/

Copying g:/perforce/pcgeos/<i>/Library/ParentC/parentcec.geo
     to c:/arkec/localpc/geos2000/system/

Copying g:/perforce/pcgeos/<i>/Library/Wav/wavec.geo
     to c:/arkec/localpc/geos2000/system/

Copying g:/perforce/pcgeos/<i>/Library/MapHeap/MapHeapec.geo
     to c:/arkec/localpc/geos2000/system/

Copying g:/perforce/pcgeos/<i>/Library/IDialC/idialcec.geo
     to c:/arkec/localpc/geos2000/system/

Copying g:/perforce/pcgeos/<i>/Driver/Stream/Serial/WIN32/serialec.geo
     to c:/arkec/localpc/geos2000/system/

Copying g:/perforce/pcgeos/<i>/Driver/Stream/Parallel/parallelec.geo
     to c:/arkec/localpc/geos2000/system/

Copying g:/perforce/pcgeos/<i>/Driver/Stream/streamec.geo
     to c:/arkec/localpc/geos2000/system/

Copying g:/perforce/pcgeos/<i>/Library/StreamC/streamcec.geo
     to c:/arkec/localpc/geos2000/system/

Copying g:/perforce/pcgeos/<i>/Driver/Stream/Filestr/filestrec.geo
     to c:/arkec/localpc/geos2000/system/

Copying g:/perforce/pcgeos/<i>/Library/Socket/socketec.geo
     to c:/arkec/localpc/geos2000/system/

Copying g:/perforce/pcgeos/<i>/Library/Resolver/resolverec.geo
     to c:/arkec/localpc/geos2000/system/

Copying g:/perforce/pcgeos/<i>/Library/Net/netec.geo
     to c:/arkec/localpc/geos2000/system/

Copying g:/perforce/pcgeos/<i>/Driver/Modem/modemec.geo
     to c:/arkec/localpc/geos2000/system/

Copying g:/perforce/pcgeos/<i>/Library/Breadbox/N2Txt/n2txt.geo
     to c:/arkec/localpc/geos2000/system/

Copying g:/perforce/pcgeos/<i>/Library/Breadbox/WMLib/wmlib.geo
     to c:/arkec/localpc/geos2000/system/

Copying g:/perforce/pcgeos/<i>/Library/Breadbox/BnkrDraw/bnkrdraw.geo
     to c:/arkec/localpc/geos2000/system/

Copying g:/perforce/pcgeos/<i>/Library/Breadbox/Zlib/zlibec.geo
     to c:/arkec/localpc/geos2000/system/

Copying g:/perforce/pcgeos/<i>/Library/Breadbox/Dirlist/dirlistec.geo
     to c:/arkec/localpc/geos2000/system/

Copying g:/perforce/pcgeos/<i>/Library/Breadbox/Minizip/minizipec.geo
     to c:/arkec/localpc/geos2000/system/

Copying g:/perforce/pcgeos/<i>/Library/Breadbox/html4par/JS/html4parec.geo
     to c:/arkec/localpc/geos2000/system/

Copying g:/perforce/pcgeos/<i>/Library/Breadbox/ibms/ibmsec.geo
     to c:/arkec/localpc/geos2000/system/

Copying g:/perforce/pcgeos/<i>/Library/Breadbox/ijgjpeg/ijgjpegec.geo
     to c:/arkec/localpc/geos2000/system/

Copying g:/perforce/pcgeos/<i>/Library/Breadbox/ExtGraph/extgraphec.geo
     to c:/arkec/localpc/geos2000/system/

Copying g:/perforce/pcgeos/<i>/Library/Breadbox/giflib/giflibec.geo
     to c:/arkec/localpc/geos2000/system/

Copying g:/perforce/pcgeos/<i>/Library/Cookies/cookiesec.geo
     to c:/arkec/localpc/geos2000/system/

Copying g:/perforce/pcgeos/<i>/Library/JS/jsec.geo
     to c:/arkec/localpc/geos2000/system/

Copying g:/perforce/pcgeos/<i>/Library/Breadbox/FJPEG/FJPEGec.geo
     to c:/arkec/localpc/geos2000/system/

Copying g:/perforce/pcgeos/<i>/Library/SSL/sslec.geo
     to c:/arkec/localpc/geos2000/system/

Copying g:/perforce/pcgeos/<i>/Library/Mail/MailHub/mailhubec.geo
     to c:/arkec/localpc/geos2000/system/

Copying g:/perforce/pcgeos/<i>/Library/Mail/MailPOP3/mailpop3ec.geo
     to c:/arkec/localpc/geos2000/system/

Copying g:/perforce/pcgeos/<i>/Library/Mail/MailSMTP/mailsmtpec.geo
     to c:/arkec/localpc/geos2000/system/

Copying g:/perforce/pcgeos/<i>/Library/ClsFDec/clsfdecec.geo
     to c:/arkec/localpc/geos2000/system/

Copying g:/perforce/pcgeos/<i>/Library/BckRst/bckrstec.geo
     to c:/arkec/localpc/geos2000/system/

Copying g:/perforce/pcgeos/<i>/Library/RGB2CMYK/rgb2cmykec.geo
     to c:/arkec/localpc/geos2000/system/

Copying g:/perforce/pcgeos/<i>/Library/Tlib/tlibec.geo
     to c:/arkec/localpc/geos2000/system/

Copying g:/perforce/pcgeos/<i>/Library/Breadbox/SStor/sstorec.geo
     to c:/arkec/localpc/geos2000/system/

Copying g:/perforce/pcgeos/<i>/Library/Breadbox/Impex/WFWLib/wfwlibec.geo
     to c:/arkec/localpc/geos2000/system/

 Making directory c:/arkec/localpc/geos2000/system/tlib

Copying g:/perforce/pcgeos/<i>/Library/Tlib/TScrn1/tscrn1ec.geo
     to c:/arkec/localpc/geos2000/system/tlib/

Copying g:/perforce/pcgeos/<i>/Library/Tlib/TScrn2/tscrn2ec.geo
     to c:/arkec/localpc/geos2000/system/tlib/

Copying g:/perforce/pcgeos/<i>/Library/Tlib/TScrn3/tscrn3ec.geo
     to c:/arkec/localpc/geos2000/system/tlib/

Copying g:/perforce/pcgeos/<i>/Library/Tlib/TBack1/tback1ec.geo
     to c:/arkec/localpc/geos2000/system/tlib/

Copying g:/perforce/pcgeos/<i>/Library/Tlib/TBack2/tback2ec.geo
     to c:/arkec/localpc/geos2000/system/tlib/

Copying g:/perforce/pcgeos/<i>/Library/Tlib/TBack3/tback3ec.geo
     to c:/arkec/localpc/geos2000/system/tlib/

Copying g:/perforce/pcgeos/<i>/Library/Tlib/TBack4/tback4ec.geo
     to c:/arkec/localpc/geos2000/system/tlib/

Copying g:/perforce/pcgeos/<i>/Library/Tlib/TScrn4/tscrn4ec.geo
     to c:/arkec/localpc/geos2000/system/tlib/

Copying g:/perforce/pcgeos/<i>/Library/Tlib/TScrn5/tscrn5ec.geo
     to c:/arkec/localpc/geos2000/system/tlib/

Copying g:/perforce/pcgeos/<i>/Library/Tlib/TScrn6/tscrn6ec.geo
     to c:/arkec/localpc/geos2000/system/tlib/

Copying g:/perforce/pcgeos/<i>/Library/Tlib/TScrn7/tscrn7ec.geo
     to c:/arkec/localpc/geos2000/system/tlib/

Copying g:/perforce/pcgeos/<i>/Library/Tlib/TScrn8/tscrn8ec.geo
     to c:/arkec/localpc/geos2000/system/tlib/

Copying g:/perforce/pcgeos/<i>/Library/Tlib/TScrn9/tscrn9ec.geo
     to c:/arkec/localpc/geos2000/system/tlib/

Copying g:/perforce/pcgeos/<i>/Library/Tlib/TScrn10/tscrn10ec.geo
     to c:/arkec/localpc/geos2000/system/tlib/

Copying g:/perforce/pcgeos/<i>/Library/Tlib/TScrn11/tscrn11ec.geo
     to c:/arkec/localpc/geos2000/system/tlib/

Copying g:/perforce/pcgeos/<i>/Library/Tlib/TScrn12/tscrn12ec.geo
     to c:/arkec/localpc/geos2000/system/tlib/

Copying g:/perforce/pcgeos/<i>/Library/Tlib/TScrn13/tscrn13ec.geo
     to c:/arkec/localpc/geos2000/system/tlib/

Copying g:/perforce/pcgeos/<i>/Library/Tlib/TScrn14/tscrn14ec.geo
     to c:/arkec/localpc/geos2000/system/tlib/

Copying g:/perforce/pcgeos/<i>/Library/Tlib/TScrn15/tscrn15ec.geo
     to c:/arkec/localpc/geos2000/system/tlib/

Copying g:/perforce/pcgeos/<i>/Library/Tlib/TScrn16/tscrn16ec.geo
     to c:/arkec/localpc/geos2000/system/tlib/

Copying g:/perforce/pcgeos/<i>/Library/Tlib/TScrn17/tscrn17ec.geo
     to c:/arkec/localpc/geos2000/system/tlib/

Copying g:/perforce/pcgeos/<i>/Library/Tlib/TScrn18/tscrn18ec.geo
     to c:/arkec/localpc/geos2000/system/tlib/

Copying g:/perforce/pcgeos/<i>/Library/Tlib/TScrn19/tscrn19ec.geo
     to c:/arkec/localpc/geos2000/system/tlib/

Copying g:/perforce/pcgeos/<i>/Library/Tlib/TScrn20/tscrn20ec.geo
     to c:/arkec/localpc/geos2000/system/tlib/

Copying g:/perforce/pcgeos/<i>/Library/Tlib/TScrn21/tscrn21ec.geo
     to c:/arkec/localpc/geos2000/system/tlib/

Copying g:/perforce/pcgeos/<i>/Library/Tlib/TScrn22/tscrn22ec.geo
     to c:/arkec/localpc/geos2000/system/tlib/

Copying g:/perforce/pcgeos/<i>/Library/Tlib/TScrn23/tscrn23ec.geo
     to c:/arkec/localpc/geos2000/system/tlib/

Copying g:/perforce/pcgeos/<i>/Library/Tlib/TScrn24/tscrn24ec.geo
     to c:/arkec/localpc/geos2000/system/tlib/

Copying g:/perforce/pcgeos/<i>/Library/Tlib/TScrn25/tscrn25ec.geo
     to c:/arkec/localpc/geos2000/system/tlib/

Copying g:/perforce/pcgeos/<i>/Library/Tlib/TScrn26/tscrn26ec.geo
     to c:/arkec/localpc/geos2000/system/tlib/

Copying g:/perforce/pcgeos/<i>/Library/Tlib/TScrn27/tscrn27ec.geo
     to c:/arkec/localpc/geos2000/system/tlib/

Copying g:/perforce/pcgeos/<i>/Library/Tlib/TScrn28/tscrn28ec.geo
     to c:/arkec/localpc/geos2000/system/tlib/

Copying g:/perforce/pcgeos/<i>/Library/Tlib/TScrn29/tscrn29ec.geo
     to c:/arkec/localpc/geos2000/system/tlib/

Copying g:/perforce/pcgeos/<i>/Library/Tlib/TScrn30/tscrn30ec.geo
     to c:/arkec/localpc/geos2000/system/tlib/

Copying g:/perforce/pcgeos/<i>/Library/Tlib/TScrn31/tscrn31ec.geo
     to c:/arkec/localpc/geos2000/system/tlib/

Copying g:/perforce/pcgeos/<i>/Library/Tlib/TScrn32/tscrn32ec.geo
     to c:/arkec/localpc/geos2000/system/tlib/

Copying g:/perforce/pcgeos/<i>/Library/Tlib/TScrn33/tscrn33ec.geo
     to c:/arkec/localpc/geos2000/system/tlib/

Copying g:/perforce/pcgeos/<i>/Library/Tlib/TScrn34/tscrn34ec.geo
     to c:/arkec/localpc/geos2000/system/tlib/

Copying g:/perforce/pcgeos/<i>/Library/Tlib/TScrn35/tscrn35ec.geo
     to c:/arkec/localpc/geos2000/system/tlib/

Copying g:/perforce/pcgeos/<i>/Library/Tlib/TScrn36/tscrn36ec.geo
     to c:/arkec/localpc/geos2000/system/tlib/

Copying g:/perforce/pcgeos/<i>/Library/Tlib/TScrn37/tscrn37ec.geo
     to c:/arkec/localpc/geos2000/system/tlib/

Copying g:/perforce/pcgeos/<i>/Library/Tlib/TScrn38/tscrn38ec.geo
     to c:/arkec/localpc/geos2000/system/tlib/

Copying g:/perforce/pcgeos/<i>/Library/Tlib/TScrn39/tscrn39ec.geo
     to c:/arkec/localpc/geos2000/system/tlib/

Copying g:/perforce/pcgeos/<i>/Library/Tlib/TScrn40/tscrn40ec.geo
     to c:/arkec/localpc/geos2000/system/tlib/

Copying g:/perforce/pcgeos/<i>/Library/Tlib/TScrn41/tscrn41ec.geo
     to c:/arkec/localpc/geos2000/system/tlib/

 Making directory c:/arkec/localpc/geos2000/system/font

Copying g:/perforce/pcgeos/<i>/Driver/Font/Nimbus/nimbusec.geo
     to c:/arkec/localpc/geos2000/system/font/

 Making directory c:/arkec/localpc/geos2000/system/fs

Copying g:/perforce/pcgeos/<i>/Driver/IFS/DOS/OS2/os2ec.geo
     to c:/arkec/localpc/geos2000/system/fs/

Copying g:/perforce/pcgeos/<i>/Driver/IFS/DOS/DRI/driec.geo
     to c:/arkec/localpc/geos2000/system/fs/

 Making directory c:/arkec/localpc/geos2000/system/impex

Copying g:/perforce/pcgeos/<i>/Library/Breadbox/Impex/GIF/gifec.geo
     to c:/arkec/localpc/geos2000/system/impex/

Copying g:/perforce/pcgeos/<i>/Library/Breadbox/Impex/JPEG/jpegec.geo
     to c:/arkec/localpc/geos2000/system/impex/

Copying g:/perforce/pcgeos/<i>/Library/Breadbox/Impex/RTF/rtfec.geo
     to c:/arkec/localpc/geos2000/system/impex/

Copying g:/perforce/pcgeos/<i>/Library/Breadbox/Impex/WinWord8/winword8ec.geo
     to c:/arkec/localpc/geos2000/system/impex/

Copying g:/perforce/pcgeos/<i>/Library/Trans/Database/CSV/csvec.geo
     to c:/arkec/localpc/geos2000/system/impex/

Copying g:/perforce/pcgeos/<i>/Library/Trans/SSheet/Lotus123/lot123ssec.geo
     to c:/arkec/localpc/geos2000/system/impex/

Copying g:/perforce/pcgeos/<i>/Library/Trans/Text/Ascii/asciiec.geo
     to c:/arkec/localpc/geos2000/system/impex/

Copying g:/perforce/pcgeos/<i>/Library/Breadbox/impgraph/FJPEG/impgraphec.geo
     to c:/arkec/localpc/geos2000/system/impex/

Copying g:/perforce/pcgeos/<i>/Library/Breadbox/impdoc/impdocec.geo
     to c:/arkec/localpc/geos2000/system/impex/

 Making directory c:/arkec/localpc/geos2000/system/kbd

Copying g:/perforce/pcgeos/<i>/Driver/Keyboard/GDI/gdiKbdec.geo
     to c:/arkec/localpc/geos2000/system/kbd/

Copying g:/perforce/pcgeos/<i>/Driver/Keyboard/kbd.geo
     to c:/arkec/localpc/geos2000/system/kbd/

 Making directory c:/arkec/localpc/geos2000/system/mouse

Copying g:/perforce/pcgeos/<i>/Driver/Mouse/GDIPointer/gdipointerec.geo
     to c:/arkec/localpc/geos2000/system/mouse/

Copying g:/perforce/pcgeos/<i>/Driver/Mouse/PS2/ps2ec.geo
     to c:/arkec/localpc/geos2000/system/mouse/

 Making directory c:/arkec/localpc/geos2000/system/pref

Copying g:/perforce/pcgeos/<i>/Library/Pref/Prefbg/prefbgec.geo
     to c:/arkec/localpc/geos2000/system/pref/

Copying g:/perforce/pcgeos/<i>/Library/Pref/Prefkbd/prefkbdec.geo
     to c:/arkec/localpc/geos2000/system/pref/

Copying g:/perforce/pcgeos/<i>/Library/Pref/Preflf/preflfec.geo
     to c:/arkec/localpc/geos2000/system/pref/

Copying g:/perforce/pcgeos/<i>/Library/Pref/Preflo/prefloec.geo
     to c:/arkec/localpc/geos2000/system/pref/

Copying g:/perforce/pcgeos/<i>/Library/Pref/Prefmous/prefmousec.geo
     to c:/arkec/localpc/geos2000/system/pref/

Copying g:/perforce/pcgeos/<i>/Library/Pref/Prefsnd/prefsndec.geo
     to c:/arkec/localpc/geos2000/system/pref/

Copying g:/perforce/pcgeos/<i>/Library/Pref/Preftd/preftdec.geo
     to c:/arkec/localpc/geos2000/system/pref/

Copying g:/perforce/pcgeos/<i>/Library/Pref/Prefvid/prefvidec.geo
     to c:/arkec/localpc/geos2000/system/pref/

Copying g:/perforce/pcgeos/<i>/Library/Pref/Prefpntc/prefpntcec.geo
     to c:/arkec/localpc/geos2000/system/pref/

 Making directory c:/arkec/localpc/geos2000/system/net

Copying g:/perforce/pcgeos/<i>/Driver/Net/Comm/commec.geo
     to c:/arkec/localpc/geos2000/system/net/

 Making directory c:/arkec/localpc/geos2000/system/printer

Copying g:/perforce/pcgeos/<i>/Driver/Printer/DotMatrix/CanonRGB/canonrgbec.geo
     to c:/arkec/localpc/geos2000/system/printer/

 Making directory c:/arkec/localpc/geos2000/system/savers

Copying g:/perforce/pcgeos/<i>/Appl/Saver/Flame/flameec.geo
     to c:/arkec/localpc/geos2000/system/savers/

Copying g:/perforce/pcgeos/<i>/Appl/Saver/Flame/FlamePref/flameprefec.geo
     to c:/arkec/localpc/geos2000/system/savers/

Copying g:/perforce/pcgeos/<i>/Appl/Saver/Melt/meltec.geo
     to c:/arkec/localpc/geos2000/system/savers/

Copying g:/perforce/pcgeos/<i>/Appl/Saver/Melt/MeltPref/meltprefec.geo
     to c:/arkec/localpc/geos2000/system/savers/

Copying g:/perforce/pcgeos/<i>/Appl/Saver/Circles/circlesec.geo
     to c:/arkec/localpc/geos2000/system/savers/

Copying g:/perforce/pcgeos/<i>/Appl/Saver/Circles/CirclesPref/circlesprefec.geo
     to c:/arkec/localpc/geos2000/system/savers/

Copying g:/perforce/pcgeos/<i>/Appl/Saver/Dribble/dribbleec.geo
     to c:/arkec/localpc/geos2000/system/savers/

Copying g:/perforce/pcgeos/<i>/Appl/Saver/Dribble/DribblePref/dribbleprefec.geo
     to c:/arkec/localpc/geos2000/system/savers/

Copying g:/perforce/pcgeos/<i>/Appl/Saver/Dust/dustec.geo
     to c:/arkec/localpc/geos2000/system/savers/

Copying g:/perforce/pcgeos/<i>/Appl/Saver/Dust/DustPref/dustprefec.geo
     to c:/arkec/localpc/geos2000/system/savers/

Copying g:/perforce/pcgeos/<i>/Appl/Saver/Fades/fadesec.geo
     to c:/arkec/localpc/geos2000/system/savers/

Copying g:/perforce/pcgeos/<i>/Appl/Saver/Fades/FadesPref/fadesprefec.geo
     to c:/arkec/localpc/geos2000/system/savers/

Copying g:/perforce/pcgeos/<i>/Appl/Saver/Pieces/piecesec.geo
     to c:/arkec/localpc/geos2000/system/savers/

Copying g:/perforce/pcgeos/<i>/Appl/Saver/Pieces/PiecesPref/piecesprefec.geo
     to c:/arkec/localpc/geos2000/system/savers/

Copying g:/perforce/pcgeos/<i>/Appl/Saver/Qix/qixec.geo
     to c:/arkec/localpc/geos2000/system/savers/

Copying g:/perforce/pcgeos/<i>/Appl/Saver/Qix/QixPref/qixprefec.geo
     to c:/arkec/localpc/geos2000/system/savers/

Copying g:/perforce/pcgeos/<i>/Appl/Saver/Sand/sandec.geo
     to c:/arkec/localpc/geos2000/system/savers/

Copying g:/perforce/pcgeos/<i>/Appl/Saver/Sand/SandPref/sandprefec.geo
     to c:/arkec/localpc/geos2000/system/savers/

Copying g:/perforce/pcgeos/<i>/Appl/Saver/Stars/starsec.geo
     to c:/arkec/localpc/geos2000/system/savers/

Copying g:/perforce/pcgeos/<i>/Appl/Saver/Stars/StarsPref/starsprefec.geo
     to c:/arkec/localpc/geos2000/system/savers/

Copying g:/perforce/pcgeos/<i>/Appl/Saver/String/stringec.geo
     to c:/arkec/localpc/geos2000/system/savers/

Copying g:/perforce/pcgeos/<i>/Appl/Saver/String/StringPref/stringprefec.geo
     to c:/arkec/localpc/geos2000/system/savers/

Copying g:/perforce/pcgeos/<i>/Appl/Saver/Swarm/swarmec.geo
     to c:/arkec/localpc/geos2000/system/savers/

Copying g:/perforce/pcgeos/<i>/Appl/Saver/Swarm/SwarmPref/swarmprefec.geo
     to c:/arkec/localpc/geos2000/system/savers/

Copying g:/perforce/pcgeos/<i>/Appl/Saver/Tickertape/tickertapeec.geo
     to c:/arkec/localpc/geos2000/system/savers/

Copying g:/perforce/pcgeos/<i>/Appl/Saver/Tickertape/TickertapePref/ttprefec.geo
     to c:/arkec/localpc/geos2000/system/savers/

Copying g:/perforce/pcgeos/<i>/Appl/Saver/Tiles/tilesec.geo
     to c:/arkec/localpc/geos2000/system/savers/

Copying g:/perforce/pcgeos/<i>/Appl/Saver/Tiles/TilesPref/tilesprefec.geo
     to c:/arkec/localpc/geos2000/system/savers/

Copying g:/perforce/pcgeos/<i>/Appl/Saver/Worms/wormsec.geo
     to c:/arkec/localpc/geos2000/system/savers/

Copying g:/perforce/pcgeos/<i>/Appl/Saver/Worms/WormsPref/wormsprefec.geo
     to c:/arkec/localpc/geos2000/system/savers/

 Making directory c:/arkec/localpc/geos2000/system/sound

Copying g:/perforce/pcgeos/<i>/Driver/Sound/WinNT/sndwinntec.geo
     to c:/arkec/localpc/geos2000/system/sound/

Copying g:/perforce/pcgeos/<i>/Driver/Sound/GPCSS/gpcssec.geo
     to c:/arkec/localpc/geos2000/system/sound/

 Making directory c:/arkec/localpc/geos2000/system/dma

Copying g:/perforce/pcgeos/<i>/Driver/DMA/DOSReal/dosrealec.geo
     to c:/arkec/localpc/geos2000/system/dma/

 Making directory c:/arkec/localpc/geos2000/system/swap

Copying g:/perforce/pcgeos/<i>/Driver/Swap/Disk/diskec.geo
     to c:/arkec/localpc/geos2000/system/swap/

Copying g:/perforce/pcgeos/<i>/Driver/Swap/EMS/EMM/emmec.geo
     to c:/arkec/localpc/geos2000/system/swap/

Copying g:/perforce/pcgeos/<i>/Driver/Swap/ExtMem/extmemec.geo
     to c:/arkec/localpc/geos2000/system/swap/

Copying g:/perforce/pcgeos/<i>/Driver/Swap/XMS/xmsec.geo
     to c:/arkec/localpc/geos2000/system/swap/

 Making directory c:/arkec/localpc/geos2000/system/sysappl

Copying g:/perforce/pcgeos/<i>/Appl/LOL/lol.geo
     to c:/arkec/localpc/geos2000/system/sysappl/

Copying g:/perforce/pcgeos/<i>/Appl/FileMgrs/NewDesk/newdeskec.geo
     to c:/arkec/localpc/geos2000/system/sysappl/

Copying g:/perforce/pcgeos/<i>/Appl/FileMgrs/DocMgr/docmgrec.geo
     to c:/arkec/localpc/geos2000/system/sysappl/

Copying g:/perforce/pcgeos/<i>/Appl/FFinder/ffinderec.geo
     to c:/arkec/localpc/geos2000/system/sysappl/

Copying g:/perforce/pcgeos/<i>/Appl/CUIApp/DsgnAsst/dsgnasstec.geo
     to c:/arkec/localpc/geos2000/system/sysappl/

Copying g:/perforce/pcgeos/<i>/Appl/Preferences/Setup/setupec.geo
     to c:/arkec/localpc/geos2000/system/sysappl/

Copying g:/perforce/pcgeos/<i>/Appl/Wordmat/wordmatec.geo
     to c:/arkec/localpc/geos2000/system/sysappl/

Copying g:/perforce/pcgeos/<i>/Appl/Startup/Welcome/welcomeec.geo
     to c:/arkec/localpc/geos2000/system/sysappl/

Copying g:/perforce/pcgeos/<i>/Appl/CUIApp/cuiappec.geo
     to c:/arkec/localpc/geos2000/system/sysappl/

Copying g:/perforce/pcgeos/<i>/Appl/GPCStart/gpcstartec.geo
     to c:/arkec/localpc/geos2000/system/sysappl/

Copying g:/perforce/pcgeos/<i>/Appl/Preferences/Setup/setupec.geo
     to c:/arkec/localpc/geos2000/system/sysappl/

Copying g:/perforce/pcgeos/<i>/Appl/VCard/vcardec.geo
     to c:/arkec/localpc/geos2000/system/sysappl/

 Making directory c:/arkec/localpc/geos2000/system/filemgr

Copying g:/perforce/pcgeos/<i>/Library/FMTools/Linktool/linktoolec.geo
     to c:/arkec/localpc/geos2000/system/filemgr/

 Making directory c:/arkec/localpc/geos2000/system/task

Copying g:/perforce/pcgeos/<i>/Driver/Task/NonTS/nontsec.geo
     to c:/arkec/localpc/geos2000/system/task/

 Making directory c:/arkec/localpc/geos2000/system/video

Copying g:/perforce/pcgeos/<i>/Driver/Video/Dumb/VidMem/vidmemec.geo
     to c:/arkec/localpc/geos2000/system/video/

Copying g:/perforce/pcgeos/<i>/Driver/Video/VGAlike/VGA16/Win32/vga16ec.geo
     to c:/arkec/localpc/geos2000/system/video/

Copying g:/perforce/pcgeos/<i>/Driver/Video/VGAlike/cyber16/cyber16ec.geo
     to c:/arkec/localpc/geos2000/system/video/

 Making directory c:/arkec/localpc/geos2000/system/socket

Copying g:/perforce/pcgeos/<i>/Driver/Socket/TCPIP/tcpipec.geo
     to c:/arkec/localpc/geos2000/system/socket/

Copying g:/perforce/pcgeos/<i>/Driver/Socket/PPP/pppec.geo
     to c:/arkec/localpc/geos2000/system/socket/

 Making directory c:/arkec/localpc/geos2000/system/www

Copying g:/perforce/pcgeos/<i>/Library/Breadbox/urldrv/wmg3http/wmg3httpec.geo
     to c:/arkec/localpc/geos2000/system/www/

Copying g:/perforce/pcgeos/<i>/Library/Breadbox/urldrv/wmg3ftp/wmg3ftpec.geo
     to c:/arkec/localpc/geos2000/system/www/

Copying g:/perforce/pcgeos/<i>/Library/Breadbox/urldrv/wmg3ext/wmg3extec.geo
     to c:/arkec/localpc/geos2000/system/www/

 Making directory c:/arkec/localpc/geos2000/userdata

 Making directory c:/arkec/localpc/geos2000/userdata/dicts

Copying g:/perforce/pcgeos/Tools/build/product/Ark/Userdata/dicts/english.gdi
     to c:/arkec/localpc/geos2000/userdata/dicts/

Copying g:/perforce/pcgeos/Tools/build/product/Ark/Userdata/dicts/hecdp301.dat
     to c:/arkec/localpc/geos2000/userdata/dicts/

Copying g:/perforce/pcgeos/Tools/build/product/Ark/Userdata/dicts/ienc9123.dat
     to c:/arkec/localpc/geos2000/userdata/dicts/

 Making directory c:/arkec/localpc/geos2000/userdata/template

 Making directory c:/arkec/localpc/geos2000/userdata/template/cui

 Making c:/arkec/localpc/geos2000/userdata/template/cui/@dirname.000
     as CUI

 Making directory c:/arkec/localpc/geos2000/userdata/template/cui/signs

 Making c:/arkec/localpc/geos2000/userdata/template/cui/signs/@dirname.000
     as Signs

Copying g:/perforce/pcgeos/Tools/build/product/ark/userdata/template/cui/SIGN/Garage_s.000
     to c:/arkec/localpc/geos2000/userdata/template/cui/signs/

Copying g:/perforce/pcgeos/Tools/build/product/ark/userdata/template/cui/SIGN/Gar1_01.gif
     to c:/arkec/localpc/geos2000/userdata/template/cui/signs/

Copying g:/perforce/pcgeos/Tools/build/product/ark/userdata/template/cui/SIGN/Gar1_02.gif
     to c:/arkec/localpc/geos2000/userdata/template/cui/signs/

Copying g:/perforce/pcgeos/Tools/build/product/ark/userdata/template/cui/SIGN/Gar1_03.gif
     to c:/arkec/localpc/geos2000/userdata/template/cui/signs/

Copying g:/perforce/pcgeos/Tools/build/product/ark/userdata/template/cui/SIGN/Gar1_04.gif
     to c:/arkec/localpc/geos2000/userdata/template/cui/signs/

Copying g:/perforce/pcgeos/Tools/build/product/ark/userdata/template/cui/SIGN/Yard_sal.000
     to c:/arkec/localpc/geos2000/userdata/template/cui/signs/

Copying g:/perforce/pcgeos/Tools/build/product/ark/userdata/template/cui/SIGN/Yard1_01.gif
     to c:/arkec/localpc/geos2000/userdata/template/cui/signs/

Copying g:/perforce/pcgeos/Tools/build/product/ark/userdata/template/cui/SIGN/Yard1_02.gif
     to c:/arkec/localpc/geos2000/userdata/template/cui/signs/

Copying g:/perforce/pcgeos/Tools/build/product/ark/userdata/template/cui/SIGN/Yard1_03.gif
     to c:/arkec/localpc/geos2000/userdata/template/cui/signs/

Copying g:/perforce/pcgeos/Tools/build/product/ark/userdata/template/cui/SIGN/Yard1_04.gif
     to c:/arkec/localpc/geos2000/userdata/template/cui/signs/

Copying g:/perforce/pcgeos/Tools/build/product/ark/userdata/template/cui/SIGN/Moving_s.000
     to c:/arkec/localpc/geos2000/userdata/template/cui/signs/

Copying g:/perforce/pcgeos/Tools/build/product/ark/userdata/template/cui/SIGN/Mov1_01.gif
     to c:/arkec/localpc/geos2000/userdata/template/cui/signs/

Copying g:/perforce/pcgeos/Tools/build/product/ark/userdata/template/cui/SIGN/Mov1_02.gif
     to c:/arkec/localpc/geos2000/userdata/template/cui/signs/

Copying g:/perforce/pcgeos/Tools/build/product/ark/userdata/template/cui/SIGN/Mov1_03.gif
     to c:/arkec/localpc/geos2000/userdata/template/cui/signs/

Copying g:/perforce/pcgeos/Tools/build/product/ark/userdata/template/cui/SIGN/Mov1_04.gif
     to c:/arkec/localpc/geos2000/userdata/template/cui/signs/

 Making directory c:/arkec/localpc/geos2000/userdata/template/cui/awards

 Making c:/arkec/localpc/geos2000/userdata/template/cui/awards/@dirname.000
     as Awards

Copying g:/perforce/pcgeos/Tools/build/product/ark/userdata/template/cui/AWARD/Award_1.000
     to c:/arkec/localpc/geos2000/userdata/template/cui/awards/

Copying g:/perforce/pcgeos/Tools/build/product/ark/userdata/template/cui/AWARD/Awd1_01.gif
     to c:/arkec/localpc/geos2000/userdata/template/cui/awards/

Copying g:/perforce/pcgeos/Tools/build/product/ark/userdata/template/cui/AWARD/Awd1_02.gif
     to c:/arkec/localpc/geos2000/userdata/template/cui/awards/

Copying g:/perforce/pcgeos/Tools/build/product/ark/userdata/template/cui/AWARD/Awd1_03.gif
     to c:/arkec/localpc/geos2000/userdata/template/cui/awards/

Copying g:/perforce/pcgeos/Tools/build/product/ark/userdata/template/cui/AWARD/Awd1_04.gif
     to c:/arkec/localpc/geos2000/userdata/template/cui/awards/

Copying g:/perforce/pcgeos/Tools/build/product/ark/userdata/template/cui/AWARD/Award_2.000
     to c:/arkec/localpc/geos2000/userdata/template/cui/awards/

Copying g:/perforce/pcgeos/Tools/build/product/ark/userdata/template/cui/AWARD/Awd2_01.gif
     to c:/arkec/localpc/geos2000/userdata/template/cui/awards/

Copying g:/perforce/pcgeos/Tools/build/product/ark/userdata/template/cui/AWARD/Awd2_02.gif
     to c:/arkec/localpc/geos2000/userdata/template/cui/awards/

Copying g:/perforce/pcgeos/Tools/build/product/ark/userdata/template/cui/AWARD/Awd2_03.gif
     to c:/arkec/localpc/geos2000/userdata/template/cui/awards/

Copying g:/perforce/pcgeos/Tools/build/product/ark/userdata/template/cui/AWARD/Awd2_04.gif
     to c:/arkec/localpc/geos2000/userdata/template/cui/awards/

 Making directory c:/arkec/localpc/geos2000/userdata/template/cui/spreadsh.000

 Making c:/arkec/localpc/geos2000/userdata/template/cui/spreadsh.000/@dirname.000
     as Spreadsheets

Copying g:/perforce/pcgeos/Tools/build/product/ark/userdata/template/cui/spreadsheets/invoice.000
     to c:/arkec/localpc/geos2000/userdata/template/cui/spreadsh.000/

Copying g:/perforce/pcgeos/Tools/build/product/ark/userdata/template/cui/spreadsheets/Monthly_.000
     to c:/arkec/localpc/geos2000/userdata/template/cui/spreadsh.000/

Copying g:/perforce/pcgeos/Tools/build/product/ark/userdata/template/cui/spreadsheets/company_.000
     to c:/arkec/localpc/geos2000/userdata/template/cui/spreadsh.000/

Copying g:/perforce/pcgeos/Tools/build/product/ark/userdata/template/cui/spreadsheets/company_.001
     to c:/arkec/localpc/geos2000/userdata/template/cui/spreadsh.000/

Copying g:/perforce/pcgeos/Tools/build/product/ark/userdata/template/cui/spreadsheets/company_.002
     to c:/arkec/localpc/geos2000/userdata/template/cui/spreadsh.000/

Copying g:/perforce/pcgeos/Tools/build/product/ark/userdata/template/cui/spreadsheets/time_she.000
     to c:/arkec/localpc/geos2000/userdata/template/cui/spreadsh.000/

Copying g:/perforce/pcgeos/Tools/build/product/ark/userdata/template/cui/spreadsheets/travel_a.000
     to c:/arkec/localpc/geos2000/userdata/template/cui/spreadsh.000/

Copying g:/perforce/pcgeos/Tools/build/product/ark/userdata/template/cui/spreadsheets/ShopList.000
     to c:/arkec/localpc/geos2000/userdata/template/cui/spreadsh.000/

 Making directory c:/arkec/localpc/geos2000/userdata/template/cui/invitati.000

 Making c:/arkec/localpc/geos2000/userdata/template/cui/invitati.000/@dirname.000
     as Invitations

Copying g:/perforce/pcgeos/Tools/build/product/ark/userdata/template/cui/invite/bpi_1.gif
     to c:/arkec/localpc/geos2000/userdata/template/cui/invitati.000/

Copying g:/perforce/pcgeos/Tools/build/product/ark/userdata/template/cui/invite/bpi_2.gif
     to c:/arkec/localpc/geos2000/userdata/template/cui/invitati.000/

Copying g:/perforce/pcgeos/Tools/build/product/ark/userdata/template/cui/invite/birthday.000
     to c:/arkec/localpc/geos2000/userdata/template/cui/invitati.000/

Copying g:/perforce/pcgeos/Tools/build/product/ark/userdata/template/cui/invite/gc_fold1.gif
     to c:/arkec/localpc/geos2000/userdata/template/cui/invitati.000/

Copying g:/perforce/pcgeos/Tools/build/product/ark/userdata/template/cui/invite/gc_fold2.gif
     to c:/arkec/localpc/geos2000/userdata/template/cui/invitati.000/

Copying g:/perforce/pcgeos/Tools/build/product/ark/userdata/template/cui/invite/Invitati.000
     to c:/arkec/localpc/geos2000/userdata/template/cui/invitati.000/

Copying g:/perforce/pcgeos/Tools/build/product/ark/userdata/template/cui/invite/inv1_1.gif
     to c:/arkec/localpc/geos2000/userdata/template/cui/invitati.000/

Copying g:/perforce/pcgeos/Tools/build/product/ark/userdata/template/cui/invite/inv1_2.gif
     to c:/arkec/localpc/geos2000/userdata/template/cui/invitati.000/

Copying g:/perforce/pcgeos/Tools/build/product/ark/userdata/template/cui/invite/inv1_3.gif
     to c:/arkec/localpc/geos2000/userdata/template/cui/invitati.000/

Copying g:/perforce/pcgeos/Tools/build/product/ark/userdata/template/cui/invite/inv1_4.gif
     to c:/arkec/localpc/geos2000/userdata/template/cui/invitati.000/

 Making directory c:/arkec/localpc/geos2000/userdata/template/cui/greeting.000

 Making c:/arkec/localpc/geos2000/userdata/template/cui/greeting.000/@dirname.000
     as Greeting Cards

Copying g:/perforce/pcgeos/Tools/build/product/ark/userdata/template/cui/GREETING.000/B'DAY_CA.000
     to c:/arkec/localpc/geos2000/userdata/template/cui/greeting.000/

Copying g:/perforce/pcgeos/Tools/build/product/ark/userdata/template/cui/GREETING.000/bc1_1.gif
     to c:/arkec/localpc/geos2000/userdata/template/cui/greeting.000/

Copying g:/perforce/pcgeos/Tools/build/product/ark/userdata/template/cui/GREETING.000/bc1_2.gif
     to c:/arkec/localpc/geos2000/userdata/template/cui/greeting.000/

Copying g:/perforce/pcgeos/Tools/build/product/ark/userdata/template/cui/GREETING.000/bc1_3.gif
     to c:/arkec/localpc/geos2000/userdata/template/cui/greeting.000/

Copying g:/perforce/pcgeos/Tools/build/product/ark/userdata/template/cui/GREETING.000/bc1_4.gif
     to c:/arkec/localpc/geos2000/userdata/template/cui/greeting.000/

Copying g:/perforce/pcgeos/Tools/build/product/ark/userdata/template/cui/GREETING.000/bc1_5.gif
     to c:/arkec/localpc/geos2000/userdata/template/cui/greeting.000/

Copying g:/perforce/pcgeos/Tools/build/product/ark/userdata/template/cui/GREETING.000/gc_fold1.gif
     to c:/arkec/localpc/geos2000/userdata/template/cui/greeting.000/

Copying g:/perforce/pcgeos/Tools/build/product/ark/userdata/template/cui/GREETING.000/gc_fold2.gif
     to c:/arkec/localpc/geos2000/userdata/template/cui/greeting.000/

Copying g:/perforce/pcgeos/Tools/build/product/ark/userdata/template/cui/GREETING.000/BELATED_.000
     to c:/arkec/localpc/geos2000/userdata/template/cui/greeting.000/

Copying g:/perforce/pcgeos/Tools/build/product/ark/userdata/template/cui/GREETING.000/bbc1_1.gif
     to c:/arkec/localpc/geos2000/userdata/template/cui/greeting.000/

Copying g:/perforce/pcgeos/Tools/build/product/ark/userdata/template/cui/GREETING.000/bbc1_2.gif
     to c:/arkec/localpc/geos2000/userdata/template/cui/greeting.000/

Copying g:/perforce/pcgeos/Tools/build/product/ark/userdata/template/cui/GREETING.000/bbc1_3.gif
     to c:/arkec/localpc/geos2000/userdata/template/cui/greeting.000/

Copying g:/perforce/pcgeos/Tools/build/product/ark/userdata/template/cui/GREETING.000/FATHER'S.000
     to c:/arkec/localpc/geos2000/userdata/template/cui/greeting.000/

Copying g:/perforce/pcgeos/Tools/build/product/ark/userdata/template/cui/GREETING.000/dad1_1.gif
     to c:/arkec/localpc/geos2000/userdata/template/cui/greeting.000/

Copying g:/perforce/pcgeos/Tools/build/product/ark/userdata/template/cui/GREETING.000/dad1_2.gif
     to c:/arkec/localpc/geos2000/userdata/template/cui/greeting.000/

Copying g:/perforce/pcgeos/Tools/build/product/ark/userdata/template/cui/GREETING.000/dad1_3.gif
     to c:/arkec/localpc/geos2000/userdata/template/cui/greeting.000/

Copying g:/perforce/pcgeos/Tools/build/product/ark/userdata/template/cui/GREETING.000/FORGOT_T.000
     to c:/arkec/localpc/geos2000/userdata/template/cui/greeting.000/

Copying g:/perforce/pcgeos/Tools/build/product/ark/userdata/template/cui/GREETING.000/fgot1_1.gif
     to c:/arkec/localpc/geos2000/userdata/template/cui/greeting.000/

Copying g:/perforce/pcgeos/Tools/build/product/ark/userdata/template/cui/GREETING.000/fgot1_2.gif
     to c:/arkec/localpc/geos2000/userdata/template/cui/greeting.000/

Copying g:/perforce/pcgeos/Tools/build/product/ark/userdata/template/cui/GREETING.000/fgot1_3.gif
     to c:/arkec/localpc/geos2000/userdata/template/cui/greeting.000/

Copying g:/perforce/pcgeos/Tools/build/product/ark/userdata/template/cui/GREETING.000/VALENTIN.000
     to c:/arkec/localpc/geos2000/userdata/template/cui/greeting.000/

Copying g:/perforce/pcgeos/Tools/build/product/ark/userdata/template/cui/GREETING.000/val1_1.gif
     to c:/arkec/localpc/geos2000/userdata/template/cui/greeting.000/

Copying g:/perforce/pcgeos/Tools/build/product/ark/userdata/template/cui/GREETING.000/val1_2.gif
     to c:/arkec/localpc/geos2000/userdata/template/cui/greeting.000/

Copying g:/perforce/pcgeos/Tools/build/product/ark/userdata/template/cui/GREETING.000/val1_3.gif
     to c:/arkec/localpc/geos2000/userdata/template/cui/greeting.000/

Copying g:/perforce/pcgeos/Tools/build/product/ark/userdata/template/cui/GREETING.000/Birthday.000
     to c:/arkec/localpc/geos2000/userdata/template/cui/greeting.000/

Copying g:/perforce/pcgeos/Tools/build/product/ark/userdata/template/cui/GREETING.000/bday1_1.gif
     to c:/arkec/localpc/geos2000/userdata/template/cui/greeting.000/

Copying g:/perforce/pcgeos/Tools/build/product/ark/userdata/template/cui/GREETING.000/bday1_2.gif
     to c:/arkec/localpc/geos2000/userdata/template/cui/greeting.000/

Copying g:/perforce/pcgeos/Tools/build/product/ark/userdata/template/cui/GREETING.000/bday1_3.gif
     to c:/arkec/localpc/geos2000/userdata/template/cui/greeting.000/

Copying g:/perforce/pcgeos/Tools/build/product/ark/userdata/template/cui/GREETING.000/Birthday.001
     to c:/arkec/localpc/geos2000/userdata/template/cui/greeting.000/

Copying g:/perforce/pcgeos/Tools/build/product/ark/userdata/template/cui/GREETING.000/bday3_1.gif
     to c:/arkec/localpc/geos2000/userdata/template/cui/greeting.000/

Copying g:/perforce/pcgeos/Tools/build/product/ark/userdata/template/cui/GREETING.000/bday3_2.gif
     to c:/arkec/localpc/geos2000/userdata/template/cui/greeting.000/

Copying g:/perforce/pcgeos/Tools/build/product/ark/userdata/template/cui/GREETING.000/bday3_3.gif
     to c:/arkec/localpc/geos2000/userdata/template/cui/greeting.000/

Copying g:/perforce/pcgeos/Tools/build/product/ark/userdata/template/cui/GREETING.000/Christma.000
     to c:/arkec/localpc/geos2000/userdata/template/cui/greeting.000/

Copying g:/perforce/pcgeos/Tools/build/product/ark/userdata/template/cui/GREETING.000/chs1_1.gif
     to c:/arkec/localpc/geos2000/userdata/template/cui/greeting.000/

Copying g:/perforce/pcgeos/Tools/build/product/ark/userdata/template/cui/GREETING.000/chs1_2.gif
     to c:/arkec/localpc/geos2000/userdata/template/cui/greeting.000/

Copying g:/perforce/pcgeos/Tools/build/product/ark/userdata/template/cui/GREETING.000/chs1_3.gif
     to c:/arkec/localpc/geos2000/userdata/template/cui/greeting.000/

Copying g:/perforce/pcgeos/Tools/build/product/ark/userdata/template/cui/GREETING.000/Hannukah.000
     to c:/arkec/localpc/geos2000/userdata/template/cui/greeting.000/

Copying g:/perforce/pcgeos/Tools/build/product/ark/userdata/template/cui/GREETING.000/Han1_1.gif
     to c:/arkec/localpc/geos2000/userdata/template/cui/greeting.000/

Copying g:/perforce/pcgeos/Tools/build/product/ark/userdata/template/cui/GREETING.000/han1_2.gif
     to c:/arkec/localpc/geos2000/userdata/template/cui/greeting.000/

Copying g:/perforce/pcgeos/Tools/build/product/ark/userdata/template/cui/GREETING.000/han1_3.gif
     to c:/arkec/localpc/geos2000/userdata/template/cui/greeting.000/

Copying g:/perforce/pcgeos/Tools/build/product/ark/userdata/template/cui/GREETING.000/Holidays.000
     to c:/arkec/localpc/geos2000/userdata/template/cui/greeting.000/

Copying g:/perforce/pcgeos/Tools/build/product/ark/userdata/template/cui/GREETING.000/hday1_1.gif
     to c:/arkec/localpc/geos2000/userdata/template/cui/greeting.000/

Copying g:/perforce/pcgeos/Tools/build/product/ark/userdata/template/cui/GREETING.000/hday1_2.gif
     to c:/arkec/localpc/geos2000/userdata/template/cui/greeting.000/

Copying g:/perforce/pcgeos/Tools/build/product/ark/userdata/template/cui/GREETING.000/hday1_3.gif
     to c:/arkec/localpc/geos2000/userdata/template/cui/greeting.000/

 Making directory c:/arkec/localpc/geos2000/userdata/template/cui/letters

 Making c:/arkec/localpc/geos2000/userdata/template/cui/letters/@dirname.000
     as Letters

Copying g:/perforce/pcgeos/Tools/build/product/Ark/Userdata/Template/cui/design_assistants/FROM_THE.000
     to c:/arkec/localpc/geos2000/userdata/template/cui/letters/

Copying g:/perforce/pcgeos/Tools/build/product/Ark/Userdata/Template/cui/design_assistants/MEMO1.GIF
     to c:/arkec/localpc/geos2000/userdata/template/cui/letters/

Copying g:/perforce/pcgeos/Tools/build/product/Ark/Userdata/Template/cui/design_assistants/MEMO2.GIF
     to c:/arkec/localpc/geos2000/userdata/template/cui/letters/

Copying g:/perforce/pcgeos/Tools/build/product/Ark/Userdata/Template/cui/design_assistants/MEMO3.GIF
     to c:/arkec/localpc/geos2000/userdata/template/cui/letters/

Copying g:/perforce/pcgeos/Tools/build/product/Ark/Userdata/Template/cui/design_assistants/MEMO4.GIF
     to c:/arkec/localpc/geos2000/userdata/template/cui/letters/

Copying g:/perforce/pcgeos/Tools/build/product/ark/userdata/template/cui/LETTER/Business.001
     to c:/arkec/localpc/geos2000/userdata/template/cui/letters/

Copying g:/perforce/pcgeos/Tools/build/product/ark/userdata/template/cui/LETTER/Bus2_01.gif
     to c:/arkec/localpc/geos2000/userdata/template/cui/letters/

Copying g:/perforce/pcgeos/Tools/build/product/ark/userdata/template/cui/LETTER/Bus2_02.gif
     to c:/arkec/localpc/geos2000/userdata/template/cui/letters/

Copying g:/perforce/pcgeos/Tools/build/product/ark/userdata/template/cui/LETTER/Bus2_03.gif
     to c:/arkec/localpc/geos2000/userdata/template/cui/letters/

Copying g:/perforce/pcgeos/Tools/build/product/ark/userdata/template/cui/LETTER/Bus2_04.gif
     to c:/arkec/localpc/geos2000/userdata/template/cui/letters/

Copying g:/perforce/pcgeos/Tools/build/product/ark/userdata/template/cui/LETTER/Bus2_05.gif
     to c:/arkec/localpc/geos2000/userdata/template/cui/letters/

Copying g:/perforce/pcgeos/Tools/build/product/ark/userdata/template/cui/LETTER/Bus2_06.gif
     to c:/arkec/localpc/geos2000/userdata/template/cui/letters/

Copying g:/perforce/pcgeos/Tools/build/product/ark/userdata/template/cui/LETTER/Bus2_07.gif
     to c:/arkec/localpc/geos2000/userdata/template/cui/letters/

Copying g:/perforce/pcgeos/Tools/build/product/ark/userdata/template/cui/LETTER/Bus2_08.gif
     to c:/arkec/localpc/geos2000/userdata/template/cui/letters/

Copying g:/perforce/pcgeos/Tools/build/product/ark/userdata/template/cui/LETTER/Bus2_09.gif
     to c:/arkec/localpc/geos2000/userdata/template/cui/letters/

Copying g:/perforce/pcgeos/Tools/build/product/ark/userdata/template/cui/LETTER/Bus2_10.gif
     to c:/arkec/localpc/geos2000/userdata/template/cui/letters/

Copying g:/perforce/pcgeos/Tools/build/product/ark/userdata/template/cui/LETTER/Bus2_don.gif
     to c:/arkec/localpc/geos2000/userdata/template/cui/letters/

Copying g:/perforce/pcgeos/Tools/build/product/Ark/Userdata/Template/Writer/my_lette.000
     to c:/arkec/localpc/geos2000/userdata/template/cui/letters/

Copying g:/perforce/pcgeos/Tools/build/product/Ark/Userdata/Template/Writer/address.gif
     to c:/arkec/localpc/geos2000/userdata/template/cui/letters/

Copying g:/perforce/pcgeos/Tools/build/product/Ark/Userdata/Template/Writer/body.gif
     to c:/arkec/localpc/geos2000/userdata/template/cui/letters/

Copying g:/perforce/pcgeos/Tools/build/product/Ark/Userdata/Template/Writer/intro.gif
     to c:/arkec/localpc/geos2000/userdata/template/cui/letters/

Copying g:/perforce/pcgeos/Tools/build/product/Ark/Userdata/Template/Writer/close.gif
     to c:/arkec/localpc/geos2000/userdata/template/cui/letters/

Copying g:/perforce/pcgeos/Tools/build/product/Ark/Userdata/Template/Writer/date.gif
     to c:/arkec/localpc/geos2000/userdata/template/cui/letters/

Copying g:/perforce/pcgeos/Tools/build/product/Ark/Userdata/Template/Writer/done.gif
     to c:/arkec/localpc/geos2000/userdata/template/cui/letters/

Copying g:/perforce/pcgeos/Tools/build/product/Ark/Userdata/Template/Writer/name.gif
     to c:/arkec/localpc/geos2000/userdata/template/cui/letters/

Copying g:/perforce/pcgeos/Tools/build/product/Ark/Userdata/Template/Writer/salut.gif
     to c:/arkec/localpc/geos2000/userdata/template/cui/letters/

Copying g:/perforce/pcgeos/Tools/build/product/Ark/Userdata/Template/Writer/sign.gif
     to c:/arkec/localpc/geos2000/userdata/template/cui/letters/

Copying g:/perforce/pcgeos/Tools/build/product/Ark/Userdata/Template/Writer/youraddr.gif
     to c:/arkec/localpc/geos2000/userdata/template/cui/letters/

Copying g:/perforce/pcgeos/Tools/build/product/Ark/Userdata/Template/Writer/yourname.gif
     to c:/arkec/localpc/geos2000/userdata/template/cui/letters/

Copying g:/perforce/pcgeos/Tools/build/product/ark/userdata/template/cui/LETTER/Business.002
     to c:/arkec/localpc/geos2000/userdata/template/cui/letters/

Copying g:/perforce/pcgeos/Tools/build/product/ark/userdata/template/cui/LETTER/LETTERHE.000
     to c:/arkec/localpc/geos2000/userdata/template/cui/letters/

Copying g:/perforce/pcgeos/Tools/build/product/ark/userdata/template/cui/LETTER/LETTERHE.001
     to c:/arkec/localpc/geos2000/userdata/template/cui/letters/

Copying g:/perforce/pcgeos/Tools/build/product/ark/userdata/template/cui/LETTER/ltr2_1.gif
     to c:/arkec/localpc/geos2000/userdata/template/cui/letters/

Copying g:/perforce/pcgeos/Tools/build/product/ark/userdata/template/cui/LETTER/ltr2_2.gif
     to c:/arkec/localpc/geos2000/userdata/template/cui/letters/

Copying g:/perforce/pcgeos/Tools/build/product/ark/userdata/template/cui/LETTER/ltr2_3.gif
     to c:/arkec/localpc/geos2000/userdata/template/cui/letters/

Copying g:/perforce/pcgeos/Tools/build/product/ark/userdata/template/cui/LETTER/ltr2_4.gif
     to c:/arkec/localpc/geos2000/userdata/template/cui/letters/

Copying g:/perforce/pcgeos/Tools/build/product/ark/userdata/template/cui/LETTER/ltr2_5.gif
     to c:/arkec/localpc/geos2000/userdata/template/cui/letters/

Copying g:/perforce/pcgeos/Tools/build/product/ark/userdata/template/cui/LETTER/ltr2_6.gif
     to c:/arkec/localpc/geos2000/userdata/template/cui/letters/

Copying g:/perforce/pcgeos/Tools/build/product/ark/userdata/template/cui/LETTER/ltr2_7.gif
     to c:/arkec/localpc/geos2000/userdata/template/cui/letters/

Copying g:/perforce/pcgeos/Tools/build/product/ark/userdata/template/cui/LETTER/ltr2_8.gif
     to c:/arkec/localpc/geos2000/userdata/template/cui/letters/

Copying g:/perforce/pcgeos/Tools/build/product/ark/userdata/template/cui/LETTER/ltr2_9.gif
     to c:/arkec/localpc/geos2000/userdata/template/cui/letters/

Copying g:/perforce/pcgeos/Tools/build/product/ark/userdata/template/cui/LETTER/ltr2_10.gif
     to c:/arkec/localpc/geos2000/userdata/template/cui/letters/

Copying g:/perforce/pcgeos/Tools/build/product/ark/userdata/template/cui/LETTER/ltr2_11.gif
     to c:/arkec/localpc/geos2000/userdata/template/cui/letters/

Copying g:/perforce/pcgeos/Tools/build/product/ark/userdata/template/cui/LETTER/ltr2_12.gif
     to c:/arkec/localpc/geos2000/userdata/template/cui/letters/

Copying g:/perforce/pcgeos/Tools/build/product/ark/userdata/template/cui/LETTER/LETTERHE.002
     to c:/arkec/localpc/geos2000/userdata/template/cui/letters/

Copying g:/perforce/pcgeos/Tools/build/product/ark/userdata/template/cui/LETTER/LETTERHE.003
     to c:/arkec/localpc/geos2000/userdata/template/cui/letters/

Copying g:/perforce/pcgeos/Tools/build/product/ark/userdata/template/cui/LETTER/ltr4_1.gif
     to c:/arkec/localpc/geos2000/userdata/template/cui/letters/

Copying g:/perforce/pcgeos/Tools/build/product/ark/userdata/template/cui/LETTER/ltr4_2.gif
     to c:/arkec/localpc/geos2000/userdata/template/cui/letters/

Copying g:/perforce/pcgeos/Tools/build/product/ark/userdata/template/cui/LETTER/ltr4_3.gif
     to c:/arkec/localpc/geos2000/userdata/template/cui/letters/

Copying g:/perforce/pcgeos/Tools/build/product/ark/userdata/template/cui/LETTER/ltr4_4.gif
     to c:/arkec/localpc/geos2000/userdata/template/cui/letters/

Copying g:/perforce/pcgeos/Tools/build/product/ark/userdata/template/cui/LETTER/ltr4_5.gif
     to c:/arkec/localpc/geos2000/userdata/template/cui/letters/

Copying g:/perforce/pcgeos/Tools/build/product/ark/userdata/template/cui/LETTER/ltr4_6.gif
     to c:/arkec/localpc/geos2000/userdata/template/cui/letters/

Copying g:/perforce/pcgeos/Tools/build/product/ark/userdata/template/cui/LETTER/ltr4_7.gif
     to c:/arkec/localpc/geos2000/userdata/template/cui/letters/

Copying g:/perforce/pcgeos/Tools/build/product/ark/userdata/template/cui/LETTER/ltr4_8.gif
     to c:/arkec/localpc/geos2000/userdata/template/cui/letters/

Copying g:/perforce/pcgeos/Tools/build/product/ark/userdata/template/cui/LETTER/ltr4_9.gif
     to c:/arkec/localpc/geos2000/userdata/template/cui/letters/

Copying g:/perforce/pcgeos/Tools/build/product/ark/userdata/template/cui/LETTER/LETTERHE.004
     to c:/arkec/localpc/geos2000/userdata/template/cui/letters/

Copying g:/perforce/pcgeos/Tools/build/product/ark/userdata/template/cui/LETTER/ltr5_1.gif
     to c:/arkec/localpc/geos2000/userdata/template/cui/letters/

Copying g:/perforce/pcgeos/Tools/build/product/ark/userdata/template/cui/LETTER/ltr5_2.gif
     to c:/arkec/localpc/geos2000/userdata/template/cui/letters/

Copying g:/perforce/pcgeos/Tools/build/product/ark/userdata/template/cui/LETTER/ltr5_3.gif
     to c:/arkec/localpc/geos2000/userdata/template/cui/letters/

Copying g:/perforce/pcgeos/Tools/build/product/ark/userdata/template/cui/LETTER/ltr5_4.gif
     to c:/arkec/localpc/geos2000/userdata/template/cui/letters/

Copying g:/perforce/pcgeos/Tools/build/product/ark/userdata/template/cui/LETTER/ltr5_5.gif
     to c:/arkec/localpc/geos2000/userdata/template/cui/letters/

Copying g:/perforce/pcgeos/Tools/build/product/ark/userdata/template/cui/LETTER/ltr5_6.gif
     to c:/arkec/localpc/geos2000/userdata/template/cui/letters/

Copying g:/perforce/pcgeos/Tools/build/product/ark/userdata/template/cui/LETTER/ltr5_7.gif
     to c:/arkec/localpc/geos2000/userdata/template/cui/letters/

Copying g:/perforce/pcgeos/Tools/build/product/ark/userdata/template/cui/LETTER/ltr5_8.gif
     to c:/arkec/localpc/geos2000/userdata/template/cui/letters/

Copying g:/perforce/pcgeos/Tools/build/product/ark/userdata/template/cui/LETTER/ltr5_9.gif
     to c:/arkec/localpc/geos2000/userdata/template/cui/letters/

Copying g:/perforce/pcgeos/Tools/build/product/ark/userdata/template/cui/LETTER/LETTERHE.005
     to c:/arkec/localpc/geos2000/userdata/template/cui/letters/

Copying g:/perforce/pcgeos/Tools/build/product/ark/userdata/template/cui/LETTER/ltr6_1.gif
     to c:/arkec/localpc/geos2000/userdata/template/cui/letters/

Copying g:/perforce/pcgeos/Tools/build/product/ark/userdata/template/cui/LETTER/ltr6_2.gif
     to c:/arkec/localpc/geos2000/userdata/template/cui/letters/

Copying g:/perforce/pcgeos/Tools/build/product/ark/userdata/template/cui/LETTER/ltr6_3.gif
     to c:/arkec/localpc/geos2000/userdata/template/cui/letters/

Copying g:/perforce/pcgeos/Tools/build/product/ark/userdata/template/cui/LETTER/ltr6_4.gif
     to c:/arkec/localpc/geos2000/userdata/template/cui/letters/

Copying g:/perforce/pcgeos/Tools/build/product/ark/userdata/template/cui/LETTER/ltr6_5.gif
     to c:/arkec/localpc/geos2000/userdata/template/cui/letters/

Copying g:/perforce/pcgeos/Tools/build/product/ark/userdata/template/cui/LETTER/ltr6_6.gif
     to c:/arkec/localpc/geos2000/userdata/template/cui/letters/

Copying g:/perforce/pcgeos/Tools/build/product/ark/userdata/template/cui/LETTER/ltr6_7.gif
     to c:/arkec/localpc/geos2000/userdata/template/cui/letters/

Copying g:/perforce/pcgeos/Tools/build/product/ark/userdata/template/cui/LETTER/ltr6_8.gif
     to c:/arkec/localpc/geos2000/userdata/template/cui/letters/

Copying g:/perforce/pcgeos/Tools/build/product/ark/userdata/template/cui/LETTER/ltr6_9.gif
     to c:/arkec/localpc/geos2000/userdata/template/cui/letters/

Copying g:/perforce/pcgeos/Tools/build/product/ark/userdata/template/cui/LETTER/Business.000
     to c:/arkec/localpc/geos2000/userdata/template/cui/letters/

Copying g:/perforce/pcgeos/Tools/build/product/ark/userdata/template/cui/LETTER/Bus1_01.gif
     to c:/arkec/localpc/geos2000/userdata/template/cui/letters/

Copying g:/perforce/pcgeos/Tools/build/product/ark/userdata/template/cui/LETTER/Bus1_02.gif
     to c:/arkec/localpc/geos2000/userdata/template/cui/letters/

Copying g:/perforce/pcgeos/Tools/build/product/ark/userdata/template/cui/LETTER/Bus1_03.gif
     to c:/arkec/localpc/geos2000/userdata/template/cui/letters/

Copying g:/perforce/pcgeos/Tools/build/product/ark/userdata/template/cui/LETTER/Bus1_04.gif
     to c:/arkec/localpc/geos2000/userdata/template/cui/letters/

Copying g:/perforce/pcgeos/Tools/build/product/ark/userdata/template/cui/LETTER/Bus1_05.gif
     to c:/arkec/localpc/geos2000/userdata/template/cui/letters/

Copying g:/perforce/pcgeos/Tools/build/product/ark/userdata/template/cui/LETTER/Bus1_06.gif
     to c:/arkec/localpc/geos2000/userdata/template/cui/letters/

Copying g:/perforce/pcgeos/Tools/build/product/ark/userdata/template/cui/LETTER/Bus1_07.gif
     to c:/arkec/localpc/geos2000/userdata/template/cui/letters/

Copying g:/perforce/pcgeos/Tools/build/product/ark/userdata/template/cui/LETTER/Bus1_08.gif
     to c:/arkec/localpc/geos2000/userdata/template/cui/letters/

Copying g:/perforce/pcgeos/Tools/build/product/ark/userdata/template/cui/LETTER/Bus1_09.gif
     to c:/arkec/localpc/geos2000/userdata/template/cui/letters/

Copying g:/perforce/pcgeos/Tools/build/product/ark/userdata/template/cui/LETTER/Bus1_10.gif
     to c:/arkec/localpc/geos2000/userdata/template/cui/letters/

Copying g:/perforce/pcgeos/Tools/build/product/ark/userdata/template/cui/LETTER/Bus1_11.gif
     to c:/arkec/localpc/geos2000/userdata/template/cui/letters/

Copying g:/perforce/pcgeos/Tools/build/product/ark/userdata/template/cui/LETTER/Bus1_12.gif
     to c:/arkec/localpc/geos2000/userdata/template/cui/letters/

 Making directory c:/arkec/localpc/geos2000/userdata/template/cui/newslett.000

 Making c:/arkec/localpc/geos2000/userdata/template/cui/newslett.000/@dirname.000
     as Newsletters

Copying g:/perforce/pcgeos/Tools/build/product/ark/userdata/template/cui/NEWSLETT.000/Newslett.001
     to c:/arkec/localpc/geos2000/userdata/template/cui/newslett.000/

Copying g:/perforce/pcgeos/Tools/build/product/ark/userdata/template/cui/NEWSLETT.000/Newslett.002
     to c:/arkec/localpc/geos2000/userdata/template/cui/newslett.000/

Copying g:/perforce/pcgeos/Tools/build/product/ark/userdata/template/cui/ANNOUNCE.000/NEWSFLAS.000
     to c:/arkec/localpc/geos2000/userdata/template/cui/newslett.000/

 Making directory c:/arkec/localpc/geos2000/userdata/template/cui/school

 Making c:/arkec/localpc/geos2000/userdata/template/cui/school/@dirname.000
     as School

Copying g:/perforce/pcgeos/Tools/build/product/ark/userdata/template/cui/PAPER/TERM_PAP.000
     to c:/arkec/localpc/geos2000/userdata/template/cui/school/

Copying g:/perforce/pcgeos/Tools/build/product/ark/userdata/template/cui/PAPER/BOOK_REP.000
     to c:/arkec/localpc/geos2000/userdata/template/cui/school/

 Making directory c:/arkec/localpc/geos2000/userdata/template/cui/home_off.000

 Making c:/arkec/localpc/geos2000/userdata/template/cui/home_off.000/@dirname.000
     as Home Office

Copying g:/perforce/pcgeos/Tools/build/product/ark/userdata/template/cui/ENVELOPE/ENVELOPE.001
     to c:/arkec/localpc/geos2000/userdata/template/cui/home_off.000/

Copying g:/perforce/pcgeos/Tools/build/product/ark/userdata/template/cui/ENVELOPE/ENV1_1.gif
     to c:/arkec/localpc/geos2000/userdata/template/cui/home_off.000/

Copying g:/perforce/pcgeos/Tools/build/product/ark/userdata/template/cui/ENVELOPE/ENV1_2.gif
     to c:/arkec/localpc/geos2000/userdata/template/cui/home_off.000/

Copying g:/perforce/pcgeos/Tools/build/product/ark/userdata/template/cui/ENVELOPE/ENV1_3.gif
     to c:/arkec/localpc/geos2000/userdata/template/cui/home_off.000/

Copying g:/perforce/pcgeos/Tools/build/product/ark/userdata/template/cui/RESUME/COVER_LE.000
     to c:/arkec/localpc/geos2000/userdata/template/cui/home_off.000/

Copying g:/perforce/pcgeos/Tools/build/product/ark/userdata/template/cui/RESUME/CL1_1.gif
     to c:/arkec/localpc/geos2000/userdata/template/cui/home_off.000/

Copying g:/perforce/pcgeos/Tools/build/product/ark/userdata/template/cui/RESUME/CL1_2.gif
     to c:/arkec/localpc/geos2000/userdata/template/cui/home_off.000/

Copying g:/perforce/pcgeos/Tools/build/product/ark/userdata/template/cui/RESUME/CL1_3.gif
     to c:/arkec/localpc/geos2000/userdata/template/cui/home_off.000/

Copying g:/perforce/pcgeos/Tools/build/product/ark/userdata/template/cui/RESUME/CL1_4.gif
     to c:/arkec/localpc/geos2000/userdata/template/cui/home_off.000/

Copying g:/perforce/pcgeos/Tools/build/product/ark/userdata/template/cui/RESUME/CL1_5.gif
     to c:/arkec/localpc/geos2000/userdata/template/cui/home_off.000/

Copying g:/perforce/pcgeos/Tools/build/product/ark/userdata/template/cui/RESUME/CL1_6.gif
     to c:/arkec/localpc/geos2000/userdata/template/cui/home_off.000/

Copying g:/perforce/pcgeos/Tools/build/product/ark/userdata/template/cui/RESUME/CL1_7.gif
     to c:/arkec/localpc/geos2000/userdata/template/cui/home_off.000/

Copying g:/perforce/pcgeos/Tools/build/product/ark/userdata/template/cui/RESUME/CL1_8.gif
     to c:/arkec/localpc/geos2000/userdata/template/cui/home_off.000/

Copying g:/perforce/pcgeos/Tools/build/product/ark/userdata/template/cui/RESUME/CL1_9.gif
     to c:/arkec/localpc/geos2000/userdata/template/cui/home_off.000/

Copying g:/perforce/pcgeos/Tools/build/product/ark/userdata/template/cui/RESUME/CL1_10.gif
     to c:/arkec/localpc/geos2000/userdata/template/cui/home_off.000/

Copying g:/perforce/pcgeos/Tools/build/product/ark/userdata/template/cui/RESUME/CL1_11.gif
     to c:/arkec/localpc/geos2000/userdata/template/cui/home_off.000/

Copying g:/perforce/pcgeos/Tools/build/product/ark/userdata/template/cui/RESUME/CL1_12.gif
     to c:/arkec/localpc/geos2000/userdata/template/cui/home_off.000/

Copying g:/perforce/pcgeos/Tools/build/product/ark/userdata/template/cui/RESUME/CL1_13.gif
     to c:/arkec/localpc/geos2000/userdata/template/cui/home_off.000/

Copying g:/perforce/pcgeos/Tools/build/product/ark/userdata/template/cui/RESUME/CL1_14.gif
     to c:/arkec/localpc/geos2000/userdata/template/cui/home_off.000/

Copying g:/perforce/pcgeos/Tools/build/product/ark/userdata/template/cui/RESUME/CL1_15.gif
     to c:/arkec/localpc/geos2000/userdata/template/cui/home_off.000/

Copying g:/perforce/pcgeos/Tools/build/product/ark/userdata/template/cui/RESUME/COVER_LE.001
     to c:/arkec/localpc/geos2000/userdata/template/cui/home_off.000/

Copying g:/perforce/pcgeos/Tools/build/product/ark/userdata/template/cui/RESUME/CL2_1.gif
     to c:/arkec/localpc/geos2000/userdata/template/cui/home_off.000/

Copying g:/perforce/pcgeos/Tools/build/product/ark/userdata/template/cui/RESUME/CL2_2.gif
     to c:/arkec/localpc/geos2000/userdata/template/cui/home_off.000/

Copying g:/perforce/pcgeos/Tools/build/product/ark/userdata/template/cui/RESUME/CL2_3.gif
     to c:/arkec/localpc/geos2000/userdata/template/cui/home_off.000/

Copying g:/perforce/pcgeos/Tools/build/product/ark/userdata/template/cui/RESUME/CL2_4.gif
     to c:/arkec/localpc/geos2000/userdata/template/cui/home_off.000/

Copying g:/perforce/pcgeos/Tools/build/product/ark/userdata/template/cui/RESUME/CL2_5.gif
     to c:/arkec/localpc/geos2000/userdata/template/cui/home_off.000/

Copying g:/perforce/pcgeos/Tools/build/product/ark/userdata/template/cui/RESUME/CL2_6.gif
     to c:/arkec/localpc/geos2000/userdata/template/cui/home_off.000/

Copying g:/perforce/pcgeos/Tools/build/product/ark/userdata/template/cui/RESUME/CL2_7.gif
     to c:/arkec/localpc/geos2000/userdata/template/cui/home_off.000/

Copying g:/perforce/pcgeos/Tools/build/product/ark/userdata/template/cui/RESUME/CL2_8.gif
     to c:/arkec/localpc/geos2000/userdata/template/cui/home_off.000/

Copying g:/perforce/pcgeos/Tools/build/product/ark/userdata/template/cui/RESUME/CL2_9.gif
     to c:/arkec/localpc/geos2000/userdata/template/cui/home_off.000/

Copying g:/perforce/pcgeos/Tools/build/product/ark/userdata/template/cui/RESUME/CL2_10.gif
     to c:/arkec/localpc/geos2000/userdata/template/cui/home_off.000/

Copying g:/perforce/pcgeos/Tools/build/product/ark/userdata/template/cui/RESUME/CL2_11.gif
     to c:/arkec/localpc/geos2000/userdata/template/cui/home_off.000/

Copying g:/perforce/pcgeos/Tools/build/product/ark/userdata/template/cui/RESUME/CL2_12.gif
     to c:/arkec/localpc/geos2000/userdata/template/cui/home_off.000/

Copying g:/perforce/pcgeos/Tools/build/product/ark/userdata/template/cui/RESUME/REFERENC.001
     to c:/arkec/localpc/geos2000/userdata/template/cui/home_off.000/

Copying g:/perforce/pcgeos/Tools/build/product/ark/userdata/template/cui/RESUME/RESUME1.000
     to c:/arkec/localpc/geos2000/userdata/template/cui/home_off.000/

Copying g:/perforce/pcgeos/Tools/build/product/ark/userdata/template/cui/RESUME/RESUME2.000
     to c:/arkec/localpc/geos2000/userdata/template/cui/home_off.000/

ERROR: Could not find file Tools/build/product/ark/userdata/template/cui/FAX/FAX_1.000 in any of the source trees.

Copying g:/perforce/pcgeos/Tools/build/product/ark/userdata/template/cui/FAX/fax1_1.gif
     to c:/arkec/localpc/geos2000/userdata/template/cui/home_off.000/

Copying g:/perforce/pcgeos/Tools/build/product/ark/userdata/template/cui/FAX/fax1_2.gif
     to c:/arkec/localpc/geos2000/userdata/template/cui/home_off.000/

Copying g:/perforce/pcgeos/Tools/build/product/ark/userdata/template/cui/FAX/fax1_3.gif
     to c:/arkec/localpc/geos2000/userdata/template/cui/home_off.000/

Copying g:/perforce/pcgeos/Tools/build/product/ark/userdata/template/cui/FAX/fax1_4.gif
     to c:/arkec/localpc/geos2000/userdata/template/cui/home_off.000/

Copying g:/perforce/pcgeos/Tools/build/product/ark/userdata/template/cui/FAX/fax1_5.gif
     to c:/arkec/localpc/geos2000/userdata/template/cui/home_off.000/

Copying g:/perforce/pcgeos/Tools/build/product/ark/userdata/template/cui/FAX/fax1_6.gif
     to c:/arkec/localpc/geos2000/userdata/template/cui/home_off.000/

Copying g:/perforce/pcgeos/Tools/build/product/ark/userdata/template/cui/FAX/fax1_7.gif
     to c:/arkec/localpc/geos2000/userdata/template/cui/home_off.000/

Copying g:/perforce/pcgeos/Tools/build/product/ark/userdata/template/cui/FAX/fax1_8.gif
     to c:/arkec/localpc/geos2000/userdata/template/cui/home_off.000/

Copying g:/perforce/pcgeos/Tools/build/product/ark/userdata/template/cui/FAX/fax1_9.gif
     to c:/arkec/localpc/geos2000/userdata/template/cui/home_off.000/

Copying g:/perforce/pcgeos/Tools/build/product/ark/userdata/template/cui/FAX/fax1_10.gif
     to c:/arkec/localpc/geos2000/userdata/template/cui/home_off.000/

Copying g:/perforce/pcgeos/Tools/build/product/ark/userdata/template/cui/FAX/fax1_11.gif
     to c:/arkec/localpc/geos2000/userdata/template/cui/home_off.000/

Copying g:/perforce/pcgeos/Tools/build/product/ark/userdata/template/cui/FAX/fax1_12.gif
     to c:/arkec/localpc/geos2000/userdata/template/cui/home_off.000/

ERROR: Could not find file Tools/build/product/ark/userdata/template/cui/FAX/FAX_2.000 in any of the source trees.

Copying g:/perforce/pcgeos/Tools/build/product/ark/userdata/template/cui/FAX/fax2_1.gif
     to c:/arkec/localpc/geos2000/userdata/template/cui/home_off.000/

Copying g:/perforce/pcgeos/Tools/build/product/ark/userdata/template/cui/FAX/fax2_2.gif
     to c:/arkec/localpc/geos2000/userdata/template/cui/home_off.000/

Copying g:/perforce/pcgeos/Tools/build/product/ark/userdata/template/cui/FAX/fax2_3.gif
     to c:/arkec/localpc/geos2000/userdata/template/cui/home_off.000/

Copying g:/perforce/pcgeos/Tools/build/product/ark/userdata/template/cui/FAX/fax2_4.gif
     to c:/arkec/localpc/geos2000/userdata/template/cui/home_off.000/

Copying g:/perforce/pcgeos/Tools/build/product/ark/userdata/template/cui/FAX/fax2_5.gif
     to c:/arkec/localpc/geos2000/userdata/template/cui/home_off.000/

Copying g:/perforce/pcgeos/Tools/build/product/ark/userdata/template/cui/FAX/fax2_6.gif
     to c:/arkec/localpc/geos2000/userdata/template/cui/home_off.000/

Copying g:/perforce/pcgeos/Tools/build/product/ark/userdata/template/cui/FAX/fax2_7.gif
     to c:/arkec/localpc/geos2000/userdata/template/cui/home_off.000/

ERROR: Could not find file Tools/build/product/ark/userdata/template/cui/FAX/FAX_3.000 in any of the source trees.

Copying g:/perforce/pcgeos/Tools/build/product/ark/userdata/template/cui/FAX/fax3_1.gif
     to c:/arkec/localpc/geos2000/userdata/template/cui/home_off.000/

Copying g:/perforce/pcgeos/Tools/build/product/ark/userdata/template/cui/FAX/fax3_2.gif
     to c:/arkec/localpc/geos2000/userdata/template/cui/home_off.000/

Copying g:/perforce/pcgeos/Tools/build/product/ark/userdata/template/cui/FAX/fax3_3.gif
     to c:/arkec/localpc/geos2000/userdata/template/cui/home_off.000/

Copying g:/perforce/pcgeos/Tools/build/product/ark/userdata/template/cui/FAX/fax3_4.gif
     to c:/arkec/localpc/geos2000/userdata/template/cui/home_off.000/

Copying g:/perforce/pcgeos/Tools/build/product/ark/userdata/template/cui/FAX/fax3_5.gif
     to c:/arkec/localpc/geos2000/userdata/template/cui/home_off.000/

Copying g:/perforce/pcgeos/Tools/build/product/ark/userdata/template/cui/FAX/fax3_6.gif
     to c:/arkec/localpc/geos2000/userdata/template/cui/home_off.000/

Copying g:/perforce/pcgeos/Tools/build/product/ark/userdata/template/cui/FAX/fax3_7.gif
     to c:/arkec/localpc/geos2000/userdata/template/cui/home_off.000/

Copying g:/perforce/pcgeos/Tools/build/product/ark/userdata/template/cui/FAX/fax3_8.gif
     to c:/arkec/localpc/geos2000/userdata/template/cui/home_off.000/

Copying g:/perforce/pcgeos/Tools/build/product/ark/userdata/template/cui/FAX/fax3_9.gif
     to c:/arkec/localpc/geos2000/userdata/template/cui/home_off.000/

Copying g:/perforce/pcgeos/Tools/build/product/ark/userdata/template/cui/FAX/fax3_10.gif
     to c:/arkec/localpc/geos2000/userdata/template/cui/home_off.000/

Copying g:/perforce/pcgeos/Tools/build/product/ark/userdata/template/cui/FAX/fax3_11.gif
     to c:/arkec/localpc/geos2000/userdata/template/cui/home_off.000/

ERROR: Could not find file Tools/build/product/ark/userdata/template/cui/FAX/FAX_5.000 in any of the source trees.

Copying g:/perforce/pcgeos/Tools/build/product/ark/userdata/template/cui/FAX/fax5_1.gif
     to c:/arkec/localpc/geos2000/userdata/template/cui/home_off.000/

Copying g:/perforce/pcgeos/Tools/build/product/ark/userdata/template/cui/FAX/fax5_2.gif
     to c:/arkec/localpc/geos2000/userdata/template/cui/home_off.000/

Copying g:/perforce/pcgeos/Tools/build/product/ark/userdata/template/cui/FAX/fax5_3.gif
     to c:/arkec/localpc/geos2000/userdata/template/cui/home_off.000/

Copying g:/perforce/pcgeos/Tools/build/product/ark/userdata/template/cui/FAX/fax5_4.gif
     to c:/arkec/localpc/geos2000/userdata/template/cui/home_off.000/

Copying g:/perforce/pcgeos/Tools/build/product/ark/userdata/template/cui/FAX/fax5_5.gif
     to c:/arkec/localpc/geos2000/userdata/template/cui/home_off.000/

Copying g:/perforce/pcgeos/Tools/build/product/ark/userdata/template/cui/FAX/fax5_6.gif
     to c:/arkec/localpc/geos2000/userdata/template/cui/home_off.000/

Copying g:/perforce/pcgeos/Tools/build/product/ark/userdata/template/cui/FAX/fax5_7.gif
     to c:/arkec/localpc/geos2000/userdata/template/cui/home_off.000/

ERROR: Could not find file Tools/build/product/ark/userdata/template/cui/FAX/FAX_4.000 in any of the source trees.

Copying g:/perforce/pcgeos/Tools/build/product/ark/userdata/template/cui/FAX/FAX4_01.gif
     to c:/arkec/localpc/geos2000/userdata/template/cui/home_off.000/

Copying g:/perforce/pcgeos/Tools/build/product/ark/userdata/template/cui/FAX/FAX4_02.gif
     to c:/arkec/localpc/geos2000/userdata/template/cui/home_off.000/

Copying g:/perforce/pcgeos/Tools/build/product/ark/userdata/template/cui/FAX/FAX4_03.gif
     to c:/arkec/localpc/geos2000/userdata/template/cui/home_off.000/

Copying g:/perforce/pcgeos/Tools/build/product/ark/userdata/template/cui/FAX/FAX4_04.gif
     to c:/arkec/localpc/geos2000/userdata/template/cui/home_off.000/

Copying g:/perforce/pcgeos/Tools/build/product/ark/userdata/template/cui/FAX/FAX4_05.gif
     to c:/arkec/localpc/geos2000/userdata/template/cui/home_off.000/

Copying g:/perforce/pcgeos/Tools/build/product/ark/userdata/template/cui/FAX/FAX4_06.gif
     to c:/arkec/localpc/geos2000/userdata/template/cui/home_off.000/

Copying g:/perforce/pcgeos/Tools/build/product/ark/userdata/template/cui/FAX/FAX4_07.gif
     to c:/arkec/localpc/geos2000/userdata/template/cui/home_off.000/

 Making directory c:/arkec/localpc/geos2000/userdata/deck

Copying g:/perforce/pcgeos/<i>/Appl/Art/Decks/GeoDeck/geodeck.vm
     to c:/arkec/localpc/geos2000/userdata/deck/

 Making directory c:/arkec/localpc/geos2000/userdata/font

Copying g:/perforce/pcgeos/FontData/Berkeley.fnt
     to c:/arkec/localpc/geos2000/userdata/font/

Copying g:/perforce/pcgeos/FontData/Bison.fnt
     to c:/arkec/localpc/geos2000/userdata/font/

Copying g:/perforce/pcgeos/FontData/Broadway.fnt
     to c:/arkec/localpc/geos2000/userdata/font/

Copying g:/perforce/pcgeos/FontData/LED.fnt
     to c:/arkec/localpc/geos2000/userdata/font/

Copying g:/perforce/pcgeos/FontData/Roman.fnt
     to c:/arkec/localpc/geos2000/userdata/font/

Copying g:/perforce/pcgeos/FontData/Sans.fnt
     to c:/arkec/localpc/geos2000/userdata/font/

Copying g:/perforce/pcgeos/FontData/Universi.fnt
     to c:/arkec/localpc/geos2000/userdata/font/

Copying g:/perforce/pcgeos/FontData/Century_.fnt
     to c:/arkec/localpc/geos2000/userdata/font/

Copying g:/perforce/pcgeos/FontData/Cooper.fnt
     to c:/arkec/localpc/geos2000/userdata/font/

Copying g:/perforce/pcgeos/FontData/FGothic.fnt
     to c:/arkec/localpc/geos2000/userdata/font/

Copying g:/perforce/pcgeos/FontData/SymbolPS.fnt
     to c:/arkec/localpc/geos2000/userdata/font/

Copying g:/perforce/pcgeos/FontData/Park_Ave.fnt
     to c:/arkec/localpc/geos2000/userdata/font/

Copying g:/perforce/pcgeos/FontData/Mono.fnt
     to c:/arkec/localpc/geos2000/userdata/font/

 Making directory c:/arkec/localpc/geos2000/userdata/help

ERROR: Could not find file Auihelp.000 in any of the source trees.

 Making directory c:/arkec/localpc/geos2000/world

Copying g:/perforce/pcgeos/<i>/Appl/GPCMail/emailec.geo
     to c:/arkec/localpc/geos2000/world/

Copying g:/perforce/pcgeos/<i>/Appl/Breadbox/gpcbrow/JS/gpcbrowec.geo
     to c:/arkec/localpc/geos2000/world/

Copying g:/perforce/pcgeos/<i>/Appl/BreadBox/GPCChat/gpcchatec.geo
     to c:/arkec/localpc/geos2000/world/

Copying g:/perforce/pcgeos/<i>/Appl/BreadBox/NewsRead/newsreadec.geo
     to c:/arkec/localpc/geos2000/world/

Copying g:/perforce/pcgeos/<i>/Appl/eFax/eFaxec.geo
     to c:/arkec/localpc/geos2000/world/

 Making directory c:/arkec/localpc/geos2000/world/accessor.000

 Making c:/arkec/localpc/geos2000/world/accessor.000/@dirname.000
     as Accessories

Copying g:/perforce/pcgeos/<i>/Appl/BigCalc/bigcalcec.geo
     to c:/arkec/localpc/geos2000/world/accessor.000/

Copying g:/perforce/pcgeos/<i>/Appl/ScrapBk/scrapbkec.geo
     to c:/arkec/localpc/geos2000/world/accessor.000/

Copying g:/perforce/pcgeos/<i>/Appl/WavPlay/wavplayec.geo
     to c:/arkec/localpc/geos2000/world/accessor.000/

Copying g:/perforce/pcgeos/<i>/Appl/Charm/charmec.geo
     to c:/arkec/localpc/geos2000/world/accessor.000/

Copying g:/perforce/pcgeos/<i>/Appl/Banner/bannerec.geo
     to c:/arkec/localpc/geos2000/world/accessor.000/

Copying g:/perforce/pcgeos/<i>/Appl/PDFViewer/pdfvuec.geo
     to c:/arkec/localpc/geos2000/world/accessor.000/

Copying g:/perforce/pcgeos/<i>/Appl/PicAlbum/picalbumec.geo
     to c:/arkec/localpc/geos2000/world/accessor.000/

 Making directory c:/arkec/localpc/geos2000/world/computer.000

 Making c:/arkec/localpc/geos2000/world/computer.000/@dirname.000
     as Computer Utilities

Copying g:/perforce/pcgeos/<i>/Appl/IDialup/idialupec.geo
     to c:/arkec/localpc/geos2000/world/computer.000/

Copying g:/perforce/pcgeos/<i>/Appl/Preferences/PrefMgr/prefmgrec.geo
     to c:/arkec/localpc/geos2000/world/computer.000/

Copying g:/perforce/pcgeos/<i>/Appl/SWMgr/SWMgrec.geo
     to c:/arkec/localpc/geos2000/world/computer.000/

Copying g:/perforce/pcgeos/<i>/Appl/Update/updateec.geo
     to c:/arkec/localpc/geos2000/world/computer.000/

Copying g:/perforce/pcgeos/<i>/Appl/BkRt/bkrtec.geo
     to c:/arkec/localpc/geos2000/world/computer.000/

Copying g:/perforce/pcgeos/<i>/Appl/BreadBox/Geozip/geozipec.geo
     to c:/arkec/localpc/geos2000/world/computer.000/

Copying g:/perforce/pcgeos/<i>/Appl/Util/Unplug/unplugec.geo
     to c:/arkec/localpc/geos2000/world/computer.000/

 Making directory c:/arkec/localpc/geos2000/world/play_and.000

 Making c:/arkec/localpc/geos2000/world/play_and.000/@dirname.000
     as Play and Learn

Copying g:/perforce/pcgeos/<i>/Appl/Games/Tetris/tetrisec.geo
     to c:/arkec/localpc/geos2000/world/play_and.000/

Copying g:/perforce/pcgeos/<i>/Appl/Games/CWord/cwordec.geo
     to c:/arkec/localpc/geos2000/world/play_and.000/

Copying g:/perforce/pcgeos/<i>/Appl/Games/Solitaire/soliec.geo
     to c:/arkec/localpc/geos2000/world/play_and.000/

Copying g:/perforce/pcgeos/<i>/Appl/Tutorial/tutorialec.geo
     to c:/arkec/localpc/geos2000/world/play_and.000/

 Making directory c:/arkec/localpc/geos2000/world/home_off.000

 Making c:/arkec/localpc/geos2000/world/home_off.000/@dirname.000
     as Home Office

Copying g:/perforce/pcgeos/<i>/Appl/GeoCalc/geocalcec.geo
     to c:/arkec/localpc/geos2000/world/home_off.000/

Copying g:/perforce/pcgeos/<i>/Appl/GeoWrite/writeec.geo
     to c:/arkec/localpc/geos2000/world/home_off.000/

Copying g:/perforce/pcgeos/<i>/Appl/GeoDraw/drawec.geo
     to c:/arkec/localpc/geos2000/world/home_off.000/

 Making directory c:/arkec/localpc/geos2000/world/organize

 Making c:/arkec/localpc/geos2000/world/organize/@dirname.000
     as Organize

Copying g:/perforce/pcgeos/<i>/Appl/Calendar/geoplanec.geo
     to c:/arkec/localpc/geos2000/world/organize/

Copying g:/perforce/pcgeos/<i>/Appl/GeoDex/geodexec.geo
     to c:/arkec/localpc/geos2000/world/organize/

Copying g:/perforce/pcgeos/<i>/Appl/BreadBox/GPCBase/gpcbaseec.geo
     to c:/arkec/localpc/geos2000/world/organize/

Copying g:/perforce/pcgeos/<i>/Appl/BreadBox/GPCBnkr/gpcbnkrec.geo
     to c:/arkec/localpc/geos2000/world/organize/

 Making directory c:/arkec/localpc/geosapps

 Making directory c:/arkec/localpc/dosapps

 Making directory c:/arkec/localpc/bin

Copying g:/perforce/pcgeos/Tools/build/product/Ark/Template/mouse.com
     to c:/arkec/localpc/bin/

 Making directory c:/arkec/image

_____________________ Errors _____________________

There were 6 errors:
Could not find file Tools/build/product/ark/userdata/template/cui/FAX/FAX_1.000 in any of the source trees.
Could not find file Tools/build/product/ark/userdata/template/cui/FAX/FAX_2.000 in any of the source trees.
Could not find file Tools/build/product/ark/userdata/template/cui/FAX/FAX_3.000 in any of the source trees.
Could not find file Tools/build/product/ark/userdata/template/cui/FAX/FAX_5.000 in any of the source trees.
Could not find file Tools/build/product/ark/userdata/template/cui/FAX/FAX_4.000 in any of the source trees.
Could not find file Auihelp.000 in any of the source trees.

No warnings.

*** Welcome to buildArk! ***

Which platform? (pc/pcxip/hw/hwxip/small/nt/win/hwtools/nttools), 
   default = hw: Make an EC image? (y/n), default = n: Select desired language (english, uss, brp, etc.), default = english: Copy geodes from Installed to target? (y/n), default = y: Copy resource (.vm) files from Installed to target? (y/n), default = n: Directory to put target files in (default = c:/arkec): + chdir g:/perforce/pcgeos/Tools/build/product/Ark
+ gbuild ntark.build "sourceDirs=g:/perforce/pcgeos/Ark/Installed g:/perforce/pcgeos/Installed g:/perforce/pcgeos" "promptOnDeleteDestTree=false" "ec=true" "language=n" "shipFiles=true" "vm=false" "desttree=c:/arkec" 

buildArk completed!
