
RCS file:        RCS/appcache.tcl,v;   Working file:    appcache.tcl
head:            1.2
branch:          
locks:           ;  strict
access list:   

comment leader:  ""
total revisions: 8;    selected revisions: 1
description:
Print current state of the app cache
----------------------------
revision 1.2.2.1        
date: 93/09/28 14:09:52;  author: jimmy;  state: Exp;  lines added/del: 1/1
Initial revision for branch SDKBETA_1_0_0


RCS file:        RCS/assign.tcl,v;   Working file:    assign.tcl
head:            1.9
branch:          
locks:           ;  strict
access list:   

comment leader:  ""
total revisions: 25;    selected revisions: 3
description:
commands to assign values to variables.
----------------------------
revision 1.9        
date: 93/10/07 17:56:21;  author: adam;  state: Exp;  lines added/del: 14/8
added ability to assign 0 to optrs
----------------------------
revision 1.8        
date: 93/09/30 14:42:52;  author: jenny;  state: Exp;  lines added/del: 13/1
made possible assigning to local variables stored in registers
----------------------------
revision 1.7.1.1        
date: 93/09/28 14:09:18;  author: jimmy;  state: Exp;  lines added/del: 1/1
Initial revision for branch SDKBETA_1_0_0


RCS file:        RCS/autoload.tcl,v;   Working file:    autoload.tcl
head:            3.102
branch:          
locks:           ;  strict
access list:   

comment leader:  ""
total revisions: 56;    selected revisions: 7
description:
----------------------------
revision 3.102        
date: 93/10/15 17:23:43;  author: dubois;  state: Exp;  lines added/del: 2/1
added bwatch to autoload
----------------------------
revision 3.101        
date: 93/10/11 16:55:10;  author: dubois;  state: Exp;  lines added/del: 3/1
added autoloads for pflags, flagwin
----------------------------
revision 3.100        
date: 93/10/08 15:37:56;  author: dubois;  state: Exp;  lines added/del: 2/1
> added [autoload procmessagebrk 0 objwatch]
----------------------------
revision 3.99        
date: 93/09/29 16:18:13;  author: joon;  state: Exp;  lines added/del: 2/2
incorporating changes from 3.89.2.9
----------------------------
revision 3.98        
date: 93/09/23 17:38:05;  author: dubois;  state: Exp;  lines added/del: 2/1
branches:  3.98.1;  
added ignerr to autoload.tcl
----------------------------
revision 3.89.2.9        
date: 93/09/29 16:16:03;  author: joon;  state: Exp;  lines added/del: 2/2
moved timer-profile from Internal to Extra
----------------------------
revision 3.98.1.1        
date: 93/09/28 14:08:45;  author: jimmy;  state: Exp;  lines added/del: 1/1
Initial revision for branch SDKBETA_1_0_0


RCS file:        RCS/borrow.tcl,v;   Working file:    borrow.tcl
head:            1.4
branch:          
locks:           ;  strict
access list:   

comment leader:  ""
total revisions: 24;    selected revisions: 2
description:
Code for watching stack-borrowing.
----------------------------
revision 1.4        
date: 93/10/11 16:27:41;  author: joon;  state: Exp;  lines added/del: 3/3
ThreadBorrowStackSpace instead of TBSS_borrow
----------------------------
revision 1.3.1.1        
date: 93/09/28 14:05:55;  author: jimmy;  state: Exp;  lines added/del: 1/1
Initial revision for branch SDKBETA_1_0_0




RCS file:        RCS/call.tcl,v;   Working file:    call.tcl
head:            3.28
branch:          
locks:           ;  strict
access list:   

comment leader:  ""
total revisions: 61;    selected revisions: 7
description:
----------------------------
revision 3.28        
date: 93/10/18 15:11:19;  author: joon;  state: Exp;  lines added/del: 4/2
call-patient: call function only if name matches exactly
----------------------------
revision 3.27        
date: 93/10/13 23:41:08;  author: joon;  state: Exp;  lines added/del: 10/3
fix run-file caching
----------------------------
revision 3.26        
date: 93/09/23 15:59:22;  author: doug;  state: Exp;  lines added/del: 18/21
branches:  3.26.1;  
incorporating changes from 3.7.17.20
----------------------------
revision 3.25        
date: 93/09/23 13:59:34;  author: doug;  state: Exp;  lines added/del: 7/8
incorporating changes from 3.7.17.19
----------------------------
revision 3.7.17.20        
date: 93/09/23 15:58:47;  author: doug;  state: Exp;  lines added/del: 18/21
Idle first in run command
----------------------------
revision 3.7.17.19        
date: 93/09/23 13:58:59;  author: doug;  state: Exp;  lines added/del: 7/8
Remove DOSIdleHook reference, fixup errors
----------------------------
revision 3.26.1.1        
date: 93/09/28 14:05:59;  author: jimmy;  state: Exp;  lines added/del: 1/1
Initial revision for branch SDKBETA_1_0_0







RCS file:        RCS/curses.tcl,v;   Working file:    curses.tcl
head:            3.37
branch:          
locks:           ;  strict
access list:   

comment leader:  ""
total revisions: 45;    selected revisions: 6
description:
----------------------------
revision 3.37        
date: 93/10/12 16:15:36;  author: dubois;  state: Exp;  lines added/del: 2/2
Error message was a bit obscure.
----------------------------
revision 3.36        
date: 93/10/11 14:55:33;  author: dubois;  state: Exp;  lines added/del: 9/3
added check of returned error message to search_internal for
more informative error reporting.
----------------------------
revision 3.35        
date: 93/09/30 14:42:03;  author: jenny;  state: Exp;  lines added/del: 46/20
fixed bugs in "find" command
----------------------------
revision 3.34        
date: 93/09/23 03:04:52;  author: joon;  state: Exp;  lines added/del: 19/13
branches:  3.34.1;  
highlight tag line and don't display line numbers
----------------------------
revision 3.33        
date: 93/09/23 00:35:32;  author: jenny;  state: Exp;  lines added/del: 3/2
fixed fix to dss bug
----------------------------
revision 3.34.1.1        
date: 93/09/28 14:04:59;  author: jimmy;  state: Exp;  lines added/del: 1/1
Initial revision for branch SDKBETA_1_0_0






RCS file:        RCS/doc.tcl,v;   Working file:    doc.tcl
head:            1.9
branch:          
locks:           ;  strict
access list:   

comment leader:  ""
total revisions: 20;    selected revisions: 2
description:
tag technical documentation
----------------------------
revision 1.9        
date: 93/09/23 02:56:05;  author: joon;  state: Exp;  lines added/del: 5/5
branches:  1.9.1;  
highlight tag line
----------------------------
revision 1.9.1.1        
date: 93/09/28 14:09:49;  author: jimmy;  state: Exp;  lines added/del: 1/1
Initial revision for branch SDKBETA_1_0_0


RCS file:        RCS/dos.tcl,v;   Working file:    dos.tcl
head:            3.27
branch:          
locks:           ;  strict
access list:   

comment leader:  ""
total revisions: 27;    selected revisions: 2
description:
----------------------------
revision 3.27        
date: 93/10/15 00:23:50;  author: joon;  state: Exp;  lines added/del: 12/10
sftwalk was having some problems
----------------------------
revision 3.26.1.1        
date: 93/09/28 14:07:32;  author: jimmy;  state: Exp;  lines added/del: 1/1
Initial revision for branch SDKBETA_1_0_0




RCS file:        RCS/fatalerr.tcl,v;   Working file:    fatalerr.tcl
head:            1.18
branch:          
locks:           ;  strict
access list:   

comment leader:  ""
total revisions: 31;    selected revisions: 2
description:
system panic explanation...
----------------------------
revision 1.18        
date: 93/10/14 18:30:48;  author: jimmy;  state: Exp;  lines added/del: 6/2
added a check for null in a routine
----------------------------
revision 1.17.1.1        
date: 93/09/28 14:07:55;  author: jimmy;  state: Exp;  lines added/del: 1/1
Initial revision for branch SDKBETA_1_0_0


RCS file:        RCS/file-err.tcl,v;   Working file:    file-err.tcl
head:            3.133
branch:          
locks:           ;  strict
access list:   

comment leader:  ""
total revisions: 84;    selected revisions: 15
description:
----------------------------
revision 3.133        
date: 93/10/19 11:11:44;  author: adam;  state: Exp;  lines added/del: 818/687
completely restructured
----------------------------
revision 3.132        
date: 93/10/14 14:01:53;  author: jimmy;  state: Exp;  lines added/del: 285/107
put back some changes that just seemed to have disappeared
----------------------------
revision 3.131        
date: 93/10/13 21:49:57;  author: joon;  state: Exp;  lines added/del: 2/2
can't find symbol file instead of can't find executable file
----------------------------
revision 3.130        
date: 93/10/11 13:00:50;  author: adam;  state: Exp;  lines added/del: 16/9
added misc pcmcia stuff
----------------------------
revision 3.129        
date: 93/10/01 13:00:22;  author: steve;  state: Exp;  lines added/del: 33/15
more shit
----------------------------
revision 3.128        
date: 93/09/27 12:09:16;  author: jdashe;  state: Exp;  lines added/del: 61/300
branches:  3.128.1;  
incorporating changes from 3.106.1.14
----------------------------
revision 3.127        
date: 93/09/23 19:29:44;  author: jdashe;  state: Exp;  lines added/del: 2/1
incorporating changes from 3.106.1.10
----------------------------
revision 3.126        
date: 93/09/23 17:57:06;  author: joon;  state: Exp;  lines added/del: 5/5
reordered items in file-geode-list
----------------------------
revision 3.125        
date: 93/09/23 17:01:03;  author: joon;  state: Exp;  lines added/del: 7/1
added a few more things to the file-geode-list for SDK
----------------------------
revision 3.124        
date: 93/09/23 16:43:00;  author: jimmy;  state: Exp;  lines added/del: 33/4
updated file-err.tcl for PC gym file stuff
----------------------------
revision 3.106.1.15        
date: 93/10/19 11:16:14;  author: adam;  state: Exp;  lines added/del: 818/484
merge from trunk
----------------------------
revision 3.106.1.14        
date: 93/09/27 11:53:51;  author: jdashe;  state: Exp;  lines added/del: 6/4
Moved bullet geodes around.
----------------------------
revision 3.106.1.13        
date: 93/09/23 19:18:54;  author: jdashe;  state: Exp;  lines added/del: 24/1
Added Bullet files.
----------------------------
revision 3.106.1.12        
date: 93/09/23 18:06:03;  author: dloft;  state: Exp;  lines added/del: 3/1
added ihelp
----------------------------
revision 3.128.1.1        
date: 93/09/28 14:06:39;  author: jimmy;  state: Exp;  lines added/del: 1/1
Initial revision for branch SDKBETA_1_0_0


RCS file:        RCS/filexfer.tcl,v;   Working file:    filexfer.tcl
head:            1.14
branch:          
locks:           ;  strict
access list:   

comment leader:  ""
total revisions: 30;    selected revisions: 3
description:
tcl stuff for downloading files through RPC
----------------------------
revision 1.14        
date: 93/10/13 23:39:45;  author: joon;  state: Exp;  lines added/del: 5/1
fix send-file caching
----------------------------
revision 1.13        
date: 93/09/23 13:15:11;  author: dubois;  state: Exp;  lines added/del: 3/3
branches:  1.13.1;  
docs for send
----------------------------
revision 1.13.1.1        
date: 93/09/28 14:09:57;  author: jimmy;  state: Exp;  lines added/del: 1/1
Initial revision for branch SDKBETA_1_0_0




RCS file:        RCS/fp.tcl,v;   Working file:    fp.tcl
head:            1.22
branch:          
locks:           ;  strict
access list:   

comment leader:  ""
total revisions: 29;    selected revisions: 2
description:
floating point debugging code
----------------------------
revision 1.22        
date: 93/10/15 02:20:24;  author: joon;  state: Exp;  lines added/del: 5/2
must load math library before using 'pfloat'
----------------------------
revision 1.21.1.1        
date: 93/09/28 14:08:38;  author: jimmy;  state: Exp;  lines added/del: 1/1
Initial revision for branch SDKBETA_1_0_0







RCS file:        RCS/heap.tcl,v;   Working file:    heap.tcl
head:            3.71
branch:          
locks:           ;  strict
access list:   

comment leader:  ""
total revisions: 47;    selected revisions: 3
description:
----------------------------
revision 3.71        
date: 93/10/15 13:10:38;  author: lester;  state: Exp;  lines added/del: 7/7
changed DebugMemory to FarDebugMemory in tmem 
and fixed spelling error in heapspace
----------------------------
revision 3.70        
date: 93/10/07 17:54:22;  author: adam;  state: Exp;  lines added/del: 30/9
added echeck for non-coalesced blocks and feedback during restricted "handles" command
----------------------------
revision 3.69.1.1        
date: 93/09/28 14:08:02;  author: jimmy;  state: Exp;  lines added/del: 1/1
Initial revision for branch SDKBETA_1_0_0


RCS file:        RCS/help.tcl,v;   Working file:    help.tcl
head:            3.17
branch:          
locks:           ;  strict
access list:   

comment leader:  ""
total revisions: 31;    selected revisions: 3
description:
----------------------------
revision 3.17        
date: 93/10/05 19:49:22;  author: jenny;  state: Exp;  lines added/del: 2/2
fixed typo
----------------------------
revision 3.16        
date: 93/09/23 19:25:46;  author: jenny;  state: Exp;  lines added/del: 16/7
branches:  3.16.1;  
fixed unix-only functions not to allow themselves to try running
from DOS
----------------------------
revision 3.16.1.1        
date: 93/09/28 14:07:16;  author: jimmy;  state: Exp;  lines added/del: 1/1
Initial revision for branch SDKBETA_1_0_0





RCS file:        RCS/ibrk.tcl,v;   Working file:    ibrk.tcl
head:            3.18
branch:          
locks:           ;  strict
access list:   

comment leader:  ""
total revisions: 29;    selected revisions: 2
description:
----------------------------
revision 3.18        
date: 93/10/18 17:53:00;  author: dubois;  state: Exp;  lines added/del: 18/2
stop in now accepts address-history tokens
----------------------------
revision 3.17.1.1        
date: 93/09/28 14:09:21;  author: jimmy;  state: Exp;  lines added/del: 1/1
Initial revision for branch SDKBETA_1_0_0





RCS file:        RCS/istep.tcl,v;   Working file:    istep.tcl
head:            3.61
branch:          
locks:           ;  strict
access list:   

comment leader:  ""
total revisions: 32;    selected revisions: 2
description:
----------------------------
revision 3.61        
date: 93/09/28 17:50:57;  author: jenny;  state: Exp;  lines added/del: 2/2
fixed missing parentheses problem
----------------------------
revision 3.60.1.1        
date: 93/09/28 14:08:18;  author: jimmy;  state: Exp;  lines added/del: 1/1
Initial revision for branch SDKBETA_1_0_0






RCS file:        RCS/mouse.tcl,v;   Working file:    mouse.tcl
head:            1.10
branch:          
locks:           ;  strict
access list:   

comment leader:  ""
total revisions: 25;    selected revisions: 2
description:
mouse support for PC swat
----------------------------
revision 1.10        
date: 93/10/13 16:37:42;  author: dubois;  state: Exp;  lines added/del: 3/3
fixed off-by-one in find-display, and took out what looked like
a work-around for the bug in mouse-do-breakpoint.
----------------------------
revision 1.9.1.1        
date: 93/09/28 14:07:02;  author: jimmy;  state: Exp;  lines added/del: 1/1
Initial revision for branch SDKBETA_1_0_0





RCS file:        RCS/object.tcl,v;   Working file:    object.tcl
head:            1.66
branch:          
locks:           ;  strict
access list:   

comment leader:  ""
total revisions: 88;    selected revisions: 2
description:
routines relating to analysis of objects
----------------------------
revision 1.66        
date: 93/09/30 14:35:32;  author: jenny;  state: Exp;  lines added/del: 2/2
fixed typo
----------------------------
revision 1.65.1.1        
date: 93/09/28 14:09:45;  author: jimmy;  state: Exp;  lines added/del: 1/1
Initial revision for branch SDKBETA_1_0_0











RCS file:        RCS/ps.tcl,v;   Working file:    ps.tcl
head:            3.13
branch:          
locks:           ;  strict
access list:   

comment leader:  ""
total revisions: 25;    selected revisions: 2
description:
----------------------------
revision 3.13        
date: 93/10/15 02:38:18;  author: joon;  state: Exp;  lines added/del: 8/2
ps: return to original patient:thread after executing command even if Ctrl-C
----------------------------
revision 3.12.1.1        
date: 93/09/28 14:09:35;  author: jimmy;  state: Exp;  lines added/del: 1/1
Initial revision for branch SDKBETA_1_0_0



RCS file:        RCS/ptext.tcl,v;   Working file:    ptext.tcl
head:            1.27
branch:          
locks:           ;  strict
access list:   

comment leader:  ""
total revisions: 36;    selected revisions: 2
description:
Bug fixes
----------------------------
revision 1.27        
date: 93/10/15 03:01:50;  author: joon;  state: Exp;  lines added/del: 2/2
fixed a minor bug in 'ptrange'
----------------------------
revision 1.26.1.1        
date: 93/09/28 14:08:55;  author: jimmy;  state: Exp;  lines added/del: 1/1
Initial revision for branch SDKBETA_1_0_0






RCS file:        RCS/ref.tcl,v;   Working file:    ref.tcl
head:            1.8
branch:          
locks:           ;  strict
access list:   

comment leader:  ""
total revisions: 25;    selected revisions: 2
description:
Initial version copied from /usr/public/inst on 4/5/91.
Cleaned up and given swat help.
----------------------------
revision 1.8        
date: 93/09/23 19:24:31;  author: jenny;  state: Exp;  lines added/del: 65/15
branches:  1.8.1;  
fixed unix-only functions not to allow themselves to try running
from DOS
----------------------------
revision 1.8.1.1        
date: 93/09/28 14:05:11;  author: jimmy;  state: Exp;  lines added/del: 1/1
Initial revision for branch SDKBETA_1_0_0




RCS file:        RCS/showcall.tcl,v;   Working file:    showcall.tcl
head:            1.33
branch:          
locks:           ;  strict
access list:   

comment leader:  ""
total revisions: 33;    selected revisions: 2
description:
New file for PC/GEOS V2 showcalls-related TCL functions.  Created for
the purpose of simplifying V2 expansion of these functions.

Doug
----------------------------
revision 1.33        
date: 93/10/07 12:43:54;  author: dubois;  state: Exp;  lines added/del: 7/1
added a require for read-sft-entry
----------------------------
revision 1.32.2.1        
date: 93/09/28 14:07:35;  author: jimmy;  state: Exp;  lines added/del: 1/1
Initial revision for branch SDKBETA_1_0_0



RCS file:        RCS/srclist.tcl,v;   Working file:    srclist.tcl
head:            3.21
branch:          
locks:           ;  strict
access list:   

comment leader:  ""
total revisions: 36;    selected revisions: 7
description:
----------------------------
revision 3.21        
date: 93/10/14 19:21:30;  author: joon;  state: Exp;  lines added/del: 3/2
switch back to patient:thread at the end of 'view'
----------------------------
revision 3.20        
date: 93/09/30 14:33:47;  author: jenny;  state: Exp;  lines added/del: 2/2
fixed typo
----------------------------
revision 3.19        
date: 93/09/28 16:28:21;  author: joon;  state: Exp;  lines added/del: 5/3
added a few more escape characters to convert-backslash
----------------------------
revision 3.18        
date: 93/09/23 16:22:57;  author: jenny;  state: Exp;  lines added/del: 32/7
branches:  3.18.1;  
fixed view bug
----------------------------
revision 3.17        
date: 93/09/23 15:00:10;  author: dubois;  state: Exp;  lines added/del: 2/2
changed an else if to elif
----------------------------
revision 3.16        
date: 93/09/23 03:06:08;  author: joon;  state: Exp;  lines added/del: 8/3
don't display line numbers for docs
----------------------------
revision 3.18.1.1        
date: 93/09/28 14:04:16;  author: jimmy;  state: Exp;  lines added/del: 1/1
Initial revision for branch SDKBETA_1_0_0


RCS file:        RCS/stack.tcl,v;   Working file:    stack.tcl
head:            3.49
branch:          
locks:           ;  strict
access list:   

comment leader:  ""
total revisions: 56;    selected revisions: 5
description:
----------------------------
revision 3.49        
date: 93/10/14 18:33:31;  author: jimmy;  state: Exp;  lines added/del: 20/2
added support for backtracing with gym files
----------------------------
revision 3.48        
date: 93/10/07 17:49:09;  author: adam;  state: Exp;  lines added/del: 20/20
added passing of garnered state to repeated dumpstack
----------------------------
revision 3.47        
date: 93/09/30 14:38:47;  author: jenny;  state: Exp;  lines added/del: 3/10
broke out reg-name subroutine from locals-callback and put it in swat.tcl
----------------------------
revision 3.46        
date: 93/09/28 17:56:47;  author: jenny;  state: Exp;  lines added/del: 2/2
added missing parentheses
----------------------------
revision 3.45.1.1        
date: 93/09/28 14:04:44;  author: jimmy;  state: Exp;  lines added/del: 1/1
Initial revision for branch SDKBETA_1_0_0


RCS file:        RCS/swat.tcl,v;   Working file:    swat.tcl
head:            3.57
branch:          
locks:           ;  strict
access list:   

comment leader:  ""
total revisions: 126;    selected revisions: 4
description:
----------------------------
revision 3.57        
date: 93/10/14 18:23:49;  author: jimmy;  state: Exp;  lines added/del: 27/20
changed attach to connect
----------------------------
revision 3.56        
date: 93/09/30 14:36:22;  author: jenny;  state: Exp;  lines added/del: 15/1
added reg-name subroutine
----------------------------
revision 3.55        
date: 93/09/23 19:26:15;  author: jenny;  state: Exp;  lines added/del: 17/4
branches:  3.55.1;  
fixed unix-only functions not to allow themselves to try running
from DOS
----------------------------
revision 3.55.1.1        
date: 93/09/28 14:07:06;  author: jimmy;  state: Exp;  lines added/del: 1/1
Initial revision for branch SDKBETA_1_0_0


RCS file:        RCS/tbrk.tcl,v;   Working file:    tbrk.tcl
head:            1.15
branch:          
locks:           ;  strict
access list:   

comment leader:  ""
total revisions: 27;    selected revisions: 3
description:
Routines to implement tally breakpoints
----------------------------
revision 1.15        
date: 93/10/15 16:36:09;  author: dubois;  state: Exp;  lines added/del: 8/8
nothing
----------------------------
revision 1.14        
date: 93/10/07 17:50:26;  author: adam;  state: Exp;  lines added/del: 14/1
added "address" subcommand for tcov to use
----------------------------
revision 1.13.1.1        
date: 93/09/28 14:09:03;  author: jimmy;  state: Exp;  lines added/del: 1/1
Initial revision for branch SDKBETA_1_0_0






RCS file:        RCS/toplevel.tcl,v;   Working file:    toplevel.tcl
head:            3.19
branch:          
locks:           ;  strict
access list:   

comment leader:  ""
total revisions: 29;    selected revisions: 2
description:
----------------------------
revision 3.19        
date: 93/10/15 16:20:40;  author: dubois;  state: Exp;  lines added/del: 21/10
fixed some completion-related bugs
----------------------------
revision 3.18.1.1        
date: 93/09/28 14:09:24;  author: jimmy;  state: Exp;  lines added/del: 1/1
Initial revision for branch SDKBETA_1_0_0


RCS file:        RCS/user.tcl,v;   Working file:    user.tcl
head:            3.32
branch:          
locks:           ;  strict
access list:   

comment leader:  ""
total revisions: 30;    selected revisions: 3
description:
----------------------------
revision 3.32        
date: 93/09/23 10:04:57;  author: doug;  state: Exp;  lines added/del: 5/1
branches:  3.32.1;  
incorporating changes from 3.28.7.5
----------------------------
revision 3.28.7.5        
date: 93/09/23 10:04:49;  author: doug;  state: Exp;  lines added/del: 5/1
Fix cup -a
----------------------------
revision 3.32.1.1        
date: 93/09/28 14:07:25;  author: jimmy;  state: Exp;  lines added/del: 1/1
Initial revision for branch SDKBETA_1_0_0




RCS file:        RCS/whatis.tcl,v;   Working file:    whatis.tcl
head:            1.8
branch:          
locks:           ;  strict
access list:   

comment leader:  ""
total revisions: 25;    selected revisions: 2
description:
commands for examining scopes and symbols easily
----------------------------
revision 1.8        
date: 93/10/07 17:51:21;  author: adam;  state: Exp;  lines added/del: 11/6
added optional "class" arg to pscope
----------------------------
revision 1.7.1.1        
date: 93/09/28 14:04:40;  author: jimmy;  state: Exp;  lines added/del: 1/1
Initial revision for branch SDKBETA_1_0_0




