
Grammar
rule 1    file ->		/* empty */
rule 2    file -> file line '\n'
rule 3    line -> RESOURCE THING
rule 4    line -> RESOURCE THING THING
rule 5    line -> GEODE_LONG_NAME THING
rule 6    line -> THING THING THING THING THING THING THING
rule 7    line -> PROTOCOL THING THING
rule 8    line ->		/* empty */

Terminals, with rules where they appear

$ (-1)
'\n' (10) 2
error (256)
RESOURCE (258) 3 4
GEODE_LONG_NAME (259) 5
PROTOCOL (260) 7
THING (261) 3 4 5 6 7

Nonterminals, with rules where they appear

file (8)
    on left: 1 2, on right: 2
line (9)
    on left: 3 4 5 6 7 8, on right: 2


state 0

    $default	reduce using rule 1 (file)

    file	go to state 1



state 1

    file  ->  file . line '\n'   (rule 2)

    $   	go to state 19
    RESOURCE	shift, and go to state 2
    GEODE_LONG_NAME	shift, and go to state 3
    PROTOCOL	shift, and go to state 4
    THING	shift, and go to state 5

    $default	reduce using rule 8 (line)

    line	go to state 6



state 2

    line  ->  RESOURCE . THING   (rule 3)
    line  ->  RESOURCE . THING THING   (rule 4)

    THING	shift, and go to state 7



state 3

    line  ->  GEODE_LONG_NAME . THING   (rule 5)

    THING	shift, and go to state 8



state 4

    line  ->  PROTOCOL . THING THING   (rule 7)

    THING	shift, and go to state 9



state 5

    line  ->  THING . THING THING THING THING THING THING   (rule 6)

    THING	shift, and go to state 10



state 6

    file  ->  file line . '\n'   (rule 2)

    '\n'	shift, and go to state 11



state 7

    line  ->  RESOURCE THING .   (rule 3)
    line  ->  RESOURCE THING . THING   (rule 4)

    THING	shift, and go to state 12

    $default	reduce using rule 3 (line)



state 8

    line  ->  GEODE_LONG_NAME THING .   (rule 5)

    $default	reduce using rule 5 (line)



state 9

    line  ->  PROTOCOL THING . THING   (rule 7)

    THING	shift, and go to state 13



state 10

    line  ->  THING THING . THING THING THING THING THING   (rule 6)

    THING	shift, and go to state 14



state 11

    file  ->  file line '\n' .   (rule 2)

    $default	reduce using rule 2 (file)



state 12

    line  ->  RESOURCE THING THING .   (rule 4)

    $default	reduce using rule 4 (line)



state 13

    line  ->  PROTOCOL THING THING .   (rule 7)

    $default	reduce using rule 7 (line)



state 14

    line  ->  THING THING THING . THING THING THING THING   (rule 6)

    THING	shift, and go to state 15



state 15

    line  ->  THING THING THING THING . THING THING THING   (rule 6)

    THING	shift, and go to state 16



state 16

    line  ->  THING THING THING THING THING . THING THING   (rule 6)

    THING	shift, and go to state 17



state 17

    line  ->  THING THING THING THING THING THING . THING   (rule 6)

    THING	shift, and go to state 18



state 18

    line  ->  THING THING THING THING THING THING THING .   (rule 6)

    $default	reduce using rule 6 (line)



state 19

    $   	go to state 20



state 20

    $default	accept
