G:\perforce\pcgeos\Library\Kernel\
G:\perforce\pcgeos\Library\Kernel\Boot\bootBoot.asm
G:\perforce\pcgeos\Library\Kernel\Boot\bootInit.asm
G:\perforce\pcgeos\Library\Kernel\Boot\bootInitfile.asm
G:\perforce\pcgeos\Library\Kernel\Boot\bootLog.asm
G:\perforce\pcgeos\Library\Kernel\Boot\bootManager.asm
G:\perforce\pcgeos\Library\Kernel\Boot\bootStrings.asm
G:\perforce\pcgeos\Library\Kernel\DBase\dbaseC.asm
G:\perforce\pcgeos\Library\Kernel\DBase\dbaseCode.asm
G:\perforce\pcgeos\Library\Kernel\DBase\dbaseErrorCheck.asm
G:\perforce\pcgeos\Library\Kernel\DBase\dbaseGroup.asm
G:\perforce\pcgeos\Library\Kernel\DBase\dbaseItemBlock.asm
G:\perforce\pcgeos\Library\Kernel\DBase\dbaseManager.asm
G:\perforce\pcgeos\Library\Kernel\DBase\dbaseMapBlk.asm
G:\perforce\pcgeos\Library\Kernel\DBase\dbaseRegister.asm
G:\perforce\pcgeos\Library\Kernel\DBase\dbaseStructure.asm
G:\perforce\pcgeos\Library\Kernel\Disk\diskC.asm
G:\perforce\pcgeos\Library\Kernel\Disk\diskEC.asm
G:\perforce\pcgeos\Library\Kernel\Disk\diskHigh.asm
G:\perforce\pcgeos\Library\Kernel\Disk\diskInit.asm
G:\perforce\pcgeos\Library\Kernel\Disk\diskKernelHigh.asm
G:\perforce\pcgeos\Library\Kernel\Disk\diskManager.asm
G:\perforce\pcgeos\Library\Kernel\Disk\diskTable.asm
G:\perforce\pcgeos\Library\Kernel\Diskcopy\diskcopyEC.asm
G:\perforce\pcgeos\Library\Kernel\Diskcopy\diskcopyHigh.asm
G:\perforce\pcgeos\Library\Kernel\Diskcopy\diskcopyIoctl.asm
G:\perforce\pcgeos\Library\Kernel\Diskcopy\diskcopyReadWrite.asm
G:\perforce\pcgeos\Library\Kernel\Dosappl\dosapplC.asm
G:\perforce\pcgeos\Library\Kernel\Dosappl\dosapplLocate.asm
G:\perforce\pcgeos\Library\Kernel\Dosappl\dosapplMain.asm
G:\perforce\pcgeos\Library\Kernel\Dosappl\dosapplManager.asm
G:\perforce\pcgeos\Library\Kernel\Drive\driveC.asm
G:\perforce\pcgeos\Library\Kernel\Drive\driveEC.asm
G:\perforce\pcgeos\Library\Kernel\Drive\driveHigh.asm
G:\perforce\pcgeos\Library\Kernel\Drive\driveInit.asm
G:\perforce\pcgeos\Library\Kernel\Drive\driveLow.asm
G:\perforce\pcgeos\Library\Kernel\Drive\driveManager.asm
G:\perforce\pcgeos\Library\Kernel\File\fileC.asm
G:\perforce\pcgeos\Library\Kernel\File\fileEC.asm
G:\perforce\pcgeos\Library\Kernel\File\fileEnum.asm
G:\perforce\pcgeos\Library\Kernel\File\fileFile.asm
G:\perforce\pcgeos\Library\Kernel\File\fileInit.asm
G:\perforce\pcgeos\Library\Kernel\File\fileIO.asm
G:\perforce\pcgeos\Library\Kernel\File\fileLink.asm
G:\perforce\pcgeos\Library\Kernel\File\fileList.asm
G:\perforce\pcgeos\Library\Kernel\File\fileManager.asm
G:\perforce\pcgeos\Library\Kernel\File\fileOpenClose.asm
G:\perforce\pcgeos\Library\Kernel\File\filePath.asm
G:\perforce\pcgeos\Library\Kernel\File\fileSync.asm
G:\perforce\pcgeos\Library\Kernel\File\fileUtils.asm
G:\perforce\pcgeos\Library\Kernel\Format\format.asm
G:\perforce\pcgeos\Library\Kernel\Format\formatFormat.asm
G:\perforce\pcgeos\Library\Kernel\Format\formatInit.asm
G:\perforce\pcgeos\Library\Kernel\Format\formatIoctl.asm
G:\perforce\pcgeos\Library\Kernel\Format\formatLow.asm
G:\perforce\pcgeos\Library\Kernel\Format\formatVerify.asm
G:\perforce\pcgeos\Library\Kernel\FSD\fsdDisk.asm
G:\perforce\pcgeos\Library\Kernel\FSD\fsdDrive.asm
G:\perforce\pcgeos\Library\Kernel\FSD\fsdEC.asm
G:\perforce\pcgeos\Library\Kernel\FSD\fsdFile.asm
G:\perforce\pcgeos\Library\Kernel\FSD\fsdInit.asm
G:\perforce\pcgeos\Library\Kernel\FSD\fsdManager.asm
G:\perforce\pcgeos\Library\Kernel\FSD\fsdSkeleton.asm
G:\perforce\pcgeos\Library\Kernel\FSD\fsdUtils.asm
G:\perforce\pcgeos\Library\Kernel\Geodes\geodesAccess.asm
G:\perforce\pcgeos\Library\Kernel\Geodes\geodesAnalysis.asm
G:\perforce\pcgeos\Library\Kernel\Geodes\geodesC.asm
G:\perforce\pcgeos\Library\Kernel\Geodes\geodesDriver.asm
G:\perforce\pcgeos\Library\Kernel\Geodes\geodesErrorCheck.asm
G:\perforce\pcgeos\Library\Kernel\Geodes\geodesEvent.asm
G:\perforce\pcgeos\Library\Kernel\Geodes\geodesHandle.asm
G:\perforce\pcgeos\Library\Kernel\Geodes\geodesInit.asm
G:\perforce\pcgeos\Library\Kernel\Geodes\geodesLibrary.asm
G:\perforce\pcgeos\Library\Kernel\Geodes\geodesLoad.asm
G:\perforce\pcgeos\Library\Kernel\Geodes\geodesManager.asm
G:\perforce\pcgeos\Library\Kernel\Geodes\geodesPatch.asm
G:\perforce\pcgeos\Library\Kernel\Geodes\geodesPatchCoreBlock.asm
G:\perforce\pcgeos\Library\Kernel\Geodes\geodesPatchFile.asm
G:\perforce\pcgeos\Library\Kernel\Geodes\geodesPatchInit.asm
G:\perforce\pcgeos\Library\Kernel\Geodes\geodesPatchResource.asm
G:\perforce\pcgeos\Library\Kernel\Geodes\geodesPatchXIP.asm
G:\perforce\pcgeos\Library\Kernel\Geodes\geodesPriv.asm
G:\perforce\pcgeos\Library\Kernel\Geodes\geodesProcess.asm
G:\perforce\pcgeos\Library\Kernel\Geodes\geodesResource.asm
G:\perforce\pcgeos\Library\Kernel\Geodes\geodesSystem.asm
G:\perforce\pcgeos\Library\Kernel\Geodes\geodesUtils.asm
G:\perforce\pcgeos\Library\Kernel\Graphics\graphicsArc.asm
G:\perforce\pcgeos\Library\Kernel\Graphics\graphicsArcLow.asm
G:\perforce\pcgeos\Library\Kernel\Graphics\graphicsBitmapCreate.asm
G:\perforce\pcgeos\Library\Kernel\Graphics\graphicsBitmapHuge.asm
G:\perforce\pcgeos\Library\Kernel\Graphics\graphicsBitmapString.asm
G:\perforce\pcgeos\Library\Kernel\Graphics\graphicsC.asm
G:\perforce\pcgeos\Library\Kernel\Graphics\graphicsCalcConic.asm
G:\perforce\pcgeos\Library\Kernel\Graphics\graphicsCalcEllipse.asm
G:\perforce\pcgeos\Library\Kernel\Graphics\graphicsChars.asm
G:\perforce\pcgeos\Library\Kernel\Graphics\graphicsColor.asm
G:\perforce\pcgeos\Library\Kernel\Graphics\graphicsEllipse.asm
G:\perforce\pcgeos\Library\Kernel\Graphics\graphicsEllipseLow.asm
G:\perforce\pcgeos\Library\Kernel\Graphics\graphicsFatLine.asm
G:\perforce\pcgeos\Library\Kernel\Graphics\graphicsFont.asm
G:\perforce\pcgeos\Library\Kernel\Graphics\graphicsFontC.asm
G:\perforce\pcgeos\Library\Kernel\Graphics\graphicsFontDriver.asm
G:\perforce\pcgeos\Library\Kernel\Graphics\graphicsGetState.asm
G:\perforce\pcgeos\Library\Kernel\Graphics\graphicsGStringC.asm
G:\perforce\pcgeos\Library\Kernel\Graphics\graphicsImage.asm
G:\perforce\pcgeos\Library\Kernel\Graphics\graphicsInit.asm
G:\perforce\pcgeos\Library\Kernel\Graphics\graphicsLine.asm
G:\perforce\pcgeos\Library\Kernel\Graphics\graphicsLineStyles.asm
G:\perforce\pcgeos\Library\Kernel\Graphics\graphicsManager.asm
G:\perforce\pcgeos\Library\Kernel\Graphics\graphicsMath.asm
G:\perforce\pcgeos\Library\Kernel\Graphics\graphicsMathObscure.asm
G:\perforce\pcgeos\Library\Kernel\Graphics\graphicsOutput.asm
G:\perforce\pcgeos\Library\Kernel\Graphics\graphicsPath.asm
G:\perforce\pcgeos\Library\Kernel\Graphics\graphicsPathLow.asm
G:\perforce\pcgeos\Library\Kernel\Graphics\graphicsPattern.asm
G:\perforce\pcgeos\Library\Kernel\Graphics\graphicsPatternBitmap.asm
G:\perforce\pcgeos\Library\Kernel\Graphics\graphicsPatternHatch.asm
G:\perforce\pcgeos\Library\Kernel\Graphics\graphicsPolygon.asm
G:\perforce\pcgeos\Library\Kernel\Graphics\graphicsPolyline.asm
G:\perforce\pcgeos\Library\Kernel\Graphics\graphicsRaster.asm
G:\perforce\pcgeos\Library\Kernel\Graphics\graphicsRasterDraw.asm
G:\perforce\pcgeos\Library\Kernel\Graphics\graphicsRasterRotate.asm
G:\perforce\pcgeos\Library\Kernel\Graphics\graphicsRasterScale.asm
G:\perforce\pcgeos\Library\Kernel\Graphics\graphicsRasterUtils.asm
G:\perforce\pcgeos\Library\Kernel\Graphics\graphicsRegion.asm
G:\perforce\pcgeos\Library\Kernel\Graphics\graphicsRegionAppl.asm
G:\perforce\pcgeos\Library\Kernel\Graphics\graphicsRegionPath.asm
G:\perforce\pcgeos\Library\Kernel\Graphics\graphicsRegionRaster.asm
G:\perforce\pcgeos\Library\Kernel\Graphics\graphicsRoundedRect.asm
G:\perforce\pcgeos\Library\Kernel\Graphics\graphicsSpline.asm
G:\perforce\pcgeos\Library\Kernel\Graphics\graphicsState.asm
G:\perforce\pcgeos\Library\Kernel\Graphics\graphicsString.asm
G:\perforce\pcgeos\Library\Kernel\Graphics\graphicsStringMisc.asm
G:\perforce\pcgeos\Library\Kernel\Graphics\graphicsStringStore.asm
G:\perforce\pcgeos\Library\Kernel\Graphics\graphicsStringUtils.asm
G:\perforce\pcgeos\Library\Kernel\Graphics\graphicsSubString.asm
G:\perforce\pcgeos\Library\Kernel\Graphics\graphicsTables.asm
G:\perforce\pcgeos\Library\Kernel\Graphics\graphicsText.asm
G:\perforce\pcgeos\Library\Kernel\Graphics\graphicsTextMetrics.asm
G:\perforce\pcgeos\Library\Kernel\Graphics\graphicsTextObject.asm
G:\perforce\pcgeos\Library\Kernel\Graphics\graphicsTextObscure.asm
G:\perforce\pcgeos\Library\Kernel\Graphics\graphicsTransform.asm
G:\perforce\pcgeos\Library\Kernel\Graphics\graphicsTransformSimple.asm
G:\perforce\pcgeos\Library\Kernel\Graphics\graphicsTransformUtils.asm
G:\perforce\pcgeos\Library\Kernel\Graphics\graphicsUtils.asm
G:\perforce\pcgeos\Library\Kernel\Graphics\graphicsWin.asm
G:\perforce\pcgeos\Library\Kernel\Heap\heapC.asm
G:\perforce\pcgeos\Library\Kernel\Heap\heapCompress.asm
G:\perforce\pcgeos\Library\Kernel\Heap\heapCore.asm
G:\perforce\pcgeos\Library\Kernel\Heap\heapErrorCheck.asm
G:\perforce\pcgeos\Library\Kernel\Heap\heapHandle.asm
G:\perforce\pcgeos\Library\Kernel\Heap\heapHigh.asm
G:\perforce\pcgeos\Library\Kernel\Heap\heapInit.asm
G:\perforce\pcgeos\Library\Kernel\Heap\heapLow.asm
G:\perforce\pcgeos\Library\Kernel\Heap\heapManager.asm
G:\perforce\pcgeos\Library\Kernel\Heap\heapScrub.asm
G:\perforce\pcgeos\Library\Kernel\Heap\heapSwap.asm
G:\perforce\pcgeos\Library\Kernel\IM\imInit.asm
G:\perforce\pcgeos\Library\Kernel\IM\imManager.asm
G:\perforce\pcgeos\Library\Kernel\IM\imMisc.asm
G:\perforce\pcgeos\Library\Kernel\IM\imMonitors.asm
G:\perforce\pcgeos\Library\Kernel\IM\imPen.asm
G:\perforce\pcgeos\Library\Kernel\IM\imPtr.asm
G:\perforce\pcgeos\Library\Kernel\IM\imScreenSaver.asm
G:\perforce\pcgeos\Library\Kernel\Initfile\initfileBBRTable.asm
G:\perforce\pcgeos\Library\Kernel\Initfile\initfileC.asm
G:\perforce\pcgeos\Library\Kernel\Initfile\initfileConstruct.asm
G:\perforce\pcgeos\Library\Kernel\Initfile\initfileEC.asm
G:\perforce\pcgeos\Library\Kernel\Initfile\initfileHash.asm
G:\perforce\pcgeos\Library\Kernel\Initfile\initfileHigh.asm
G:\perforce\pcgeos\Library\Kernel\Initfile\initfileLow.asm
G:\perforce\pcgeos\Library\Kernel\Initfile\initfileManager.asm
G:\perforce\pcgeos\Library\Kernel\Initfile\initfileNike.asm
G:\perforce\pcgeos\Library\Kernel\LMem\lmemC.asm
G:\perforce\pcgeos\Library\Kernel\LMem\lmemChunkArray.asm
G:\perforce\pcgeos\Library\Kernel\LMem\lmemCode.asm
G:\perforce\pcgeos\Library\Kernel\LMem\lmemElementArray.asm
G:\perforce\pcgeos\Library\Kernel\LMem\lmemErrorCheck.asm
G:\perforce\pcgeos\Library\Kernel\LMem\lmemGCNList.asm
G:\perforce\pcgeos\Library\Kernel\LMem\lmemManager.asm
G:\perforce\pcgeos\Library\Kernel\LMem\lmemNameArray.asm
G:\perforce\pcgeos\Library\Kernel\LMem\lmemTemp.asm
G:\perforce\pcgeos\Library\Kernel\Local\cmapFrench.asm
G:\perforce\pcgeos\Library\Kernel\Local\cmapLatin1.asm
G:\perforce\pcgeos\Library\Kernel\Local\cmapMulti.asm
G:\perforce\pcgeos\Library\Kernel\Local\cmapNordic.asm
G:\perforce\pcgeos\Library\Kernel\Local\cmapPort.asm
G:\perforce\pcgeos\Library\Kernel\Local\cmapUS.asm
G:\perforce\pcgeos\Library\Kernel\Local\dateTimeFields.asm
G:\perforce\pcgeos\Library\Kernel\Local\dateTimeFormat.asm
G:\perforce\pcgeos\Library\Kernel\Local\dateTimeParse.asm
G:\perforce\pcgeos\Library\Kernel\Local\dosConvert.asm
G:\perforce\pcgeos\Library\Kernel\Local\dosConvertDBCS.asm
G:\perforce\pcgeos\Library\Kernel\Local\dosVariable.asm
G:\perforce\pcgeos\Library\Kernel\Local\gengoDate.asm
G:\perforce\pcgeos\Library\Kernel\Local\kinsokuChars.asm
G:\perforce\pcgeos\Library\Kernel\Local\localC.asm
G:\perforce\pcgeos\Library\Kernel\Local\localDBCS.asm
G:\perforce\pcgeos\Library\Kernel\Local\localInit.asm
G:\perforce\pcgeos\Library\Kernel\Local\localManager.asm
G:\perforce\pcgeos\Library\Kernel\Local\localStrings.asm
G:\perforce\pcgeos\Library\Kernel\Local\numericFormats.asm
G:\perforce\pcgeos\Library\Kernel\Local\numericMeasure.asm
G:\perforce\pcgeos\Library\Kernel\Local\stringCase.asm
G:\perforce\pcgeos\Library\Kernel\Local\stringCaseTables.asm
G:\perforce\pcgeos\Library\Kernel\Local\stringCaseTablesDBCS.asm
G:\perforce\pcgeos\Library\Kernel\Local\stringChar.asm
G:\perforce\pcgeos\Library\Kernel\Local\stringCharTables.asm
G:\perforce\pcgeos\Library\Kernel\Local\stringCharTablesDBCS.asm
G:\perforce\pcgeos\Library\Kernel\Local\stringQuotes.asm
G:\perforce\pcgeos\Library\Kernel\Local\stringSize.asm
G:\perforce\pcgeos\Library\Kernel\Local\stringSort.asm
G:\perforce\pcgeos\Library\Kernel\Local\stringSortTables.asm
G:\perforce\pcgeos\Library\Kernel\Local\stringSortTablesDBCS.asm
G:\perforce\pcgeos\Library\Kernel\Object\objectC.asm
G:\perforce\pcgeos\Library\Kernel\Object\objectClass.asm
G:\perforce\pcgeos\Library\Kernel\Object\objectComposite.asm
G:\perforce\pcgeos\Library\Kernel\Object\objectDup.asm
G:\perforce\pcgeos\Library\Kernel\Object\objectErrorCheck.asm
G:\perforce\pcgeos\Library\Kernel\Object\objectFile.asm
G:\perforce\pcgeos\Library\Kernel\Object\objectInit.asm
G:\perforce\pcgeos\Library\Kernel\Object\objectLinkable.asm
G:\perforce\pcgeos\Library\Kernel\Object\objectManager.asm
G:\perforce\pcgeos\Library\Kernel\Object\objectMeta.asm
G:\perforce\pcgeos\Library\Kernel\Object\objectProcess.asm
G:\perforce\pcgeos\Library\Kernel\Object\objectReloc.asm
G:\perforce\pcgeos\Library\Kernel\Object\objectShutdown.asm
G:\perforce\pcgeos\Library\Kernel\Object\objectState.asm
G:\perforce\pcgeos\Library\Kernel\Object\objectUtils.asm
G:\perforce\pcgeos\Library\Kernel\Object\objectVarData.asm
G:\perforce\pcgeos\Library\Kernel\Sys\sysC.asm
G:\perforce\pcgeos\Library\Kernel\Sys\sysError.asm
G:\perforce\pcgeos\Library\Kernel\Sys\sysErrorNotKCode.asm
G:\perforce\pcgeos\Library\Kernel\Sys\sysInit.asm
G:\perforce\pcgeos\Library\Kernel\Sys\sysInterrupt.asm
G:\perforce\pcgeos\Library\Kernel\Sys\sysManager.asm
G:\perforce\pcgeos\Library\Kernel\Sys\sysMisc.asm
G:\perforce\pcgeos\Library\Kernel\Sys\sysNotification.asm
G:\perforce\pcgeos\Library\Kernel\Sys\sysProfile.asm
G:\perforce\pcgeos\Library\Kernel\Sys\sysScreen.asm
G:\perforce\pcgeos\Library\Kernel\Sys\sysStats.asm
G:\perforce\pcgeos\Library\Kernel\Sys\sysUtilWindow.asm
G:\perforce\pcgeos\Library\Kernel\Thread\threadC.asm
G:\perforce\pcgeos\Library\Kernel\Thread\threadErrorCheck.asm
G:\perforce\pcgeos\Library\Kernel\Thread\threadException.asm
G:\perforce\pcgeos\Library\Kernel\Thread\threadInit.asm
G:\perforce\pcgeos\Library\Kernel\Thread\threadManager.asm
G:\perforce\pcgeos\Library\Kernel\Thread\threadPrivate.asm
G:\perforce\pcgeos\Library\Kernel\Thread\threadProfile.asm
G:\perforce\pcgeos\Library\Kernel\Thread\threadSem.asm
G:\perforce\pcgeos\Library\Kernel\Thread\threadThread.asm
G:\perforce\pcgeos\Library\Kernel\Timer\timerC.asm
G:\perforce\pcgeos\Library\Kernel\Timer\timerInit.asm
G:\perforce\pcgeos\Library\Kernel\Timer\timerInt.asm
G:\perforce\pcgeos\Library\Kernel\Timer\timerList.asm
G:\perforce\pcgeos\Library\Kernel\Timer\timerManager.asm
G:\perforce\pcgeos\Library\Kernel\Timer\timerMisc.asm
G:\perforce\pcgeos\Library\Kernel\VMem\vmemBlkManip.asm
G:\perforce\pcgeos\Library\Kernel\VMem\vmemC.asm
G:\perforce\pcgeos\Library\Kernel\VMem\vmemChain.asm
G:\perforce\pcgeos\Library\Kernel\VMem\vmemEC.asm
G:\perforce\pcgeos\Library\Kernel\VMem\vmemHeader.asm
G:\perforce\pcgeos\Library\Kernel\VMem\vmemHigh.asm
G:\perforce\pcgeos\Library\Kernel\VMem\vmemHugeArray.asm
G:\perforce\pcgeos\Library\Kernel\VMem\vmemKernelHigh.asm
G:\perforce\pcgeos\Library\Kernel\VMem\vmemLow.asm
G:\perforce\pcgeos\Library\Kernel\VMem\vmemManager.asm
G:\perforce\pcgeos\Library\Kernel\VMem\vmemObject.asm
G:\perforce\pcgeos\Library\Kernel\Win\winC.asm
G:\perforce\pcgeos\Library\Kernel\Win\winCreDest.asm
G:\perforce\pcgeos\Library\Kernel\Win\winGeode.asm
G:\perforce\pcgeos\Library\Kernel\Win\winIndividual.asm
G:\perforce\pcgeos\Library\Kernel\Win\winInit.asm
G:\perforce\pcgeos\Library\Kernel\Win\winManager.asm
G:\perforce\pcgeos\Library\Kernel\Win\winNotification.asm
G:\perforce\pcgeos\Library\Kernel\Win\winState.asm
G:\perforce\pcgeos\Library\Kernel\Win\winTrans.asm
G:\perforce\pcgeos\Library\Kernel\Win\winUtils.asm
G:\perforce\pcgeos\Library\Kernel\Win\winWindows.asm
